[ 2018-07-02T09:19:57+08:00 ] 101.227.151.57 /wxshare/index.php/Share/index
INFO: [ app_init ] --START--
INFO: Run Behavior\BuildLiteBehavior [ RunTime:0.000006s ]
INFO: [ app_init ] --END-- [ RunTime:0.000030s ]
INFO: [ app_begin ] --START--
INFO: Run Behavior\ReadHtmlCacheBehavior [ RunTime:0.000247s ]
INFO: [ app_begin ] --END-- [ RunTime:0.000266s ]
NOTIC: [2] Declaration of Home\Controller\ShareController::show() should be compatible with Think\Controller::show($content, $charset = '', $contentType = '', $prefix = '') /data/wwwroot/livenew.yunbaozhibo.com/wxshare/Application/Home/Controller/ShareController.class.php 第 619 行.
SQL: SHOW COLUMNS FROM `cmf_config` [ RunTime:0.0009s ]
SQL: SELECT * FROM `cmf_config` WHERE ( id='1' ) LIMIT 1   [ RunTime:0.0002s ]
SQL: select l.uid,l.avatar,l.avatar_thumb,l.user_nicename,l.title,l.city,l.stream,l.pull,l.thumb from cmf_users_live l left join cmf_users u on l.uid=u.id where l.islive= '1'  order by u.isrecommend desc,l.starttime desc limit 0,20 [ RunTime:0.0269s ]
INFO: [ view_parse ] --START--
INFO: [ template_filter ] --START--
INFO: Run Behavior\ContentReplaceBehavior [ RunTime:0.000042s ]
INFO: [ template_filter ] --END-- [ RunTime:0.000072s ]
INFO: Run Behavior\ParseTemplateBehavior [ RunTime:0.004716s ]
INFO: [ view_parse ] --END-- [ RunTime:0.004756s ]
INFO: [ view_filter ] --START--
INFO: Run Behavior\WriteHtmlCacheBehavior [ RunTime:0.000147s ]
INFO: [ view_filter ] --END-- [ RunTime:0.000166s ]
INFO: [ app_end ] --START--
INFO: Run Behavior\ShowPageTraceBehavior [ RunTime:0.000394s ]
INFO: [ app_end ] --END-- [ RunTime:0.000419s ]

[ 2018-07-02T09:45:11+08:00 ] 122.97.179.138 /wxshare/index.php/Share/index
INFO: [ app_init ] --START--
INFO: Run Behavior\BuildLiteBehavior [ RunTime:0.000009s ]
INFO: [ app_init ] --END-- [ RunTime:0.000041s ]
INFO: [ app_begin ] --START--
INFO: Run Behavior\ReadHtmlCacheBehavior [ RunTime:0.000225s ]
INFO: [ app_begin ] --END-- [ RunTime:0.000248s ]
NOTIC: [2] Declaration of Home\Controller\ShareController::show() should be compatible with Think\Controller::show($content, $charset = '', $contentType = '', $prefix = '') /data/wwwroot/livenew.yunbaozhibo.com/wxshare/Application/Home/Controller/ShareController.class.php 第 619 行.
SQL: SHOW COLUMNS FROM `cmf_config` [ RunTime:0.0009s ]
SQL: SELECT * FROM `cmf_config` WHERE ( id='1' ) LIMIT 1   [ RunTime:0.0002s ]
SQL: select l.uid,l.avatar,l.avatar_thumb,l.user_nicename,l.title,l.city,l.stream,l.pull,l.thumb from cmf_users_live l left join cmf_users u on l.uid=u.id where l.islive= '1'  order by u.isrecommend desc,l.starttime desc limit 0,20 [ RunTime:0.0007s ]
INFO: [ view_parse ] --START--
INFO: [ template_filter ] --START--
INFO: Run Behavior\ContentReplaceBehavior [ RunTime:0.000030s ]
INFO: [ template_filter ] --END-- [ RunTime:0.000049s ]
INFO: Run Behavior\ParseTemplateBehavior [ RunTime:0.003321s ]
INFO: [ view_parse ] --END-- [ RunTime:0.003349s ]
INFO: [ view_filter ] --START--
INFO: Run Behavior\WriteHtmlCacheBehavior [ RunTime:0.000115s ]
INFO: [ view_filter ] --END-- [ RunTime:0.000130s ]
INFO: [ app_end ] --START--
INFO: Run Behavior\ShowPageTraceBehavior [ RunTime:0.000331s ]
INFO: [ app_end ] --END-- [ RunTime:0.000352s ]

