[ 2018-08-12T17:08:43+08:00 ] 106.38.132.230 /wxshare/index.php/Share/show?roomnum=9005&from=timeline&isappinstalled=0
INFO: [ app_init ] --START--
INFO: Run Behavior\BuildLiteBehavior [ RunTime:0.000006s ]
INFO: [ app_init ] --END-- [ RunTime:0.000028s ]
INFO: [ app_begin ] --START--
INFO: Run Behavior\ReadHtmlCacheBehavior [ RunTime:0.000359s ]
INFO: [ app_begin ] --END-- [ RunTime:0.000378s ]
NOTIC: [2] Declaration of Home\Controller\ShareController::show() should be compatible with Think\Controller::show($content, $charset = '', $contentType = '', $prefix = '') /data/wwwroot/livenew.yunbaozhibo.com/wxshare/Application/Home/Controller/ShareController.class.php 第 619 行.
SQL: SHOW COLUMNS FROM `cmf_users` [ RunTime:0.0007s ]
SQL: SHOW COLUMNS FROM `cmf_users_live` [ RunTime:0.0004s ]
SQL: SHOW COLUMNS FROM `cmf_config_private` [ RunTime:0.0007s ]
SQL: SELECT * FROM `cmf_config_private` WHERE ( id='1' ) LIMIT 1   [ RunTime:0.0002s ]
SQL: SHOW COLUMNS FROM `cmf_config` [ RunTime:0.0005s ]
SQL: SELECT * FROM `cmf_config` WHERE ( id='1' ) LIMIT 1   [ RunTime:0.0001s ]
SQL: SELECT `uid`,`user_nicename`,`avatar`,`avatar_thumb`,`islive`,`stream`,`pull`,`isvideo`,`type`,`goodnum` FROM `cmf_users_live` WHERE ( uid='9005' and islive='1' ) LIMIT 1   [ RunTime:0.0003s ]
SQL: SELECT `id`,`user_nicename`,`avatar`,`avatar_thumb` FROM `cmf_users` WHERE ( id='9005' ) LIMIT 1   [ RunTime:0.0003s ]
SQL: SHOW COLUMNS FROM `cmf_liang` [ RunTime:0.0004s ]
SQL: SELECT * FROM `cmf_liang` WHERE ( uid=9005 and status=1 and state=1 ) LIMIT 1   [ RunTime:0.0002s ]
NOTIC: [8] Undefined index: isvideo /data/wwwroot/livenew.yunbaozhibo.com/wxshare/Application/Home/Controller/ShareController.class.php 第 61 行.
NOTIC: [8] Undefined index: type /data/wwwroot/livenew.yunbaozhibo.com/wxshare/Application/Home/Controller/ShareController.class.php 第 67 行.
NOTIC: [8] Undefined variable: userinfo /data/wwwroot/livenew.yunbaozhibo.com/wxshare/Application/Home/Controller/ShareController.class.php 第 83 行.
NOTIC: [8] Undefined variable: userinfo /data/wwwroot/livenew.yunbaozhibo.com/wxshare/Application/Home/Controller/ShareController.class.php 第 84 行.
INFO: [ view_parse ] --START--
INFO: [ template_filter ] --START--
INFO: Run Behavior\ContentReplaceBehavior [ RunTime:0.000142s ]
INFO: [ template_filter ] --END-- [ RunTime:0.000162s ]
NOTIC: [8] Undefined index: stream /data/wwwroot/livenew.yunbaozhibo.com/wxshare/Application/Runtime/Cache/Home/fc1b44603069baeed8bb5c39d030251e.php 第 24 行.
NOTIC: [8] Undefined index: type /data/wwwroot/livenew.yunbaozhibo.com/wxshare/Application/Runtime/Cache/Home/fc1b44603069baeed8bb5c39d030251e.php 第 123 行.
NOTIC: [8] Undefined index: type /data/wwwroot/livenew.yunbaozhibo.com/wxshare/Application/Runtime/Cache/Home/fc1b44603069baeed8bb5c39d030251e.php 第 124 行.
INFO: Run Behavior\ParseTemplateBehavior [ RunTime:0.005987s ]
INFO: [ view_parse ] --END-- [ RunTime:0.006007s ]
INFO: [ view_filter ] --START--
INFO: Run Behavior\WriteHtmlCacheBehavior [ RunTime:0.000240s ]
INFO: [ view_filter ] --END-- [ RunTime:0.000261s ]
INFO: [ app_end ] --START--
INFO: Run Behavior\ShowPageTraceBehavior [ RunTime:0.000449s ]
INFO: [ app_end ] --END-- [ RunTime:0.000467s ]

[ 2018-08-12T17:08:44+08:00 ] 106.38.132.230 /wxshare/index.php/Share/wxLogin?roomnum=9005
INFO: [ app_init ] --START--
INFO: Run Behavior\BuildLiteBehavior [ RunTime:0.000008s ]
INFO: [ app_init ] --END-- [ RunTime:0.000032s ]
INFO: [ app_begin ] --START--
INFO: Run Behavior\ReadHtmlCacheBehavior [ RunTime:0.000205s ]
INFO: [ app_begin ] --END-- [ RunTime:0.000224s ]
NOTIC: [2] Declaration of Home\Controller\ShareController::show() should be compatible with Think\Controller::show($content, $charset = '', $contentType = '', $prefix = '') /data/wwwroot/livenew.yunbaozhibo.com/wxshare/Application/Home/Controller/ShareController.class.php 第 619 行.
SQL: SHOW COLUMNS FROM `cmf_config_private` [ RunTime:0.0009s ]
SQL: SELECT * FROM `cmf_config_private` WHERE ( id='1' ) LIMIT 1   [ RunTime:0.0002s ]
NOTIC: [8] A session had already been started - ignoring session_start() /data/wwwroot/livenew.yunbaozhibo.com/wxshare/Application/Home/Controller/ShareController.class.php 第 96 行.
INFO: [ app_end ] --START--
INFO: Run Behavior\ShowPageTraceBehavior [ RunTime:0.000270s ]
INFO: [ app_end ] --END-- [ RunTime:0.000289s ]

[ 2018-08-12T17:08:47+08:00 ] 106.38.132.230 /wxshare/index.php/Share/wxLoginCallback?roomnum=9005&code=001CmGf20AbiQE1eOog200whf20CmGf3&state=f9f939c8f43f07c4ae4c9f02a4f69847
INFO: [ app_init ] --START--
INFO: Run Behavior\BuildLiteBehavior [ RunTime:0.000006s ]
INFO: [ app_init ] --END-- [ RunTime:0.000028s ]
INFO: [ app_begin ] --START--
INFO: Run Behavior\ReadHtmlCacheBehavior [ RunTime:0.000228s ]
INFO: [ app_begin ] --END-- [ RunTime:0.000247s ]
NOTIC: [2] Declaration of Home\Controller\ShareController::show() should be compatible with Think\Controller::show($content, $charset = '', $contentType = '', $prefix = '') /data/wwwroot/livenew.yunbaozhibo.com/wxshare/Application/Home/Controller/ShareController.class.php 第 619 行.
SQL: SHOW COLUMNS FROM `cmf_config_private` [ RunTime:0.0009s ]
SQL: SELECT * FROM `cmf_config_private` WHERE ( id='1' ) LIMIT 1   [ RunTime:0.0002s ]
SQL: SHOW COLUMNS FROM `cmf_users` [ RunTime:0.0009s ]
SQL: SELECT `id`,`user_login`,`user_nicename`,`avatar`,`avatar_thumb`,`sex`,`signature`,`consumption`,`votestotal`,`province`,`city`,`coin`,`votes`,`birthday`,`issuper` FROM `cmf_users` WHERE ( openid!='' and openid='oAPK4wURaYdh6yXLupbGKolHCQJs' ) LIMIT 1   [ RunTime:0.0085s ]
SQL: INSERT INTO `cmf_users` (`openid`,`user_login`,`user_pass`,`user_nicename`,`sex`,`avatar`,`avatar_thumb`,`login_type`,`last_login_ip`,`create_time`,`last_login_time`,`user_status`,`user_type`,`signature`) VALUES ('oAPK4wURaYdh6yXLupbGKolHCQJs','wx_1534064927CQJs','###73b13b8b4d767f6c3c2953f123d1a721','布吉岛','1','http://thirdwx.qlogo.cn/mmopen/vi_32/DYAIOgq83epH7DCou3qZuUTkR8DkwgKvJQHjWX28wCLmfQo1a3D8zmGh4aib5Olz0DduNGZib4cib9mU1zw41b4iag/132','http://thirdwx.qlogo.cn/mmopen/vi_32/DYAIOgq83epH7DCou3qZuUTkR8DkwgKvJQHjWX28wCLmfQo1a3D8zmGh4aib5Olz0DduNGZib4cib9mU1zw41b4iag/132','wx','106.38.132.230','2018-08-12 17:08:47','2018-08-12 17:08:47','1','2','这家伙很懒，什么都没留下') [ RunTime:0.0034s ]
SQL: SELECT `id`,`user_login`,`user_nicename`,`avatar`,`avatar_thumb`,`sex`,`signature`,`consumption`,`votestotal`,`province`,`city`,`coin`,`votes`,`birthday`,`issuper` FROM `cmf_users` WHERE ( id='20864' ) LIMIT 1   [ RunTime:0.0004s ]
SQL: SELECT * FROM `cmf_config_private` WHERE ( id='1' ) LIMIT 1   [ RunTime:0.0001s ]
SQL: SHOW COLUMNS FROM `cmf_experlevel` [ RunTime:0.0005s ]
SQL: SELECT `levelid`,`level_up` FROM `cmf_experlevel` ORDER BY level_up asc  [ RunTime:0.0001s ]
SQL: SELECT * FROM `cmf_config_private` WHERE ( id='1' ) LIMIT 1   [ RunTime:0.0001s ]
NOTIC: [8] Undefined variable: level_a /data/wwwroot/livenew.yunbaozhibo.com/wxshare/Application/Common/Common/function.php 第 184 行.
SQL: UPDATE `cmf_users` SET `token`='12dbaeb723c95c60b26eccf2f9ed6e8d',`expiretime`='1559984927' WHERE ( id='20864' ) [ RunTime:0.0019s ]
INFO: [ app_end ] --START--
INFO: Run Behavior\ShowPageTraceBehavior [ RunTime:0.000424s ]
INFO: [ app_end ] --END-- [ RunTime:0.000446s ]

[ 2018-08-12T17:08:47+08:00 ] 106.38.132.230 /wxshare/index.php/Share/show?roomnum=9005
INFO: [ app_init ] --START--
INFO: Run Behavior\BuildLiteBehavior [ RunTime:0.000006s ]
INFO: [ app_init ] --END-- [ RunTime:0.000031s ]
INFO: [ app_begin ] --START--
INFO: Run Behavior\ReadHtmlCacheBehavior [ RunTime:0.000264s ]
INFO: [ app_begin ] --END-- [ RunTime:0.000287s ]
NOTIC: [2] Declaration of Home\Controller\ShareController::show() should be compatible with Think\Controller::show($content, $charset = '', $contentType = '', $prefix = '') /data/wwwroot/livenew.yunbaozhibo.com/wxshare/Application/Home/Controller/ShareController.class.php 第 619 行.
SQL: SHOW COLUMNS FROM `cmf_users` [ RunTime:0.0008s ]
SQL: SHOW COLUMNS FROM `cmf_users_live` [ RunTime:0.0004s ]
SQL: SHOW COLUMNS FROM `cmf_config_private` [ RunTime:0.0007s ]
SQL: SELECT * FROM `cmf_config_private` WHERE ( id='1' ) LIMIT 1   [ RunTime:0.0002s ]
SQL: SHOW COLUMNS FROM `cmf_config` [ RunTime:0.0005s ]
SQL: SELECT * FROM `cmf_config` WHERE ( id='1' ) LIMIT 1   [ RunTime:0.0001s ]
SQL: SELECT `uid`,`user_nicename`,`avatar`,`avatar_thumb`,`islive`,`stream`,`pull`,`isvideo`,`type`,`goodnum` FROM `cmf_users_live` WHERE ( uid='9005' and islive='1' ) LIMIT 1   [ RunTime:0.0001s ]
SQL: SELECT `id`,`user_nicename`,`avatar`,`avatar_thumb` FROM `cmf_users` WHERE ( id='9005' ) LIMIT 1   [ RunTime:0.0003s ]
SQL: SHOW COLUMNS FROM `cmf_liang` [ RunTime:0.0004s ]
SQL: SELECT * FROM `cmf_liang` WHERE ( uid=9005 and status=1 and state=1 ) LIMIT 1   [ RunTime:0.0001s ]
NOTIC: [8] Undefined index: isvideo /data/wwwroot/livenew.yunbaozhibo.com/wxshare/Application/Home/Controller/ShareController.class.php 第 61 行.
NOTIC: [8] Undefined index: type /data/wwwroot/livenew.yunbaozhibo.com/wxshare/Application/Home/Controller/ShareController.class.php 第 67 行.
SQL: SELECT `id`,`user_login`,`user_nicename`,`avatar`,`avatar_thumb`,`sex`,`signature`,`consumption`,`votestotal`,`province`,`city`,`coin`,`votes`,`token`,`birthday`,`issuper` FROM `cmf_users` WHERE ( id='20864' ) LIMIT 1   [ RunTime:0.0002s ]
SQL: SELECT * FROM `cmf_config_private` WHERE ( id='1' ) LIMIT 1   [ RunTime:0.0001s ]
SQL: SHOW COLUMNS FROM `cmf_experlevel` [ RunTime:0.0003s ]
SQL: SELECT `levelid`,`level_up` FROM `cmf_experlevel` ORDER BY level_up asc  [ RunTime:0.0001s ]
SQL: SELECT * FROM `cmf_config_private` WHERE ( id='1' ) LIMIT 1   [ RunTime:0.0001s ]
NOTIC: [8] Undefined variable: level_a /data/wwwroot/livenew.yunbaozhibo.com/wxshare/Application/Common/Common/function.php 第 184 行.
SQL: SELECT * FROM `cmf_config_private` WHERE ( id='1' ) LIMIT 1   [ RunTime:0.0001s ]
SQL: SHOW COLUMNS FROM `cmf_experlevel_anchor` [ RunTime:0.0003s ]
SQL: SELECT `levelid`,`level_up` FROM `cmf_experlevel_anchor` ORDER BY level_up asc  [ RunTime:0.0001s ]
SQL: SELECT * FROM `cmf_config_private` WHERE ( id='1' ) LIMIT 1   [ RunTime:0.0001s ]
NOTIC: [8] Undefined variable: level_a /data/wwwroot/livenew.yunbaozhibo.com/wxshare/Application/Common/Common/function.php 第 207 行.
SQL: SHOW COLUMNS FROM `cmf_users_vip` [ RunTime:0.0004s ]
SQL: SELECT * FROM `cmf_users_vip` WHERE ( uid=20864 and endtime>1534064927 ) LIMIT 1   [ RunTime:0.0004s ]
SQL: SELECT * FROM `cmf_liang` WHERE ( uid=20864 and status=1 and state=1 ) LIMIT 1   [ RunTime:0.0003s ]
SQL: SHOW COLUMNS FROM `cmf_users_attention` [ RunTime:0.0003s ]
SQL: SELECT * FROM `cmf_users_attention` WHERE ( uid='20864' and touid='9005' ) LIMIT 1   [ RunTime:0.0003s ]
INFO: [ view_parse ] --START--
INFO: [ template_filter ] --START--
INFO: Run Behavior\ContentReplaceBehavior [ RunTime:0.000144s ]
INFO: [ template_filter ] --END-- [ RunTime:0.000165s ]
NOTIC: [8] Undefined index: stream /data/wwwroot/livenew.yunbaozhibo.com/wxshare/Application/Runtime/Cache/Home/fc1b44603069baeed8bb5c39d030251e.php 第 24 行.
NOTIC: [8] Undefined index: type /data/wwwroot/livenew.yunbaozhibo.com/wxshare/Application/Runtime/Cache/Home/fc1b44603069baeed8bb5c39d030251e.php 第 123 行.
NOTIC: [8] Undefined index: type /data/wwwroot/livenew.yunbaozhibo.com/wxshare/Application/Runtime/Cache/Home/fc1b44603069baeed8bb5c39d030251e.php 第 124 行.
INFO: Run Behavior\ParseTemplateBehavior [ RunTime:0.005402s ]
INFO: [ view_parse ] --END-- [ RunTime:0.005424s ]
INFO: [ view_filter ] --START--
INFO: Run Behavior\WriteHtmlCacheBehavior [ RunTime:0.000090s ]
INFO: [ view_filter ] --END-- [ RunTime:0.000102s ]
INFO: [ app_end ] --START--
INFO: Run Behavior\ShowPageTraceBehavior [ RunTime:0.000273s ]
INFO: [ app_end ] --END-- [ RunTime:0.000295s ]

[ 2018-08-12T17:08:47+08:00 ] 106.38.132.230 /wxshare/index.php/Share/getGift
INFO: [ app_init ] --START--
INFO: Run Behavior\BuildLiteBehavior [ RunTime:0.000007s ]
INFO: [ app_init ] --END-- [ RunTime:0.000039s ]
INFO: [ app_begin ] --START--
INFO: Run Behavior\ReadHtmlCacheBehavior [ RunTime:0.000236s ]
INFO: [ app_begin ] --END-- [ RunTime:0.000258s ]
NOTIC: [2] Declaration of Home\Controller\ShareController::show() should be compatible with Think\Controller::show($content, $charset = '', $contentType = '', $prefix = '') /data/wwwroot/livenew.yunbaozhibo.com/wxshare/Application/Home/Controller/ShareController.class.php 第 619 行.
SQL: SHOW COLUMNS FROM `cmf_gift` [ RunTime:0.0009s ]
SQL: SELECT `id`,`type`,`giftname`,`needcoin`,`gifticon` FROM `cmf_gift` ORDER BY orderno asc  [ RunTime:0.0003s ]

[ 2018-08-12T17:08:50+08:00 ] 106.38.132.230 /wxshare/index.php/Share/show?roomnum=9005&from=timeline&isappinstalled=0
INFO: [ app_init ] --START--
INFO: Run Behavior\BuildLiteBehavior [ RunTime:0.000006s ]
INFO: [ app_init ] --END-- [ RunTime:0.000028s ]
INFO: [ app_begin ] --START--
INFO: Run Behavior\ReadHtmlCacheBehavior [ RunTime:0.000218s ]
INFO: [ app_begin ] --END-- [ RunTime:0.000236s ]
NOTIC: [2] Declaration of Home\Controller\ShareController::show() should be compatible with Think\Controller::show($content, $charset = '', $contentType = '', $prefix = '') /data/wwwroot/livenew.yunbaozhibo.com/wxshare/Application/Home/Controller/ShareController.class.php 第 619 行.
SQL: SHOW COLUMNS FROM `cmf_users` [ RunTime:0.0007s ]
SQL: SHOW COLUMNS FROM `cmf_users_live` [ RunTime:0.0004s ]
SQL: SHOW COLUMNS FROM `cmf_config_private` [ RunTime:0.0007s ]
SQL: SELECT * FROM `cmf_config_private` WHERE ( id='1' ) LIMIT 1   [ RunTime:0.0002s ]
SQL: SHOW COLUMNS FROM `cmf_config` [ RunTime:0.0005s ]
SQL: SELECT * FROM `cmf_config` WHERE ( id='1' ) LIMIT 1   [ RunTime:0.0001s ]
SQL: SELECT `uid`,`user_nicename`,`avatar`,`avatar_thumb`,`islive`,`stream`,`pull`,`isvideo`,`type`,`goodnum` FROM `cmf_users_live` WHERE ( uid='9005' and islive='1' ) LIMIT 1   [ RunTime:0.0001s ]
SQL: SELECT `id`,`user_nicename`,`avatar`,`avatar_thumb` FROM `cmf_users` WHERE ( id='9005' ) LIMIT 1   [ RunTime:0.0001s ]
SQL: SHOW COLUMNS FROM `cmf_liang` [ RunTime:0.0003s ]
SQL: SELECT * FROM `cmf_liang` WHERE ( uid=9005 and status=1 and state=1 ) LIMIT 1   [ RunTime:0.0001s ]
NOTIC: [8] Undefined index: isvideo /data/wwwroot/livenew.yunbaozhibo.com/wxshare/Application/Home/Controller/ShareController.class.php 第 61 行.
NOTIC: [8] Undefined index: type /data/wwwroot/livenew.yunbaozhibo.com/wxshare/Application/Home/Controller/ShareController.class.php 第 67 行.
SQL: SELECT `id`,`user_login`,`user_nicename`,`avatar`,`avatar_thumb`,`sex`,`signature`,`consumption`,`votestotal`,`province`,`city`,`coin`,`votes`,`token`,`birthday`,`issuper` FROM `cmf_users` WHERE ( id='20864' ) LIMIT 1   [ RunTime:0.0001s ]
SQL: SELECT * FROM `cmf_config_private` WHERE ( id='1' ) LIMIT 1   [ RunTime:0.0001s ]
SQL: SHOW COLUMNS FROM `cmf_experlevel` [ RunTime:0.0003s ]
SQL: SELECT `levelid`,`level_up` FROM `cmf_experlevel` ORDER BY level_up asc  [ RunTime:0.0001s ]
SQL: SELECT * FROM `cmf_config_private` WHERE ( id='1' ) LIMIT 1   [ RunTime:0.0001s ]
NOTIC: [8] Undefined variable: level_a /data/wwwroot/livenew.yunbaozhibo.com/wxshare/Application/Common/Common/function.php 第 184 行.
SQL: SELECT * FROM `cmf_config_private` WHERE ( id='1' ) LIMIT 1   [ RunTime:0.0001s ]
SQL: SHOW COLUMNS FROM `cmf_experlevel_anchor` [ RunTime:0.0003s ]
SQL: SELECT `levelid`,`level_up` FROM `cmf_experlevel_anchor` ORDER BY level_up asc  [ RunTime:0.0001s ]
SQL: SELECT * FROM `cmf_config_private` WHERE ( id='1' ) LIMIT 1   [ RunTime:0.0001s ]
NOTIC: [8] Undefined variable: level_a /data/wwwroot/livenew.yunbaozhibo.com/wxshare/Application/Common/Common/function.php 第 207 行.
SQL: SHOW COLUMNS FROM `cmf_users_vip` [ RunTime:0.0003s ]
SQL: SELECT * FROM `cmf_users_vip` WHERE ( uid=20864 and endtime>1534064930 ) LIMIT 1   [ RunTime:0.0004s ]
SQL: SELECT * FROM `cmf_liang` WHERE ( uid=20864 and status=1 and state=1 ) LIMIT 1   [ RunTime:0.0001s ]
SQL: SHOW COLUMNS FROM `cmf_users_attention` [ RunTime:0.0003s ]
SQL: SELECT * FROM `cmf_users_attention` WHERE ( uid='20864' and touid='9005' ) LIMIT 1   [ RunTime:0.0001s ]
INFO: [ view_parse ] --START--
INFO: [ template_filter ] --START--
INFO: Run Behavior\ContentReplaceBehavior [ RunTime:0.000133s ]
INFO: [ template_filter ] --END-- [ RunTime:0.000151s ]
NOTIC: [8] Undefined index: stream /data/wwwroot/livenew.yunbaozhibo.com/wxshare/Application/Runtime/Cache/Home/fc1b44603069baeed8bb5c39d030251e.php 第 24 行.
NOTIC: [8] Undefined index: type /data/wwwroot/livenew.yunbaozhibo.com/wxshare/Application/Runtime/Cache/Home/fc1b44603069baeed8bb5c39d030251e.php 第 123 行.
NOTIC: [8] Undefined index: type /data/wwwroot/livenew.yunbaozhibo.com/wxshare/Application/Runtime/Cache/Home/fc1b44603069baeed8bb5c39d030251e.php 第 124 行.
INFO: Run Behavior\ParseTemplateBehavior [ RunTime:0.005141s ]
INFO: [ view_parse ] --END-- [ RunTime:0.005176s ]
INFO: [ view_filter ] --START--
INFO: Run Behavior\WriteHtmlCacheBehavior [ RunTime:0.000086s ]
INFO: [ view_filter ] --END-- [ RunTime:0.000098s ]
INFO: [ app_end ] --START--
INFO: Run Behavior\ShowPageTraceBehavior [ RunTime:0.000248s ]
INFO: [ app_end ] --END-- [ RunTime:0.000264s ]

[ 2018-08-12T17:08:51+08:00 ] 106.38.132.230 /wxshare/index.php/Share/getGift
INFO: [ app_init ] --START--
INFO: Run Behavior\BuildLiteBehavior [ RunTime:0.000008s ]
INFO: [ app_init ] --END-- [ RunTime:0.000039s ]
INFO: [ app_begin ] --START--
INFO: Run Behavior\ReadHtmlCacheBehavior [ RunTime:0.000233s ]
INFO: [ app_begin ] --END-- [ RunTime:0.000253s ]
NOTIC: [2] Declaration of Home\Controller\ShareController::show() should be compatible with Think\Controller::show($content, $charset = '', $contentType = '', $prefix = '') /data/wwwroot/livenew.yunbaozhibo.com/wxshare/Application/Home/Controller/ShareController.class.php 第 619 行.
SQL: SHOW COLUMNS FROM `cmf_gift` [ RunTime:0.0007s ]
SQL: SELECT `id`,`type`,`giftname`,`needcoin`,`gifticon` FROM `cmf_gift` ORDER BY orderno asc  [ RunTime:0.0002s ]

[ 2018-08-12T17:16:13+08:00 ] 183.57.53.222 /wxshare/index.php/Share/index
INFO: [ app_init ] --START--
INFO: Run Behavior\BuildLiteBehavior [ RunTime:0.000006s ]
INFO: [ app_init ] --END-- [ RunTime:0.000027s ]
INFO: [ app_begin ] --START--
INFO: Run Behavior\ReadHtmlCacheBehavior [ RunTime:0.000205s ]
INFO: [ app_begin ] --END-- [ RunTime:0.000224s ]
NOTIC: [2] Declaration of Home\Controller\ShareController::show() should be compatible with Think\Controller::show($content, $charset = '', $contentType = '', $prefix = '') /data/wwwroot/livenew.yunbaozhibo.com/wxshare/Application/Home/Controller/ShareController.class.php 第 619 行.
SQL: SHOW COLUMNS FROM `cmf_config` [ RunTime:0.0009s ]
SQL: SELECT * FROM `cmf_config` WHERE ( id='1' ) LIMIT 1   [ RunTime:0.0002s ]
SQL: select l.uid,l.avatar,l.avatar_thumb,l.user_nicename,l.title,l.city,l.stream,l.pull,l.thumb from cmf_users_live l left join cmf_users u on l.uid=u.id where l.islive= '1'  order by u.isrecommend desc,l.starttime desc limit 0,20 [ RunTime:0.0006s ]
INFO: [ view_parse ] --START--
INFO: [ template_filter ] --START--
INFO: Run Behavior\ContentReplaceBehavior [ RunTime:0.000030s ]
INFO: [ template_filter ] --END-- [ RunTime:0.000050s ]
INFO: Run Behavior\ParseTemplateBehavior [ RunTime:0.004462s ]
INFO: [ view_parse ] --END-- [ RunTime:0.004486s ]
INFO: [ view_filter ] --START--
INFO: Run Behavior\WriteHtmlCacheBehavior [ RunTime:0.000090s ]
INFO: [ view_filter ] --END-- [ RunTime:0.000102s ]
INFO: [ app_end ] --START--
INFO: Run Behavior\ShowPageTraceBehavior [ RunTime:0.000257s ]
INFO: [ app_end ] --END-- [ RunTime:0.000273s ]

[ 2018-08-12T17:16:28+08:00 ] 103.114.90.60 /wxshare/index.php/Share/index
INFO: [ app_init ] --START--
INFO: Run Behavior\BuildLiteBehavior [ RunTime:0.000005s ]
INFO: [ app_init ] --END-- [ RunTime:0.000029s ]
INFO: [ app_begin ] --START--
INFO: Run Behavior\ReadHtmlCacheBehavior [ RunTime:0.000237s ]
INFO: [ app_begin ] --END-- [ RunTime:0.000256s ]
NOTIC: [2] Declaration of Home\Controller\ShareController::show() should be compatible with Think\Controller::show($content, $charset = '', $contentType = '', $prefix = '') /data/wwwroot/livenew.yunbaozhibo.com/wxshare/Application/Home/Controller/ShareController.class.php 第 619 行.
SQL: SHOW COLUMNS FROM `cmf_config` [ RunTime:0.0007s ]
SQL: SELECT * FROM `cmf_config` WHERE ( id='1' ) LIMIT 1   [ RunTime:0.0002s ]
SQL: select l.uid,l.avatar,l.avatar_thumb,l.user_nicename,l.title,l.city,l.stream,l.pull,l.thumb from cmf_users_live l left join cmf_users u on l.uid=u.id where l.islive= '1'  order by u.isrecommend desc,l.starttime desc limit 0,20 [ RunTime:0.0001s ]
INFO: [ view_parse ] --START--
INFO: [ template_filter ] --START--
INFO: Run Behavior\ContentReplaceBehavior [ RunTime:0.000027s ]
INFO: [ template_filter ] --END-- [ RunTime:0.000044s ]
INFO: Run Behavior\ParseTemplateBehavior [ RunTime:0.002844s ]
INFO: [ view_parse ] --END-- [ RunTime:0.002872s ]
INFO: [ view_filter ] --START--
INFO: Run Behavior\WriteHtmlCacheBehavior [ RunTime:0.000091s ]
INFO: [ view_filter ] --END-- [ RunTime:0.000104s ]
INFO: [ app_end ] --START--
INFO: Run Behavior\ShowPageTraceBehavior [ RunTime:0.000248s ]
INFO: [ app_end ] --END-- [ RunTime:0.000264s ]

[ 2018-08-12T19:39:54+08:00 ] 220.175.60.39 /wxshare/index.php/Share/show?roomnum=13481
INFO: [ app_init ] --START--
INFO: Run Behavior\BuildLiteBehavior [ RunTime:0.000007s ]
INFO: [ app_init ] --END-- [ RunTime:0.000030s ]
INFO: [ app_begin ] --START--
INFO: Run Behavior\ReadHtmlCacheBehavior [ RunTime:0.000207s ]
INFO: [ app_begin ] --END-- [ RunTime:0.000226s ]
NOTIC: [2] Declaration of Home\Controller\ShareController::show() should be compatible with Think\Controller::show($content, $charset = '', $contentType = '', $prefix = '') /data/wwwroot/livenew.yunbaozhibo.com/wxshare/Application/Home/Controller/ShareController.class.php 第 619 行.
SQL: SHOW COLUMNS FROM `cmf_users` [ RunTime:0.0007s ]
SQL: SHOW COLUMNS FROM `cmf_users_live` [ RunTime:0.0004s ]
SQL: SHOW COLUMNS FROM `cmf_config_private` [ RunTime:0.0007s ]
SQL: SELECT * FROM `cmf_config_private` WHERE ( id='1' ) LIMIT 1   [ RunTime:0.0002s ]
SQL: SHOW COLUMNS FROM `cmf_config` [ RunTime:0.0005s ]
SQL: SELECT * FROM `cmf_config` WHERE ( id='1' ) LIMIT 1   [ RunTime:0.0001s ]
SQL: SELECT `uid`,`user_nicename`,`avatar`,`avatar_thumb`,`islive`,`stream`,`pull`,`isvideo`,`type`,`goodnum` FROM `cmf_users_live` WHERE ( uid='13481' and islive='1' ) LIMIT 1   [ RunTime:0.0002s ]
NOTIC: [8] Undefined variable: userinfo /data/wwwroot/livenew.yunbaozhibo.com/wxshare/Application/Home/Controller/ShareController.class.php 第 83 行.
NOTIC: [8] Undefined variable: userinfo /data/wwwroot/livenew.yunbaozhibo.com/wxshare/Application/Home/Controller/ShareController.class.php 第 84 行.
INFO: [ view_parse ] --START--
INFO: [ template_filter ] --START--
INFO: Run Behavior\ContentReplaceBehavior [ RunTime:0.000131s ]
INFO: [ template_filter ] --END-- [ RunTime:0.000147s ]
INFO: Run Behavior\ParseTemplateBehavior [ RunTime:0.005002s ]
INFO: [ view_parse ] --END-- [ RunTime:0.005029s ]
INFO: [ view_filter ] --START--
INFO: Run Behavior\WriteHtmlCacheBehavior [ RunTime:0.000079s ]
INFO: [ view_filter ] --END-- [ RunTime:0.000092s ]
INFO: [ app_end ] --START--
INFO: Run Behavior\ShowPageTraceBehavior [ RunTime:0.000258s ]
INFO: [ app_end ] --END-- [ RunTime:0.000274s ]

[ 2018-08-12T19:39:54+08:00 ] 220.175.60.39 /wxshare/index.php/Share/wxLogin?roomnum=13481
INFO: [ app_init ] --START--
INFO: Run Behavior\BuildLiteBehavior [ RunTime:0.000006s ]
INFO: [ app_init ] --END-- [ RunTime:0.000028s ]
INFO: [ app_begin ] --START--
INFO: Run Behavior\ReadHtmlCacheBehavior [ RunTime:0.000205s ]
INFO: [ app_begin ] --END-- [ RunTime:0.000223s ]
NOTIC: [2] Declaration of Home\Controller\ShareController::show() should be compatible with Think\Controller::show($content, $charset = '', $contentType = '', $prefix = '') /data/wwwroot/livenew.yunbaozhibo.com/wxshare/Application/Home/Controller/ShareController.class.php 第 619 行.
SQL: SHOW COLUMNS FROM `cmf_config_private` [ RunTime:0.0009s ]
SQL: SELECT * FROM `cmf_config_private` WHERE ( id='1' ) LIMIT 1   [ RunTime:0.0002s ]
NOTIC: [8] A session had already been started - ignoring session_start() /data/wwwroot/livenew.yunbaozhibo.com/wxshare/Application/Home/Controller/ShareController.class.php 第 96 行.
INFO: [ app_end ] --START--
INFO: Run Behavior\ShowPageTraceBehavior [ RunTime:0.000313s ]
INFO: [ app_end ] --END-- [ RunTime:0.000331s ]

[ 2018-08-12T19:39:57+08:00 ] 220.175.60.39 /wxshare/index.php/Share/wxLoginCallback?roomnum=13481&code=001vGOjU06qloX1kGGjU05B0kU0vGOjK&state=0b465843bfaaa84920c8b0a12a0f9f5f
INFO: [ app_init ] --START--
INFO: Run Behavior\BuildLiteBehavior [ RunTime:0.000005s ]
INFO: [ app_init ] --END-- [ RunTime:0.000028s ]
INFO: [ app_begin ] --START--
INFO: Run Behavior\ReadHtmlCacheBehavior [ RunTime:0.000258s ]
INFO: [ app_begin ] --END-- [ RunTime:0.000277s ]
NOTIC: [2] Declaration of Home\Controller\ShareController::show() should be compatible with Think\Controller::show($content, $charset = '', $contentType = '', $prefix = '') /data/wwwroot/livenew.yunbaozhibo.com/wxshare/Application/Home/Controller/ShareController.class.php 第 619 行.
SQL: SHOW COLUMNS FROM `cmf_config_private` [ RunTime:0.0010s ]
SQL: SELECT * FROM `cmf_config_private` WHERE ( id='1' ) LIMIT 1   [ RunTime:0.0002s ]
SQL: SHOW COLUMNS FROM `cmf_users` [ RunTime:0.0009s ]
SQL: SELECT `id`,`user_login`,`user_nicename`,`avatar`,`avatar_thumb`,`sex`,`signature`,`consumption`,`votestotal`,`province`,`city`,`coin`,`votes`,`birthday`,`issuper` FROM `cmf_users` WHERE ( openid!='' and openid='oAPK4wYo-yKjAQ1UR1QVdWOifejE' ) LIMIT 1   [ RunTime:0.0092s ]
SQL: SELECT * FROM `cmf_config_private` WHERE ( id='1' ) LIMIT 1   [ RunTime:0.0001s ]
SQL: SHOW COLUMNS FROM `cmf_experlevel` [ RunTime:0.0005s ]
SQL: SELECT `levelid`,`level_up` FROM `cmf_experlevel` ORDER BY level_up asc  [ RunTime:0.0001s ]
SQL: SELECT * FROM `cmf_config_private` WHERE ( id='1' ) LIMIT 1   [ RunTime:0.0001s ]
NOTIC: [8] Undefined variable: level_a /data/wwwroot/livenew.yunbaozhibo.com/wxshare/Application/Common/Common/function.php 第 184 行.
SQL: UPDATE `cmf_users` SET `token`='7eba87c05c2e5a3087336543e8c123a5',`expiretime`='1559993997' WHERE ( id='20256' ) [ RunTime:0.0028s ]
INFO: [ app_end ] --START--
INFO: Run Behavior\ShowPageTraceBehavior [ RunTime:0.000395s ]
INFO: [ app_end ] --END-- [ RunTime:0.000416s ]

[ 2018-08-12T19:39:57+08:00 ] 220.175.60.39 /wxshare/index.php/Share/show?roomnum=13481
INFO: [ app_init ] --START--
INFO: Run Behavior\BuildLiteBehavior [ RunTime:0.000006s ]
INFO: [ app_init ] --END-- [ RunTime:0.000030s ]
INFO: [ app_begin ] --START--
INFO: Run Behavior\ReadHtmlCacheBehavior [ RunTime:0.000220s ]
INFO: [ app_begin ] --END-- [ RunTime:0.000241s ]
NOTIC: [2] Declaration of Home\Controller\ShareController::show() should be compatible with Think\Controller::show($content, $charset = '', $contentType = '', $prefix = '') /data/wwwroot/livenew.yunbaozhibo.com/wxshare/Application/Home/Controller/ShareController.class.php 第 619 行.
SQL: SHOW COLUMNS FROM `cmf_users` [ RunTime:0.0008s ]
SQL: SHOW COLUMNS FROM `cmf_users_live` [ RunTime:0.0005s ]
SQL: SHOW COLUMNS FROM `cmf_config_private` [ RunTime:0.0009s ]
SQL: SELECT * FROM `cmf_config_private` WHERE ( id='1' ) LIMIT 1   [ RunTime:0.0002s ]
SQL: SHOW COLUMNS FROM `cmf_config` [ RunTime:0.0006s ]
SQL: SELECT * FROM `cmf_config` WHERE ( id='1' ) LIMIT 1   [ RunTime:0.0001s ]
SQL: SELECT `uid`,`user_nicename`,`avatar`,`avatar_thumb`,`islive`,`stream`,`pull`,`isvideo`,`type`,`goodnum` FROM `cmf_users_live` WHERE ( uid='13481' and islive='1' ) LIMIT 1   [ RunTime:0.0001s ]
SQL: SELECT `id`,`user_login`,`user_nicename`,`avatar`,`avatar_thumb`,`sex`,`signature`,`consumption`,`votestotal`,`province`,`city`,`coin`,`votes`,`token`,`birthday`,`issuper` FROM `cmf_users` WHERE ( id='20256' ) LIMIT 1   [ RunTime:0.0003s ]
SQL: SELECT * FROM `cmf_config_private` WHERE ( id='1' ) LIMIT 1   [ RunTime:0.0001s ]
SQL: SHOW COLUMNS FROM `cmf_experlevel` [ RunTime:0.0003s ]
SQL: SELECT `levelid`,`level_up` FROM `cmf_experlevel` ORDER BY level_up asc  [ RunTime:0.0001s ]
SQL: SELECT * FROM `cmf_config_private` WHERE ( id='1' ) LIMIT 1   [ RunTime:0.0001s ]
NOTIC: [8] Undefined variable: level_a /data/wwwroot/livenew.yunbaozhibo.com/wxshare/Application/Common/Common/function.php 第 184 行.
SQL: SELECT * FROM `cmf_config_private` WHERE ( id='1' ) LIMIT 1   [ RunTime:0.0001s ]
SQL: SHOW COLUMNS FROM `cmf_experlevel_anchor` [ RunTime:0.0003s ]
SQL: SELECT `levelid`,`level_up` FROM `cmf_experlevel_anchor` ORDER BY level_up asc  [ RunTime:0.0001s ]
SQL: SELECT * FROM `cmf_config_private` WHERE ( id='1' ) LIMIT 1   [ RunTime:0.0001s ]
NOTIC: [8] Undefined variable: level_a /data/wwwroot/livenew.yunbaozhibo.com/wxshare/Application/Common/Common/function.php 第 207 行.
SQL: SHOW COLUMNS FROM `cmf_users_vip` [ RunTime:0.0003s ]
SQL: SELECT * FROM `cmf_users_vip` WHERE ( uid=20256 and endtime>1534073997 ) LIMIT 1   [ RunTime:0.0003s ]
SQL: SHOW COLUMNS FROM `cmf_liang` [ RunTime:0.0003s ]
SQL: SELECT * FROM `cmf_liang` WHERE ( uid=20256 and status=1 and state=1 ) LIMIT 1   [ RunTime:0.0003s ]
SQL: SHOW COLUMNS FROM `cmf_users_attention` [ RunTime:0.0003s ]
SQL: SELECT * FROM `cmf_users_attention` WHERE ( uid='20256' and touid='13481' ) LIMIT 1   [ RunTime:0.0002s ]
INFO: [ view_parse ] --START--
INFO: [ template_filter ] --START--
INFO: Run Behavior\ContentReplaceBehavior [ RunTime:0.000133s ]
INFO: [ template_filter ] --END-- [ RunTime:0.000160s ]
INFO: Run Behavior\ParseTemplateBehavior [ RunTime:0.004976s ]
INFO: [ view_parse ] --END-- [ RunTime:0.004997s ]
INFO: [ view_filter ] --START--
INFO: Run Behavior\WriteHtmlCacheBehavior [ RunTime:0.000101s ]
INFO: [ view_filter ] --END-- [ RunTime:0.000114s ]
INFO: [ app_end ] --START--
INFO: Run Behavior\ShowPageTraceBehavior [ RunTime:0.000259s ]
INFO: [ app_end ] --END-- [ RunTime:0.000276s ]

[ 2018-08-12T19:39:58+08:00 ] 220.175.60.39 /wxshare/index.php/Share/getGift
INFO: [ app_init ] --START--
INFO: Run Behavior\BuildLiteBehavior [ RunTime:0.000006s ]
INFO: [ app_init ] --END-- [ RunTime:0.000028s ]
INFO: [ app_begin ] --START--
INFO: Run Behavior\ReadHtmlCacheBehavior [ RunTime:0.000206s ]
INFO: [ app_begin ] --END-- [ RunTime:0.000232s ]
NOTIC: [2] Declaration of Home\Controller\ShareController::show() should be compatible with Think\Controller::show($content, $charset = '', $contentType = '', $prefix = '') /data/wwwroot/livenew.yunbaozhibo.com/wxshare/Application/Home/Controller/ShareController.class.php 第 619 行.
SQL: SHOW COLUMNS FROM `cmf_gift` [ RunTime:0.0006s ]
SQL: SELECT `id`,`type`,`giftname`,`needcoin`,`gifticon` FROM `cmf_gift` ORDER BY orderno asc  [ RunTime:0.0001s ]

[ 2018-08-12T19:39:58+08:00 ] 220.175.60.39 /wxshare/index.php/Share/show?roomnum=13481
INFO: [ app_init ] --START--
INFO: Run Behavior\BuildLiteBehavior [ RunTime:0.000006s ]
INFO: [ app_init ] --END-- [ RunTime:0.000028s ]
INFO: [ app_begin ] --START--
INFO: Run Behavior\ReadHtmlCacheBehavior [ RunTime:0.000226s ]
INFO: [ app_begin ] --END-- [ RunTime:0.000244s ]
NOTIC: [2] Declaration of Home\Controller\ShareController::show() should be compatible with Think\Controller::show($content, $charset = '', $contentType = '', $prefix = '') /data/wwwroot/livenew.yunbaozhibo.com/wxshare/Application/Home/Controller/ShareController.class.php 第 619 行.
SQL: SHOW COLUMNS FROM `cmf_users` [ RunTime:0.0007s ]
SQL: SHOW COLUMNS FROM `cmf_users_live` [ RunTime:0.0004s ]
SQL: SHOW COLUMNS FROM `cmf_config_private` [ RunTime:0.0007s ]
SQL: SELECT * FROM `cmf_config_private` WHERE ( id='1' ) LIMIT 1   [ RunTime:0.0002s ]
SQL: SHOW COLUMNS FROM `cmf_config` [ RunTime:0.0005s ]
SQL: SELECT * FROM `cmf_config` WHERE ( id='1' ) LIMIT 1   [ RunTime:0.0001s ]
SQL: SELECT `uid`,`user_nicename`,`avatar`,`avatar_thumb`,`islive`,`stream`,`pull`,`isvideo`,`type`,`goodnum` FROM `cmf_users_live` WHERE ( uid='13481' and islive='1' ) LIMIT 1   [ RunTime:0.0001s ]
SQL: SELECT `id`,`user_login`,`user_nicename`,`avatar`,`avatar_thumb`,`sex`,`signature`,`consumption`,`votestotal`,`province`,`city`,`coin`,`votes`,`token`,`birthday`,`issuper` FROM `cmf_users` WHERE ( id='20256' ) LIMIT 1   [ RunTime:0.0001s ]
SQL: SELECT * FROM `cmf_config_private` WHERE ( id='1' ) LIMIT 1   [ RunTime:0.0001s ]
SQL: SHOW COLUMNS FROM `cmf_experlevel` [ RunTime:0.0003s ]
SQL: SELECT `levelid`,`level_up` FROM `cmf_experlevel` ORDER BY level_up asc  [ RunTime:0.0001s ]
SQL: SELECT * FROM `cmf_config_private` WHERE ( id='1' ) LIMIT 1   [ RunTime:0.0001s ]
NOTIC: [8] Undefined variable: level_a /data/wwwroot/livenew.yunbaozhibo.com/wxshare/Application/Common/Common/function.php 第 184 行.
SQL: SELECT * FROM `cmf_config_private` WHERE ( id='1' ) LIMIT 1   [ RunTime:0.0001s ]
SQL: SHOW COLUMNS FROM `cmf_experlevel_anchor` [ RunTime:0.0003s ]
SQL: SELECT `levelid`,`level_up` FROM `cmf_experlevel_anchor` ORDER BY level_up asc  [ RunTime:0.0001s ]
SQL: SELECT * FROM `cmf_config_private` WHERE ( id='1' ) LIMIT 1   [ RunTime:0.0001s ]
NOTIC: [8] Undefined variable: level_a /data/wwwroot/livenew.yunbaozhibo.com/wxshare/Application/Common/Common/function.php 第 207 行.
SQL: SHOW COLUMNS FROM `cmf_users_vip` [ RunTime:0.0003s ]
SQL: SELECT * FROM `cmf_users_vip` WHERE ( uid=20256 and endtime>1534073998 ) LIMIT 1   [ RunTime:0.0004s ]
SQL: SHOW COLUMNS FROM `cmf_liang` [ RunTime:0.0003s ]
SQL: SELECT * FROM `cmf_liang` WHERE ( uid=20256 and status=1 and state=1 ) LIMIT 1   [ RunTime:0.0001s ]
SQL: SHOW COLUMNS FROM `cmf_users_attention` [ RunTime:0.0003s ]
SQL: SELECT * FROM `cmf_users_attention` WHERE ( uid='20256' and touid='13481' ) LIMIT 1   [ RunTime:0.0001s ]
INFO: [ view_parse ] --START--
INFO: [ template_filter ] --START--
INFO: Run Behavior\ContentReplaceBehavior [ RunTime:0.000131s ]
INFO: [ template_filter ] --END-- [ RunTime:0.000150s ]
INFO: Run Behavior\ParseTemplateBehavior [ RunTime:0.005041s ]
INFO: [ view_parse ] --END-- [ RunTime:0.005064s ]
INFO: [ view_filter ] --START--
INFO: Run Behavior\WriteHtmlCacheBehavior [ RunTime:0.000082s ]
INFO: [ view_filter ] --END-- [ RunTime:0.000094s ]
INFO: [ app_end ] --START--
INFO: Run Behavior\ShowPageTraceBehavior [ RunTime:0.000262s ]
INFO: [ app_end ] --END-- [ RunTime:0.000278s ]

[ 2018-08-12T19:40:00+08:00 ] 220.175.60.39 /wxshare/index.php/Share/setNodeInfo?liveuid=13481
INFO: [ app_init ] --START--
INFO: Run Behavior\BuildLiteBehavior [ RunTime:0.000006s ]
INFO: [ app_init ] --END-- [ RunTime:0.000029s ]
INFO: [ app_begin ] --START--
INFO: Run Behavior\ReadHtmlCacheBehavior [ RunTime:0.000211s ]
INFO: [ app_begin ] --END-- [ RunTime:0.000230s ]
NOTIC: [2] Declaration of Home\Controller\ShareController::show() should be compatible with Think\Controller::show($content, $charset = '', $contentType = '', $prefix = '') /data/wwwroot/livenew.yunbaozhibo.com/wxshare/Application/Home/Controller/ShareController.class.php 第 619 行.
SQL: SHOW COLUMNS FROM `cmf_users` [ RunTime:0.0007s ]
SQL: SELECT `id`,`user_nicename`,`avatar`,`avatar_thumb`,`sex`,`signature`,`consumption`,`votestotal`,`province`,`city`,`birthday`,`issuper` FROM `cmf_users` WHERE ( id='20256' ) LIMIT 1   [ RunTime:0.0003s ]
SQL: SHOW COLUMNS FROM `cmf_config_private` [ RunTime:0.0007s ]
SQL: SELECT * FROM `cmf_config_private` WHERE ( id='1' ) LIMIT 1   [ RunTime:0.0002s ]
SQL: SHOW COLUMNS FROM `cmf_experlevel` [ RunTime:0.0003s ]
SQL: SELECT `levelid`,`level_up` FROM `cmf_experlevel` ORDER BY level_up asc  [ RunTime:0.0001s ]
SQL: SELECT * FROM `cmf_config_private` WHERE ( id='1' ) LIMIT 1   [ RunTime:0.0001s ]
NOTIC: [8] Undefined variable: level_a /data/wwwroot/livenew.yunbaozhibo.com/wxshare/Application/Common/Common/function.php 第 184 行.
SQL: SELECT * FROM `cmf_config_private` WHERE ( id='1' ) LIMIT 1   [ RunTime:0.0001s ]
SQL: SHOW COLUMNS FROM `cmf_experlevel_anchor` [ RunTime:0.0003s ]
SQL: SELECT `levelid`,`level_up` FROM `cmf_experlevel_anchor` ORDER BY level_up asc  [ RunTime:0.0001s ]
SQL: SELECT * FROM `cmf_config_private` WHERE ( id='1' ) LIMIT 1   [ RunTime:0.0001s ]
NOTIC: [8] Undefined variable: level_a /data/wwwroot/livenew.yunbaozhibo.com/wxshare/Application/Common/Common/function.php 第 207 行.
SQL: SHOW COLUMNS FROM `cmf_users_vip` [ RunTime:0.0003s ]
SQL: SELECT * FROM `cmf_users_vip` WHERE ( uid=20256 and endtime>1534074000 ) LIMIT 1   [ RunTime:0.0004s ]
SQL: SHOW COLUMNS FROM `cmf_liang` [ RunTime:0.0003s ]
SQL: SELECT * FROM `cmf_liang` WHERE ( uid=20256 and status=1 and state=1 ) LIMIT 1   [ RunTime:0.0001s ]
SQL: SHOW COLUMNS FROM `cmf_users_car` [ RunTime:0.0003s ]
SQL: SELECT * FROM `cmf_users_car` WHERE ( uid=20256 and endtime>1534074000 and status=1 ) LIMIT 1   [ RunTime:0.0002s ]
INFO: [ app_end ] --START--
INFO: Run Behavior\ShowPageTraceBehavior [ RunTime:0.000268s ]
INFO: [ app_end ] --END-- [ RunTime:0.000289s ]

[ 2018-08-12T21:15:38+08:00 ] 115.57.145.221 /wxshare/index.php/Share/show?roomnum=17947
INFO: [ app_init ] --START--
INFO: Run Behavior\BuildLiteBehavior [ RunTime:0.000006s ]
INFO: [ app_init ] --END-- [ RunTime:0.000029s ]
INFO: [ app_begin ] --START--
INFO: Run Behavior\ReadHtmlCacheBehavior [ RunTime:0.000211s ]
INFO: [ app_begin ] --END-- [ RunTime:0.000230s ]
NOTIC: [2] Declaration of Home\Controller\ShareController::show() should be compatible with Think\Controller::show($content, $charset = '', $contentType = '', $prefix = '') /data/wwwroot/livenew.yunbaozhibo.com/wxshare/Application/Home/Controller/ShareController.class.php 第 619 行.
SQL: SHOW COLUMNS FROM `cmf_users` [ RunTime:0.0007s ]
SQL: SHOW COLUMNS FROM `cmf_users_live` [ RunTime:0.0004s ]
SQL: SHOW COLUMNS FROM `cmf_config_private` [ RunTime:0.0007s ]
SQL: SELECT * FROM `cmf_config_private` WHERE ( id='1' ) LIMIT 1   [ RunTime:0.0002s ]
SQL: SHOW COLUMNS FROM `cmf_config` [ RunTime:0.0005s ]
SQL: SELECT * FROM `cmf_config` WHERE ( id='1' ) LIMIT 1   [ RunTime:0.0001s ]
SQL: SELECT `uid`,`user_nicename`,`avatar`,`avatar_thumb`,`islive`,`stream`,`pull`,`isvideo`,`type`,`goodnum` FROM `cmf_users_live` WHERE ( uid='17947' and islive='1' ) LIMIT 1   [ RunTime:0.0004s ]
NOTIC: [8] Undefined variable: userinfo /data/wwwroot/livenew.yunbaozhibo.com/wxshare/Application/Home/Controller/ShareController.class.php 第 83 行.
NOTIC: [8] Undefined variable: userinfo /data/wwwroot/livenew.yunbaozhibo.com/wxshare/Application/Home/Controller/ShareController.class.php 第 84 行.
INFO: [ view_parse ] --START--
INFO: [ template_filter ] --START--
INFO: Run Behavior\ContentReplaceBehavior [ RunTime:0.000132s ]
INFO: [ template_filter ] --END-- [ RunTime:0.000151s ]
INFO: Run Behavior\ParseTemplateBehavior [ RunTime:0.005143s ]
INFO: [ view_parse ] --END-- [ RunTime:0.005168s ]
INFO: [ view_filter ] --START--
INFO: Run Behavior\WriteHtmlCacheBehavior [ RunTime:0.000092s ]
INFO: [ view_filter ] --END-- [ RunTime:0.000104s ]
INFO: [ app_end ] --START--
INFO: Run Behavior\ShowPageTraceBehavior [ RunTime:0.000259s ]
INFO: [ app_end ] --END-- [ RunTime:0.000277s ]

[ 2018-08-12T21:15:38+08:00 ] 115.57.145.221 /wxshare/index.php/Share/wxLogin?roomnum=17947
INFO: [ app_init ] --START--
INFO: Run Behavior\BuildLiteBehavior [ RunTime:0.000008s ]
INFO: [ app_init ] --END-- [ RunTime:0.000042s ]
INFO: [ app_begin ] --START--
INFO: Run Behavior\ReadHtmlCacheBehavior [ RunTime:0.000321s ]
INFO: [ app_begin ] --END-- [ RunTime:0.000348s ]
NOTIC: [2] Declaration of Home\Controller\ShareController::show() should be compatible with Think\Controller::show($content, $charset = '', $contentType = '', $prefix = '') /data/wwwroot/livenew.yunbaozhibo.com/wxshare/Application/Home/Controller/ShareController.class.php 第 619 行.
SQL: SHOW COLUMNS FROM `cmf_config_private` [ RunTime:0.0012s ]
SQL: SELECT * FROM `cmf_config_private` WHERE ( id='1' ) LIMIT 1   [ RunTime:0.0003s ]
NOTIC: [8] A session had already been started - ignoring session_start() /data/wwwroot/livenew.yunbaozhibo.com/wxshare/Application/Home/Controller/ShareController.class.php 第 96 行.
INFO: [ app_end ] --START--
INFO: Run Behavior\ShowPageTraceBehavior [ RunTime:0.000266s ]
INFO: [ app_end ] --END-- [ RunTime:0.000284s ]

[ 2018-08-12T21:15:41+08:00 ] 115.57.145.221 /wxshare/index.php/Share/wxLoginCallback?roomnum=17947&code=011EpHTt0lmUXb1HKhWt0hyuTt0EpHTO&state=20ad9b2dd0b8025ab2184bc1fbacb990
INFO: [ app_init ] --START--
INFO: Run Behavior\BuildLiteBehavior [ RunTime:0.000007s ]
INFO: [ app_init ] --END-- [ RunTime:0.000031s ]
INFO: [ app_begin ] --START--
INFO: Run Behavior\ReadHtmlCacheBehavior [ RunTime:0.000236s ]
INFO: [ app_begin ] --END-- [ RunTime:0.000259s ]
NOTIC: [2] Declaration of Home\Controller\ShareController::show() should be compatible with Think\Controller::show($content, $charset = '', $contentType = '', $prefix = '') /data/wwwroot/livenew.yunbaozhibo.com/wxshare/Application/Home/Controller/ShareController.class.php 第 619 行.
SQL: SHOW COLUMNS FROM `cmf_config_private` [ RunTime:0.0009s ]
SQL: SELECT * FROM `cmf_config_private` WHERE ( id='1' ) LIMIT 1   [ RunTime:0.0002s ]
SQL: SHOW COLUMNS FROM `cmf_users` [ RunTime:0.0009s ]
SQL: SELECT `id`,`user_login`,`user_nicename`,`avatar`,`avatar_thumb`,`sex`,`signature`,`consumption`,`votestotal`,`province`,`city`,`coin`,`votes`,`birthday`,`issuper` FROM `cmf_users` WHERE ( openid!='' and openid='oAPK4wdshsxD6eYZ4DlqI8Rt5O6U' ) LIMIT 1   [ RunTime:0.0097s ]
SQL: INSERT INTO `cmf_users` (`openid`,`user_login`,`user_pass`,`user_nicename`,`sex`,`avatar`,`avatar_thumb`,`login_type`,`last_login_ip`,`create_time`,`last_login_time`,`user_status`,`user_type`,`signature`) VALUES ('oAPK4wdshsxD6eYZ4DlqI8Rt5O6U','wx_15340797415O6U','###73b13b8b4d767f6c3c2953f123d1a721','Jospo','1','http://thirdwx.qlogo.cn/mmopen/vi_32/ajNVdqHZLLBUA4OVIAibYZQnNiambJXsj4eXTTcbvicxiacUExzPxiaRfD3VarKHUfmaxBfbF0DPdVtefGXTdEOHoAA/132','http://thirdwx.qlogo.cn/mmopen/vi_32/ajNVdqHZLLBUA4OVIAibYZQnNiambJXsj4eXTTcbvicxiacUExzPxiaRfD3VarKHUfmaxBfbF0DPdVtefGXTdEOHoAA/132','wx','115.57.145.221','2018-08-12 21:15:41','2018-08-12 21:15:41','1','2','这家伙很懒，什么都没留下') [ RunTime:0.0032s ]
SQL: SELECT `id`,`user_login`,`user_nicename`,`avatar`,`avatar_thumb`,`sex`,`signature`,`consumption`,`votestotal`,`province`,`city`,`coin`,`votes`,`birthday`,`issuper` FROM `cmf_users` WHERE ( id='20868' ) LIMIT 1   [ RunTime:0.0003s ]
SQL: SELECT * FROM `cmf_config_private` WHERE ( id='1' ) LIMIT 1   [ RunTime:0.0001s ]
SQL: SHOW COLUMNS FROM `cmf_experlevel` [ RunTime:0.0004s ]
SQL: SELECT `levelid`,`level_up` FROM `cmf_experlevel` ORDER BY level_up asc  [ RunTime:0.0001s ]
SQL: SELECT * FROM `cmf_config_private` WHERE ( id='1' ) LIMIT 1   [ RunTime:0.0001s ]
NOTIC: [8] Undefined variable: level_a /data/wwwroot/livenew.yunbaozhibo.com/wxshare/Application/Common/Common/function.php 第 184 行.
SQL: UPDATE `cmf_users` SET `token`='39466ae15bdeeaf347fff62dc68b3865',`expiretime`='1559999741' WHERE ( id='20868' ) [ RunTime:0.0023s ]
INFO: [ app_end ] --START--
INFO: Run Behavior\ShowPageTraceBehavior [ RunTime:0.000401s ]
INFO: [ app_end ] --END-- [ RunTime:0.000427s ]

[ 2018-08-12T21:15:41+08:00 ] 115.57.145.221 /wxshare/index.php/Share/show?roomnum=17947
INFO: [ app_init ] --START--
INFO: Run Behavior\BuildLiteBehavior [ RunTime:0.000006s ]
INFO: [ app_init ] --END-- [ RunTime:0.000029s ]
INFO: [ app_begin ] --START--
INFO: Run Behavior\ReadHtmlCacheBehavior [ RunTime:0.000240s ]
INFO: [ app_begin ] --END-- [ RunTime:0.000260s ]
NOTIC: [2] Declaration of Home\Controller\ShareController::show() should be compatible with Think\Controller::show($content, $charset = '', $contentType = '', $prefix = '') /data/wwwroot/livenew.yunbaozhibo.com/wxshare/Application/Home/Controller/ShareController.class.php 第 619 行.
SQL: SHOW COLUMNS FROM `cmf_users` [ RunTime:0.0008s ]
SQL: SHOW COLUMNS FROM `cmf_users_live` [ RunTime:0.0004s ]
SQL: SHOW COLUMNS FROM `cmf_config_private` [ RunTime:0.0008s ]
SQL: SELECT * FROM `cmf_config_private` WHERE ( id='1' ) LIMIT 1   [ RunTime:0.0002s ]
SQL: SHOW COLUMNS FROM `cmf_config` [ RunTime:0.0006s ]
SQL: SELECT * FROM `cmf_config` WHERE ( id='1' ) LIMIT 1   [ RunTime:0.0001s ]
SQL: SELECT `uid`,`user_nicename`,`avatar`,`avatar_thumb`,`islive`,`stream`,`pull`,`isvideo`,`type`,`goodnum` FROM `cmf_users_live` WHERE ( uid='17947' and islive='1' ) LIMIT 1   [ RunTime:0.0001s ]
SQL: SELECT `id`,`user_login`,`user_nicename`,`avatar`,`avatar_thumb`,`sex`,`signature`,`consumption`,`votestotal`,`province`,`city`,`coin`,`votes`,`token`,`birthday`,`issuper` FROM `cmf_users` WHERE ( id='20868' ) LIMIT 1   [ RunTime:0.0005s ]
SQL: SELECT * FROM `cmf_config_private` WHERE ( id='1' ) LIMIT 1   [ RunTime:0.0001s ]
SQL: SHOW COLUMNS FROM `cmf_experlevel` [ RunTime:0.0004s ]
SQL: SELECT `levelid`,`level_up` FROM `cmf_experlevel` ORDER BY level_up asc  [ RunTime:0.0001s ]
SQL: SELECT * FROM `cmf_config_private` WHERE ( id='1' ) LIMIT 1   [ RunTime:0.0001s ]
NOTIC: [8] Undefined variable: level_a /data/wwwroot/livenew.yunbaozhibo.com/wxshare/Application/Common/Common/function.php 第 184 行.
SQL: SELECT * FROM `cmf_config_private` WHERE ( id='1' ) LIMIT 1   [ RunTime:0.0001s ]
SQL: SHOW COLUMNS FROM `cmf_experlevel_anchor` [ RunTime:0.0003s ]
SQL: SELECT `levelid`,`level_up` FROM `cmf_experlevel_anchor` ORDER BY level_up asc  [ RunTime:0.0001s ]
SQL: SELECT * FROM `cmf_config_private` WHERE ( id='1' ) LIMIT 1   [ RunTime:0.0001s ]
NOTIC: [8] Undefined variable: level_a /data/wwwroot/livenew.yunbaozhibo.com/wxshare/Application/Common/Common/function.php 第 207 行.
SQL: SHOW COLUMNS FROM `cmf_users_vip` [ RunTime:0.0003s ]
SQL: SELECT * FROM `cmf_users_vip` WHERE ( uid=20868 and endtime>1534079741 ) LIMIT 1   [ RunTime:0.0003s ]
SQL: SHOW COLUMNS FROM `cmf_liang` [ RunTime:0.0003s ]
SQL: SELECT * FROM `cmf_liang` WHERE ( uid=20868 and status=1 and state=1 ) LIMIT 1   [ RunTime:0.0003s ]
SQL: SHOW COLUMNS FROM `cmf_users_attention` [ RunTime:0.0004s ]
SQL: SELECT * FROM `cmf_users_attention` WHERE ( uid='20868' and touid='17947' ) LIMIT 1   [ RunTime:0.0002s ]
INFO: [ view_parse ] --START--
INFO: [ template_filter ] --START--
INFO: Run Behavior\ContentReplaceBehavior [ RunTime:0.000143s ]
INFO: [ template_filter ] --END-- [ RunTime:0.000170s ]
INFO: Run Behavior\ParseTemplateBehavior [ RunTime:0.005402s ]
INFO: [ view_parse ] --END-- [ RunTime:0.005427s ]
INFO: [ view_filter ] --START--
INFO: Run Behavior\WriteHtmlCacheBehavior [ RunTime:0.000105s ]
INFO: [ view_filter ] --END-- [ RunTime:0.000122s ]
INFO: [ app_end ] --START--
INFO: Run Behavior\ShowPageTraceBehavior [ RunTime:0.000287s ]
INFO: [ app_end ] --END-- [ RunTime:0.000309s ]

[ 2018-08-12T21:15:41+08:00 ] 115.57.145.221 /wxshare/index.php/Share/getGift
INFO: [ app_init ] --START--
INFO: Run Behavior\BuildLiteBehavior [ RunTime:0.000007s ]
INFO: [ app_init ] --END-- [ RunTime:0.000032s ]
INFO: [ app_begin ] --START--
INFO: Run Behavior\ReadHtmlCacheBehavior [ RunTime:0.000216s ]
INFO: [ app_begin ] --END-- [ RunTime:0.000236s ]
NOTIC: [2] Declaration of Home\Controller\ShareController::show() should be compatible with Think\Controller::show($content, $charset = '', $contentType = '', $prefix = '') /data/wwwroot/livenew.yunbaozhibo.com/wxshare/Application/Home/Controller/ShareController.class.php 第 619 行.
SQL: SHOW COLUMNS FROM `cmf_gift` [ RunTime:0.0007s ]
SQL: SELECT `id`,`type`,`giftname`,`needcoin`,`gifticon` FROM `cmf_gift` ORDER BY orderno asc  [ RunTime:0.0001s ]

[ 2018-08-12T21:15:44+08:00 ] 115.57.145.221 /wxshare/index.php/Share/setNodeInfo?liveuid=17947
INFO: [ app_init ] --START--
INFO: Run Behavior\BuildLiteBehavior [ RunTime:0.000009s ]
INFO: [ app_init ] --END-- [ RunTime:0.000039s ]
INFO: [ app_begin ] --START--
INFO: Run Behavior\ReadHtmlCacheBehavior [ RunTime:0.000214s ]
INFO: [ app_begin ] --END-- [ RunTime:0.000235s ]
NOTIC: [2] Declaration of Home\Controller\ShareController::show() should be compatible with Think\Controller::show($content, $charset = '', $contentType = '', $prefix = '') /data/wwwroot/livenew.yunbaozhibo.com/wxshare/Application/Home/Controller/ShareController.class.php 第 619 行.
SQL: SHOW COLUMNS FROM `cmf_users` [ RunTime:0.0007s ]
SQL: SELECT `id`,`user_nicename`,`avatar`,`avatar_thumb`,`sex`,`signature`,`consumption`,`votestotal`,`province`,`city`,`birthday`,`issuper` FROM `cmf_users` WHERE ( id='20868' ) LIMIT 1   [ RunTime:0.0004s ]
SQL: SHOW COLUMNS FROM `cmf_config_private` [ RunTime:0.0008s ]
SQL: SELECT * FROM `cmf_config_private` WHERE ( id='1' ) LIMIT 1   [ RunTime:0.0001s ]
SQL: SHOW COLUMNS FROM `cmf_experlevel` [ RunTime:0.0003s ]
SQL: SELECT `levelid`,`level_up` FROM `cmf_experlevel` ORDER BY level_up asc  [ RunTime:0.0001s ]
SQL: SELECT * FROM `cmf_config_private` WHERE ( id='1' ) LIMIT 1   [ RunTime:0.0001s ]
NOTIC: [8] Undefined variable: level_a /data/wwwroot/livenew.yunbaozhibo.com/wxshare/Application/Common/Common/function.php 第 184 行.
SQL: SELECT * FROM `cmf_config_private` WHERE ( id='1' ) LIMIT 1   [ RunTime:0.0001s ]
SQL: SHOW COLUMNS FROM `cmf_experlevel_anchor` [ RunTime:0.0003s ]
SQL: SELECT `levelid`,`level_up` FROM `cmf_experlevel_anchor` ORDER BY level_up asc  [ RunTime:0.0001s ]
SQL: SELECT * FROM `cmf_config_private` WHERE ( id='1' ) LIMIT 1   [ RunTime:0.0001s ]
NOTIC: [8] Undefined variable: level_a /data/wwwroot/livenew.yunbaozhibo.com/wxshare/Application/Common/Common/function.php 第 207 行.
SQL: SHOW COLUMNS FROM `cmf_users_vip` [ RunTime:0.0003s ]
SQL: SELECT * FROM `cmf_users_vip` WHERE ( uid=20868 and endtime>1534079744 ) LIMIT 1   [ RunTime:0.0004s ]
SQL: SHOW COLUMNS FROM `cmf_liang` [ RunTime:0.0003s ]
SQL: SELECT * FROM `cmf_liang` WHERE ( uid=20868 and status=1 and state=1 ) LIMIT 1   [ RunTime:0.0001s ]
SQL: SHOW COLUMNS FROM `cmf_users_car` [ RunTime:0.0004s ]
SQL: SELECT * FROM `cmf_users_car` WHERE ( uid=20868 and endtime>1534079744 and status=1 ) LIMIT 1   [ RunTime:0.0002s ]
INFO: [ app_end ] --START--
INFO: Run Behavior\ShowPageTraceBehavior [ RunTime:0.000374s ]
INFO: [ app_end ] --END-- [ RunTime:0.000398s ]

[ 2018-08-12T21:16:20+08:00 ] 115.57.145.221 /wxshare/index.php/Share/follow
INFO: [ app_init ] --START--
INFO: Run Behavior\BuildLiteBehavior [ RunTime:0.000006s ]
INFO: [ app_init ] --END-- [ RunTime:0.000043s ]
INFO: [ app_begin ] --START--
INFO: Run Behavior\ReadHtmlCacheBehavior [ RunTime:0.000213s ]
INFO: [ app_begin ] --END-- [ RunTime:0.000231s ]
NOTIC: [2] Declaration of Home\Controller\ShareController::show() should be compatible with Think\Controller::show($content, $charset = '', $contentType = '', $prefix = '') /data/wwwroot/livenew.yunbaozhibo.com/wxshare/Application/Home/Controller/ShareController.class.php 第 619 行.
SQL: SHOW COLUMNS FROM `cmf_users_attention` [ RunTime:0.0004s ]
SQL: INSERT INTO `cmf_users_attention` (`uid`,`touid`) VALUES ('20868','17947') [ RunTime:0.0030s ]

