[ 2018-06-30T04:07:43+08:00 ] 106.120.160.109 /wxshare/index.php/Share/show?roomnum=19463
INFO: [ app_init ] --START--
INFO: Run Behavior\BuildLiteBehavior [ RunTime:0.000007s ]
INFO: [ app_init ] --END-- [ RunTime:0.000029s ]
INFO: [ app_begin ] --START--
INFO: Run Behavior\ReadHtmlCacheBehavior [ RunTime:0.000239s ]
INFO: [ app_begin ] --END-- [ RunTime:0.000261s ]
NOTIC: [2] Declaration of Home\Controller\ShareController::show() should be compatible with Think\Controller::show($content, $charset = '', $contentType = '', $prefix = '') /data/wwwroot/livenew.yunbaozhibo.com/wxshare/Application/Home/Controller/ShareController.class.php 第 619 行.
SQL: SHOW COLUMNS FROM `cmf_users` [ RunTime:0.0008s ]
SQL: SHOW COLUMNS FROM `cmf_users_live` [ RunTime:0.0004s ]
SQL: SHOW COLUMNS FROM `cmf_config_private` [ RunTime:0.0007s ]
SQL: SELECT * FROM `cmf_config_private` WHERE ( id='1' ) LIMIT 1   [ RunTime:0.0002s ]
SQL: SHOW COLUMNS FROM `cmf_config` [ RunTime:0.0005s ]
SQL: SELECT * FROM `cmf_config` WHERE ( id='1' ) LIMIT 1   [ RunTime:0.0001s ]
SQL: SELECT `uid`,`user_nicename`,`avatar`,`avatar_thumb`,`islive`,`stream`,`pull`,`isvideo`,`type`,`goodnum` FROM `cmf_users_live` WHERE ( uid='19463' and islive='1' ) LIMIT 1   [ RunTime:0.0003s ]
SQL: SELECT `id`,`user_nicename`,`avatar`,`avatar_thumb` FROM `cmf_users` WHERE ( id='19463' ) LIMIT 1   [ RunTime:0.0002s ]
SQL: SHOW COLUMNS FROM `cmf_liang` [ RunTime:0.0003s ]
SQL: SELECT * FROM `cmf_liang` WHERE ( uid=19463 and status=1 and state=1 ) LIMIT 1   [ RunTime:0.0004s ]
NOTIC: [8] Undefined index: isvideo /data/wwwroot/livenew.yunbaozhibo.com/wxshare/Application/Home/Controller/ShareController.class.php 第 61 行.
NOTIC: [8] Undefined index: type /data/wwwroot/livenew.yunbaozhibo.com/wxshare/Application/Home/Controller/ShareController.class.php 第 67 行.
NOTIC: [8] Undefined variable: userinfo /data/wwwroot/livenew.yunbaozhibo.com/wxshare/Application/Home/Controller/ShareController.class.php 第 83 行.
NOTIC: [8] Undefined variable: userinfo /data/wwwroot/livenew.yunbaozhibo.com/wxshare/Application/Home/Controller/ShareController.class.php 第 84 行.
INFO: [ view_parse ] --START--
INFO: [ template_filter ] --START--
INFO: Run Behavior\ContentReplaceBehavior [ RunTime:0.000130s ]
INFO: [ template_filter ] --END-- [ RunTime:0.000147s ]
NOTIC: [8] Undefined index: stream /data/wwwroot/livenew.yunbaozhibo.com/wxshare/Application/Runtime/Cache/Home/fc1b44603069baeed8bb5c39d030251e.php 第 24 行.
NOTIC: [8] Undefined index: type /data/wwwroot/livenew.yunbaozhibo.com/wxshare/Application/Runtime/Cache/Home/fc1b44603069baeed8bb5c39d030251e.php 第 123 行.
NOTIC: [8] Undefined index: type /data/wwwroot/livenew.yunbaozhibo.com/wxshare/Application/Runtime/Cache/Home/fc1b44603069baeed8bb5c39d030251e.php 第 124 行.
INFO: Run Behavior\ParseTemplateBehavior [ RunTime:0.005232s ]
INFO: [ view_parse ] --END-- [ RunTime:0.005256s ]
INFO: [ view_filter ] --START--
INFO: Run Behavior\WriteHtmlCacheBehavior [ RunTime:0.000081s ]
INFO: [ view_filter ] --END-- [ RunTime:0.000093s ]
INFO: [ app_end ] --START--
INFO: Run Behavior\ShowPageTraceBehavior [ RunTime:0.000242s ]
INFO: [ app_end ] --END-- [ RunTime:0.000259s ]

[ 2018-06-30T04:08:03+08:00 ] 220.181.132.199 /wxshare/index.php/Share/show?roomnum=19463
INFO: [ app_init ] --START--
INFO: Run Behavior\BuildLiteBehavior [ RunTime:0.000006s ]
INFO: [ app_init ] --END-- [ RunTime:0.000030s ]
INFO: [ app_begin ] --START--
INFO: Run Behavior\ReadHtmlCacheBehavior [ RunTime:0.000216s ]
INFO: [ app_begin ] --END-- [ RunTime:0.000236s ]
NOTIC: [2] Declaration of Home\Controller\ShareController::show() should be compatible with Think\Controller::show($content, $charset = '', $contentType = '', $prefix = '') /data/wwwroot/livenew.yunbaozhibo.com/wxshare/Application/Home/Controller/ShareController.class.php 第 619 行.
SQL: SHOW COLUMNS FROM `cmf_users` [ RunTime:0.0008s ]
SQL: SHOW COLUMNS FROM `cmf_users_live` [ RunTime:0.0004s ]
SQL: SHOW COLUMNS FROM `cmf_config_private` [ RunTime:0.0006s ]
SQL: SELECT * FROM `cmf_config_private` WHERE ( id='1' ) LIMIT 1   [ RunTime:0.0002s ]
SQL: SHOW COLUMNS FROM `cmf_config` [ RunTime:0.0005s ]
SQL: SELECT * FROM `cmf_config` WHERE ( id='1' ) LIMIT 1   [ RunTime:0.0001s ]
SQL: SELECT `uid`,`user_nicename`,`avatar`,`avatar_thumb`,`islive`,`stream`,`pull`,`isvideo`,`type`,`goodnum` FROM `cmf_users_live` WHERE ( uid='19463' and islive='1' ) LIMIT 1   [ RunTime:0.0001s ]
SQL: SELECT `id`,`user_nicename`,`avatar`,`avatar_thumb` FROM `cmf_users` WHERE ( id='19463' ) LIMIT 1   [ RunTime:0.0001s ]
SQL: SHOW COLUMNS FROM `cmf_liang` [ RunTime:0.0003s ]
SQL: SELECT * FROM `cmf_liang` WHERE ( uid=19463 and status=1 and state=1 ) LIMIT 1   [ RunTime:0.0001s ]
NOTIC: [8] Undefined index: isvideo /data/wwwroot/livenew.yunbaozhibo.com/wxshare/Application/Home/Controller/ShareController.class.php 第 61 行.
NOTIC: [8] Undefined index: type /data/wwwroot/livenew.yunbaozhibo.com/wxshare/Application/Home/Controller/ShareController.class.php 第 67 行.
NOTIC: [8] Undefined variable: userinfo /data/wwwroot/livenew.yunbaozhibo.com/wxshare/Application/Home/Controller/ShareController.class.php 第 83 行.
NOTIC: [8] Undefined variable: userinfo /data/wwwroot/livenew.yunbaozhibo.com/wxshare/Application/Home/Controller/ShareController.class.php 第 84 行.
INFO: [ view_parse ] --START--
INFO: [ template_filter ] --START--
INFO: Run Behavior\ContentReplaceBehavior [ RunTime:0.000133s ]
INFO: [ template_filter ] --END-- [ RunTime:0.000153s ]
NOTIC: [8] Undefined index: stream /data/wwwroot/livenew.yunbaozhibo.com/wxshare/Application/Runtime/Cache/Home/fc1b44603069baeed8bb5c39d030251e.php 第 24 行.
NOTIC: [8] Undefined index: type /data/wwwroot/livenew.yunbaozhibo.com/wxshare/Application/Runtime/Cache/Home/fc1b44603069baeed8bb5c39d030251e.php 第 123 行.
NOTIC: [8] Undefined index: type /data/wwwroot/livenew.yunbaozhibo.com/wxshare/Application/Runtime/Cache/Home/fc1b44603069baeed8bb5c39d030251e.php 第 124 行.
INFO: Run Behavior\ParseTemplateBehavior [ RunTime:0.005235s ]
INFO: [ view_parse ] --END-- [ RunTime:0.005255s ]
INFO: [ view_filter ] --START--
INFO: Run Behavior\WriteHtmlCacheBehavior [ RunTime:0.000085s ]
INFO: [ view_filter ] --END-- [ RunTime:0.000096s ]
INFO: [ app_end ] --START--
INFO: Run Behavior\ShowPageTraceBehavior [ RunTime:0.000258s ]
INFO: [ app_end ] --END-- [ RunTime:0.000275s ]

[ 2018-06-30T13:51:34+08:00 ] 101.226.102.70 /wxshare/index.php/Share/index
INFO: [ app_init ] --START--
INFO: Run Behavior\BuildLiteBehavior [ RunTime:0.000007s ]
INFO: [ app_init ] --END-- [ RunTime:0.000031s ]
INFO: [ app_begin ] --START--
INFO: Run Behavior\ReadHtmlCacheBehavior [ RunTime:0.000216s ]
INFO: [ app_begin ] --END-- [ RunTime:0.000235s ]
NOTIC: [2] Declaration of Home\Controller\ShareController::show() should be compatible with Think\Controller::show($content, $charset = '', $contentType = '', $prefix = '') /data/wwwroot/livenew.yunbaozhibo.com/wxshare/Application/Home/Controller/ShareController.class.php 第 619 行.
SQL: SHOW COLUMNS FROM `cmf_config` [ RunTime:0.0008s ]
SQL: SELECT * FROM `cmf_config` WHERE ( id='1' ) LIMIT 1   [ RunTime:0.0002s ]
SQL: select l.uid,l.avatar,l.avatar_thumb,l.user_nicename,l.title,l.city,l.stream,l.pull,l.thumb from cmf_users_live l left join cmf_users u on l.uid=u.id where l.islive= '1'  order by u.isrecommend desc,l.starttime desc limit 0,20 [ RunTime:0.0009s ]
INFO: [ view_parse ] --START--
INFO: [ template_filter ] --START--
INFO: Run Behavior\ContentReplaceBehavior [ RunTime:0.000032s ]
INFO: [ template_filter ] --END-- [ RunTime:0.000053s ]
INFO: Run Behavior\ParseTemplateBehavior [ RunTime:0.003749s ]
INFO: [ view_parse ] --END-- [ RunTime:0.003779s ]
INFO: [ view_filter ] --START--
INFO: Run Behavior\WriteHtmlCacheBehavior [ RunTime:0.000099s ]
INFO: [ view_filter ] --END-- [ RunTime:0.000111s ]
INFO: [ app_end ] --START--
INFO: Run Behavior\ShowPageTraceBehavior [ RunTime:0.000256s ]
INFO: [ app_end ] --END-- [ RunTime:0.000273s ]

[ 2018-06-30T14:32:32+08:00 ] 117.44.187.50 /wxshare/index.php/Share/index
INFO: [ app_init ] --START--
INFO: Run Behavior\BuildLiteBehavior [ RunTime:0.000008s ]
INFO: [ app_init ] --END-- [ RunTime:0.000038s ]
INFO: [ app_begin ] --START--
INFO: Run Behavior\ReadHtmlCacheBehavior [ RunTime:0.000305s ]
INFO: [ app_begin ] --END-- [ RunTime:0.000329s ]
NOTIC: [2] Declaration of Home\Controller\ShareController::show() should be compatible with Think\Controller::show($content, $charset = '', $contentType = '', $prefix = '') /data/wwwroot/livenew.yunbaozhibo.com/wxshare/Application/Home/Controller/ShareController.class.php 第 619 行.
SQL: SHOW COLUMNS FROM `cmf_config` [ RunTime:0.0008s ]
SQL: SELECT * FROM `cmf_config` WHERE ( id='1' ) LIMIT 1   [ RunTime:0.0002s ]
SQL: select l.uid,l.avatar,l.avatar_thumb,l.user_nicename,l.title,l.city,l.stream,l.pull,l.thumb from cmf_users_live l left join cmf_users u on l.uid=u.id where l.islive= '1'  order by u.isrecommend desc,l.starttime desc limit 0,20 [ RunTime:0.0006s ]
INFO: [ view_parse ] --START--
INFO: [ template_filter ] --START--
INFO: Run Behavior\ContentReplaceBehavior [ RunTime:0.000030s ]
INFO: [ template_filter ] --END-- [ RunTime:0.000053s ]
INFO: Run Behavior\ParseTemplateBehavior [ RunTime:0.003358s ]
INFO: [ view_parse ] --END-- [ RunTime:0.003392s ]
INFO: [ view_filter ] --START--
INFO: Run Behavior\WriteHtmlCacheBehavior [ RunTime:0.000089s ]
INFO: [ view_filter ] --END-- [ RunTime:0.000101s ]
INFO: [ app_end ] --START--
INFO: Run Behavior\ShowPageTraceBehavior [ RunTime:0.000281s ]
INFO: [ app_end ] --END-- [ RunTime:0.000298s ]

[ 2018-06-30T14:32:35+08:00 ] 117.44.187.50 /wxshare/index.php/Share/show?roomnum=13481
INFO: [ app_init ] --START--
INFO: Run Behavior\BuildLiteBehavior [ RunTime:0.000007s ]
INFO: [ app_init ] --END-- [ RunTime:0.000032s ]
INFO: [ app_begin ] --START--
INFO: Run Behavior\ReadHtmlCacheBehavior [ RunTime:0.000214s ]
INFO: [ app_begin ] --END-- [ RunTime:0.000232s ]
NOTIC: [2] Declaration of Home\Controller\ShareController::show() should be compatible with Think\Controller::show($content, $charset = '', $contentType = '', $prefix = '') /data/wwwroot/livenew.yunbaozhibo.com/wxshare/Application/Home/Controller/ShareController.class.php 第 619 行.
SQL: SHOW COLUMNS FROM `cmf_users` [ RunTime:0.0007s ]
SQL: SHOW COLUMNS FROM `cmf_users_live` [ RunTime:0.0005s ]
SQL: SHOW COLUMNS FROM `cmf_config_private` [ RunTime:0.0007s ]
SQL: SELECT * FROM `cmf_config_private` WHERE ( id='1' ) LIMIT 1   [ RunTime:0.0002s ]
SQL: SHOW COLUMNS FROM `cmf_config` [ RunTime:0.0006s ]
SQL: SELECT * FROM `cmf_config` WHERE ( id='1' ) LIMIT 1   [ RunTime:0.0001s ]
SQL: SELECT `uid`,`user_nicename`,`avatar`,`avatar_thumb`,`islive`,`stream`,`pull`,`isvideo`,`type`,`goodnum` FROM `cmf_users_live` WHERE ( uid='13481' and islive='1' ) LIMIT 1   [ RunTime:0.0003s ]
NOTIC: [8] Undefined variable: userinfo /data/wwwroot/livenew.yunbaozhibo.com/wxshare/Application/Home/Controller/ShareController.class.php 第 83 行.
NOTIC: [8] Undefined variable: userinfo /data/wwwroot/livenew.yunbaozhibo.com/wxshare/Application/Home/Controller/ShareController.class.php 第 84 行.
INFO: [ view_parse ] --START--
INFO: [ template_filter ] --START--
INFO: Run Behavior\ContentReplaceBehavior [ RunTime:0.000151s ]
INFO: [ template_filter ] --END-- [ RunTime:0.000190s ]
INFO: Run Behavior\ParseTemplateBehavior [ RunTime:0.006194s ]
INFO: [ view_parse ] --END-- [ RunTime:0.006223s ]
INFO: [ view_filter ] --START--
INFO: Run Behavior\WriteHtmlCacheBehavior [ RunTime:0.000133s ]
INFO: [ view_filter ] --END-- [ RunTime:0.000151s ]
INFO: [ app_end ] --START--
INFO: Run Behavior\ShowPageTraceBehavior [ RunTime:0.000303s ]
INFO: [ app_end ] --END-- [ RunTime:0.000323s ]

[ 2018-06-30T14:32:35+08:00 ] 117.44.187.50 /wxshare/index.php/Share/wxLogin?roomnum=13481
INFO: [ app_init ] --START--
INFO: Run Behavior\BuildLiteBehavior [ RunTime:0.000006s ]
INFO: [ app_init ] --END-- [ RunTime:0.000028s ]
INFO: [ app_begin ] --START--
INFO: Run Behavior\ReadHtmlCacheBehavior [ RunTime:0.000228s ]
INFO: [ app_begin ] --END-- [ RunTime:0.000247s ]
NOTIC: [2] Declaration of Home\Controller\ShareController::show() should be compatible with Think\Controller::show($content, $charset = '', $contentType = '', $prefix = '') /data/wwwroot/livenew.yunbaozhibo.com/wxshare/Application/Home/Controller/ShareController.class.php 第 619 行.
SQL: SHOW COLUMNS FROM `cmf_config_private` [ RunTime:0.0009s ]
SQL: SELECT * FROM `cmf_config_private` WHERE ( id='1' ) LIMIT 1   [ RunTime:0.0002s ]
NOTIC: [8] A session had already been started - ignoring session_start() /data/wwwroot/livenew.yunbaozhibo.com/wxshare/Application/Home/Controller/ShareController.class.php 第 96 行.
INFO: [ app_end ] --START--
INFO: Run Behavior\ShowPageTraceBehavior [ RunTime:0.000268s ]
INFO: [ app_end ] --END-- [ RunTime:0.000286s ]

[ 2018-06-30T14:32:37+08:00 ] 117.44.187.50 /wxshare/index.php/Share/wxLoginCallback?roomnum=13481&code=071Ji9Ma1t2SRu0bX2Oa1zu2Ma1Ji9Md&state=1c2d98e600c2362c62272a8973176e4b
INFO: [ app_init ] --START--
INFO: Run Behavior\BuildLiteBehavior [ RunTime:0.000006s ]
INFO: [ app_init ] --END-- [ RunTime:0.000029s ]
INFO: [ app_begin ] --START--
INFO: Run Behavior\ReadHtmlCacheBehavior [ RunTime:0.000273s ]
INFO: [ app_begin ] --END-- [ RunTime:0.000293s ]
NOTIC: [2] Declaration of Home\Controller\ShareController::show() should be compatible with Think\Controller::show($content, $charset = '', $contentType = '', $prefix = '') /data/wwwroot/livenew.yunbaozhibo.com/wxshare/Application/Home/Controller/ShareController.class.php 第 619 行.
SQL: SHOW COLUMNS FROM `cmf_config_private` [ RunTime:0.0010s ]
SQL: SELECT * FROM `cmf_config_private` WHERE ( id='1' ) LIMIT 1   [ RunTime:0.0002s ]
SQL: SHOW COLUMNS FROM `cmf_users` [ RunTime:0.0009s ]
SQL: SELECT `id`,`user_login`,`user_nicename`,`avatar`,`avatar_thumb`,`sex`,`signature`,`consumption`,`votestotal`,`province`,`city`,`coin`,`votes`,`birthday`,`issuper` FROM `cmf_users` WHERE ( openid!='' and openid='oAPK4wajF69vm8rYhHC_qSt3Gtl8' ) LIMIT 1   [ RunTime:0.0094s ]
SQL: INSERT INTO `cmf_users` (`openid`,`user_login`,`user_pass`,`user_nicename`,`sex`,`avatar`,`avatar_thumb`,`login_type`,`last_login_ip`,`create_time`,`last_login_time`,`user_status`,`user_type`,`signature`) VALUES ('oAPK4wajF69vm8rYhHC_qSt3Gtl8','wx_1530340357Gtl8','###73b13b8b4d767f6c3c2953f123d1a721','陈','1','http://thirdwx.qlogo.cn/mmopen/vi_32/Q0j4TwGTfTL1jqa63UwdoIpspwC6w4mVBb4YPicy9cTAYRV4Hmr8OD4rmZy5ticicERiarAaul1G92oavj3Qg72dvw/132','http://thirdwx.qlogo.cn/mmopen/vi_32/Q0j4TwGTfTL1jqa63UwdoIpspwC6w4mVBb4YPicy9cTAYRV4Hmr8OD4rmZy5ticicERiarAaul1G92oavj3Qg72dvw/132','wx','117.44.187.50','2018-06-30 14:32:37','2018-06-30 14:32:37','1','2','这家伙很懒，什么都没留下') [ RunTime:0.0039s ]
SQL: SELECT `id`,`user_login`,`user_nicename`,`avatar`,`avatar_thumb`,`sex`,`signature`,`consumption`,`votestotal`,`province`,`city`,`coin`,`votes`,`birthday`,`issuper` FROM `cmf_users` WHERE ( id='20115' ) LIMIT 1   [ RunTime:0.0004s ]
SQL: SELECT * FROM `cmf_config_private` WHERE ( id='1' ) LIMIT 1   [ RunTime:0.0001s ]
SQL: SHOW COLUMNS FROM `cmf_experlevel` [ RunTime:0.0006s ]
SQL: SELECT `levelid`,`level_up` FROM `cmf_experlevel` ORDER BY level_up asc  [ RunTime:0.0001s ]
SQL: SELECT * FROM `cmf_config_private` WHERE ( id='1' ) LIMIT 1   [ RunTime:0.0001s ]
NOTIC: [8] Undefined variable: level_a /data/wwwroot/livenew.yunbaozhibo.com/wxshare/Application/Common/Common/function.php 第 184 行.
SQL: UPDATE `cmf_users` SET `token`='0f5a0bb1aa79798a2be4d0661cbe9234',`expiretime`='1556260357' WHERE ( id='20115' ) [ RunTime:0.0028s ]
INFO: [ app_end ] --START--
INFO: Run Behavior\ShowPageTraceBehavior [ RunTime:0.000420s ]
INFO: [ app_end ] --END-- [ RunTime:0.000442s ]

[ 2018-06-30T14:32:37+08:00 ] 117.44.187.50 /wxshare/index.php/Share/show?roomnum=13481
INFO: [ app_init ] --START--
INFO: Run Behavior\BuildLiteBehavior [ RunTime:0.000008s ]
INFO: [ app_init ] --END-- [ RunTime:0.000040s ]
INFO: [ app_begin ] --START--
INFO: Run Behavior\ReadHtmlCacheBehavior [ RunTime:0.000256s ]
INFO: [ app_begin ] --END-- [ RunTime:0.000278s ]
NOTIC: [2] Declaration of Home\Controller\ShareController::show() should be compatible with Think\Controller::show($content, $charset = '', $contentType = '', $prefix = '') /data/wwwroot/livenew.yunbaozhibo.com/wxshare/Application/Home/Controller/ShareController.class.php 第 619 行.
SQL: SHOW COLUMNS FROM `cmf_users` [ RunTime:0.0007s ]
SQL: SHOW COLUMNS FROM `cmf_users_live` [ RunTime:0.0004s ]
SQL: SHOW COLUMNS FROM `cmf_config_private` [ RunTime:0.0008s ]
SQL: SELECT * FROM `cmf_config_private` WHERE ( id='1' ) LIMIT 1   [ RunTime:0.0002s ]
SQL: SHOW COLUMNS FROM `cmf_config` [ RunTime:0.0006s ]
SQL: SELECT * FROM `cmf_config` WHERE ( id='1' ) LIMIT 1   [ RunTime:0.0001s ]
SQL: SELECT `uid`,`user_nicename`,`avatar`,`avatar_thumb`,`islive`,`stream`,`pull`,`isvideo`,`type`,`goodnum` FROM `cmf_users_live` WHERE ( uid='13481' and islive='1' ) LIMIT 1   [ RunTime:0.0001s ]
SQL: SELECT `id`,`user_login`,`user_nicename`,`avatar`,`avatar_thumb`,`sex`,`signature`,`consumption`,`votestotal`,`province`,`city`,`coin`,`votes`,`token`,`birthday`,`issuper` FROM `cmf_users` WHERE ( id='20115' ) LIMIT 1   [ RunTime:0.0003s ]
SQL: SELECT * FROM `cmf_config_private` WHERE ( id='1' ) LIMIT 1   [ RunTime:0.0001s ]
SQL: SHOW COLUMNS FROM `cmf_experlevel` [ RunTime:0.0004s ]
SQL: SELECT `levelid`,`level_up` FROM `cmf_experlevel` ORDER BY level_up asc  [ RunTime:0.0001s ]
SQL: SELECT * FROM `cmf_config_private` WHERE ( id='1' ) LIMIT 1   [ RunTime:0.0001s ]
NOTIC: [8] Undefined variable: level_a /data/wwwroot/livenew.yunbaozhibo.com/wxshare/Application/Common/Common/function.php 第 184 行.
SQL: SELECT * FROM `cmf_config_private` WHERE ( id='1' ) LIMIT 1   [ RunTime:0.0001s ]
SQL: SHOW COLUMNS FROM `cmf_experlevel_anchor` [ RunTime:0.0004s ]
SQL: SELECT `levelid`,`level_up` FROM `cmf_experlevel_anchor` ORDER BY level_up asc  [ RunTime:0.0001s ]
SQL: SELECT * FROM `cmf_config_private` WHERE ( id='1' ) LIMIT 1   [ RunTime:0.0001s ]
NOTIC: [8] Undefined variable: level_a /data/wwwroot/livenew.yunbaozhibo.com/wxshare/Application/Common/Common/function.php 第 207 行.
SQL: SHOW COLUMNS FROM `cmf_users_vip` [ RunTime:0.0004s ]
SQL: SELECT * FROM `cmf_users_vip` WHERE ( uid=20115 and endtime>1530340357 ) LIMIT 1   [ RunTime:0.0004s ]
SQL: SHOW COLUMNS FROM `cmf_liang` [ RunTime:0.0003s ]
SQL: SELECT * FROM `cmf_liang` WHERE ( uid=20115 and status=1 and state=1 ) LIMIT 1   [ RunTime:0.0003s ]
SQL: SHOW COLUMNS FROM `cmf_users_attention` [ RunTime:0.0003s ]
SQL: SELECT * FROM `cmf_users_attention` WHERE ( uid='20115' and touid='13481' ) LIMIT 1   [ RunTime:0.0002s ]
INFO: [ view_parse ] --START--
INFO: [ template_filter ] --START--
INFO: Run Behavior\ContentReplaceBehavior [ RunTime:0.000136s ]
INFO: [ template_filter ] --END-- [ RunTime:0.000170s ]
INFO: Run Behavior\ParseTemplateBehavior [ RunTime:0.005376s ]
INFO: [ view_parse ] --END-- [ RunTime:0.005399s ]
INFO: [ view_filter ] --START--
INFO: Run Behavior\WriteHtmlCacheBehavior [ RunTime:0.000090s ]
INFO: [ view_filter ] --END-- [ RunTime:0.000104s ]
INFO: [ app_end ] --START--
INFO: Run Behavior\ShowPageTraceBehavior [ RunTime:0.000282s ]
INFO: [ app_end ] --END-- [ RunTime:0.000300s ]

[ 2018-06-30T14:32:37+08:00 ] 117.44.187.50 /wxshare/index.php/Share/show?roomnum=13481
INFO: [ app_init ] --START--
INFO: Run Behavior\BuildLiteBehavior [ RunTime:0.000006s ]
INFO: [ app_init ] --END-- [ RunTime:0.000028s ]
INFO: [ app_begin ] --START--
INFO: Run Behavior\ReadHtmlCacheBehavior [ RunTime:0.000220s ]
INFO: [ app_begin ] --END-- [ RunTime:0.000239s ]
NOTIC: [2] Declaration of Home\Controller\ShareController::show() should be compatible with Think\Controller::show($content, $charset = '', $contentType = '', $prefix = '') /data/wwwroot/livenew.yunbaozhibo.com/wxshare/Application/Home/Controller/ShareController.class.php 第 619 行.
SQL: SHOW COLUMNS FROM `cmf_users` [ RunTime:0.0007s ]
SQL: SHOW COLUMNS FROM `cmf_users_live` [ RunTime:0.0004s ]
SQL: SHOW COLUMNS FROM `cmf_config_private` [ RunTime:0.0008s ]
SQL: SELECT * FROM `cmf_config_private` WHERE ( id='1' ) LIMIT 1   [ RunTime:0.0002s ]
SQL: SHOW COLUMNS FROM `cmf_config` [ RunTime:0.0005s ]
SQL: SELECT * FROM `cmf_config` WHERE ( id='1' ) LIMIT 1   [ RunTime:0.0001s ]
SQL: SELECT `uid`,`user_nicename`,`avatar`,`avatar_thumb`,`islive`,`stream`,`pull`,`isvideo`,`type`,`goodnum` FROM `cmf_users_live` WHERE ( uid='13481' and islive='1' ) LIMIT 1   [ RunTime:0.0001s ]
SQL: SELECT `id`,`user_login`,`user_nicename`,`avatar`,`avatar_thumb`,`sex`,`signature`,`consumption`,`votestotal`,`province`,`city`,`coin`,`votes`,`token`,`birthday`,`issuper` FROM `cmf_users` WHERE ( id='20115' ) LIMIT 1   [ RunTime:0.0001s ]
SQL: SELECT * FROM `cmf_config_private` WHERE ( id='1' ) LIMIT 1   [ RunTime:0.0001s ]
SQL: SHOW COLUMNS FROM `cmf_experlevel` [ RunTime:0.0004s ]
SQL: SELECT `levelid`,`level_up` FROM `cmf_experlevel` ORDER BY level_up asc  [ RunTime:0.0001s ]
SQL: SELECT * FROM `cmf_config_private` WHERE ( id='1' ) LIMIT 1   [ RunTime:0.0001s ]
NOTIC: [8] Undefined variable: level_a /data/wwwroot/livenew.yunbaozhibo.com/wxshare/Application/Common/Common/function.php 第 184 行.
SQL: SELECT * FROM `cmf_config_private` WHERE ( id='1' ) LIMIT 1   [ RunTime:0.0001s ]
SQL: SHOW COLUMNS FROM `cmf_experlevel_anchor` [ RunTime:0.0003s ]
SQL: SELECT `levelid`,`level_up` FROM `cmf_experlevel_anchor` ORDER BY level_up asc  [ RunTime:0.0001s ]
SQL: SELECT * FROM `cmf_config_private` WHERE ( id='1' ) LIMIT 1   [ RunTime:0.0001s ]
NOTIC: [8] Undefined variable: level_a /data/wwwroot/livenew.yunbaozhibo.com/wxshare/Application/Common/Common/function.php 第 207 行.
SQL: SHOW COLUMNS FROM `cmf_users_vip` [ RunTime:0.0003s ]
SQL: SELECT * FROM `cmf_users_vip` WHERE ( uid=20115 and endtime>1530340357 ) LIMIT 1   [ RunTime:0.0001s ]
SQL: SHOW COLUMNS FROM `cmf_liang` [ RunTime:0.0003s ]
SQL: SELECT * FROM `cmf_liang` WHERE ( uid=20115 and status=1 and state=1 ) LIMIT 1   [ RunTime:0.0001s ]
SQL: SHOW COLUMNS FROM `cmf_users_attention` [ RunTime:0.0003s ]
SQL: SELECT * FROM `cmf_users_attention` WHERE ( uid='20115' and touid='13481' ) LIMIT 1   [ RunTime:0.0001s ]
INFO: [ view_parse ] --START--
INFO: [ template_filter ] --START--
INFO: Run Behavior\ContentReplaceBehavior [ RunTime:0.000133s ]
INFO: [ template_filter ] --END-- [ RunTime:0.000154s ]
INFO: Run Behavior\ParseTemplateBehavior [ RunTime:0.005189s ]
INFO: [ view_parse ] --END-- [ RunTime:0.005211s ]
INFO: [ view_filter ] --START--
INFO: Run Behavior\WriteHtmlCacheBehavior [ RunTime:0.000086s ]
INFO: [ view_filter ] --END-- [ RunTime:0.000097s ]
INFO: [ app_end ] --START--
INFO: Run Behavior\ShowPageTraceBehavior [ RunTime:0.000256s ]
INFO: [ app_end ] --END-- [ RunTime:0.000273s ]

[ 2018-06-30T14:32:37+08:00 ] 117.44.187.50 /wxshare/index.php/Share/getGift
INFO: [ app_init ] --START--
INFO: Run Behavior\BuildLiteBehavior [ RunTime:0.000007s ]
INFO: [ app_init ] --END-- [ RunTime:0.000031s ]
INFO: [ app_begin ] --START--
INFO: Run Behavior\ReadHtmlCacheBehavior [ RunTime:0.000240s ]
INFO: [ app_begin ] --END-- [ RunTime:0.000261s ]
NOTIC: [2] Declaration of Home\Controller\ShareController::show() should be compatible with Think\Controller::show($content, $charset = '', $contentType = '', $prefix = '') /data/wwwroot/livenew.yunbaozhibo.com/wxshare/Application/Home/Controller/ShareController.class.php 第 619 行.
SQL: SHOW COLUMNS FROM `cmf_gift` [ RunTime:0.0006s ]
SQL: SELECT `id`,`type`,`giftname`,`needcoin`,`gifticon` FROM `cmf_gift` ORDER BY orderno asc  [ RunTime:0.0003s ]

[ 2018-06-30T14:32:39+08:00 ] 117.44.187.50 /wxshare/index.php/Share/setNodeInfo?liveuid=13481
INFO: [ app_init ] --START--
INFO: Run Behavior\BuildLiteBehavior [ RunTime:0.000007s ]
INFO: [ app_init ] --END-- [ RunTime:0.000032s ]
INFO: [ app_begin ] --START--
INFO: Run Behavior\ReadHtmlCacheBehavior [ RunTime:0.000229s ]
INFO: [ app_begin ] --END-- [ RunTime:0.000249s ]
NOTIC: [2] Declaration of Home\Controller\ShareController::show() should be compatible with Think\Controller::show($content, $charset = '', $contentType = '', $prefix = '') /data/wwwroot/livenew.yunbaozhibo.com/wxshare/Application/Home/Controller/ShareController.class.php 第 619 行.
SQL: SHOW COLUMNS FROM `cmf_users` [ RunTime:0.0007s ]
SQL: SELECT `id`,`user_nicename`,`avatar`,`avatar_thumb`,`sex`,`signature`,`consumption`,`votestotal`,`province`,`city`,`birthday`,`issuper` FROM `cmf_users` WHERE ( id='20115' ) LIMIT 1   [ RunTime:0.0003s ]
SQL: SHOW COLUMNS FROM `cmf_config_private` [ RunTime:0.0007s ]
SQL: SELECT * FROM `cmf_config_private` WHERE ( id='1' ) LIMIT 1   [ RunTime:0.0002s ]
SQL: SHOW COLUMNS FROM `cmf_experlevel` [ RunTime:0.0003s ]
SQL: SELECT `levelid`,`level_up` FROM `cmf_experlevel` ORDER BY level_up asc  [ RunTime:0.0001s ]
SQL: SELECT * FROM `cmf_config_private` WHERE ( id='1' ) LIMIT 1   [ RunTime:0.0001s ]
NOTIC: [8] Undefined variable: level_a /data/wwwroot/livenew.yunbaozhibo.com/wxshare/Application/Common/Common/function.php 第 184 行.
SQL: SELECT * FROM `cmf_config_private` WHERE ( id='1' ) LIMIT 1   [ RunTime:0.0001s ]
SQL: SHOW COLUMNS FROM `cmf_experlevel_anchor` [ RunTime:0.0003s ]
SQL: SELECT `levelid`,`level_up` FROM `cmf_experlevel_anchor` ORDER BY level_up asc  [ RunTime:0.0001s ]
SQL: SELECT * FROM `cmf_config_private` WHERE ( id='1' ) LIMIT 1   [ RunTime:0.0001s ]
NOTIC: [8] Undefined variable: level_a /data/wwwroot/livenew.yunbaozhibo.com/wxshare/Application/Common/Common/function.php 第 207 行.
SQL: SHOW COLUMNS FROM `cmf_users_vip` [ RunTime:0.0003s ]
SQL: SELECT * FROM `cmf_users_vip` WHERE ( uid=20115 and endtime>1530340359 ) LIMIT 1   [ RunTime:0.0004s ]
SQL: SHOW COLUMNS FROM `cmf_liang` [ RunTime:0.0003s ]
SQL: SELECT * FROM `cmf_liang` WHERE ( uid=20115 and status=1 and state=1 ) LIMIT 1   [ RunTime:0.0001s ]
SQL: SHOW COLUMNS FROM `cmf_users_car` [ RunTime:0.0003s ]
SQL: SELECT * FROM `cmf_users_car` WHERE ( uid=20115 and endtime>1530340359 and status=1 ) LIMIT 1   [ RunTime:0.0002s ]
INFO: [ app_end ] --START--
INFO: Run Behavior\ShowPageTraceBehavior [ RunTime:0.000419s ]
INFO: [ app_end ] --END-- [ RunTime:0.000443s ]

[ 2018-06-30T14:32:44+08:00 ] 117.44.187.50 /wxshare/index.php/Share/index
INFO: [ app_init ] --START--
INFO: Run Behavior\BuildLiteBehavior [ RunTime:0.000008s ]
INFO: [ app_init ] --END-- [ RunTime:0.000032s ]
INFO: [ app_begin ] --START--
INFO: Run Behavior\ReadHtmlCacheBehavior [ RunTime:0.000208s ]
INFO: [ app_begin ] --END-- [ RunTime:0.000227s ]
NOTIC: [2] Declaration of Home\Controller\ShareController::show() should be compatible with Think\Controller::show($content, $charset = '', $contentType = '', $prefix = '') /data/wwwroot/livenew.yunbaozhibo.com/wxshare/Application/Home/Controller/ShareController.class.php 第 619 行.
SQL: SHOW COLUMNS FROM `cmf_config` [ RunTime:0.0008s ]
SQL: SELECT * FROM `cmf_config` WHERE ( id='1' ) LIMIT 1   [ RunTime:0.0002s ]
SQL: select l.uid,l.avatar,l.avatar_thumb,l.user_nicename,l.title,l.city,l.stream,l.pull,l.thumb from cmf_users_live l left join cmf_users u on l.uid=u.id where l.islive= '1'  order by u.isrecommend desc,l.starttime desc limit 0,20 [ RunTime:0.0007s ]
INFO: [ view_parse ] --START--
INFO: [ template_filter ] --START--
INFO: Run Behavior\ContentReplaceBehavior [ RunTime:0.000031s ]
INFO: [ template_filter ] --END-- [ RunTime:0.000050s ]
INFO: Run Behavior\ParseTemplateBehavior [ RunTime:0.003104s ]
INFO: [ view_parse ] --END-- [ RunTime:0.003129s ]
INFO: [ view_filter ] --START--
INFO: Run Behavior\WriteHtmlCacheBehavior [ RunTime:0.000095s ]
INFO: [ view_filter ] --END-- [ RunTime:0.000108s ]
INFO: [ app_end ] --START--
INFO: Run Behavior\ShowPageTraceBehavior [ RunTime:0.000264s ]
INFO: [ app_end ] --END-- [ RunTime:0.000281s ]

[ 2018-06-30T14:32:48+08:00 ] 117.44.187.50 /wxshare/index.php/Share/show?roomnum=17908
INFO: [ app_init ] --START--
INFO: Run Behavior\BuildLiteBehavior [ RunTime:0.000007s ]
INFO: [ app_init ] --END-- [ RunTime:0.000048s ]
INFO: [ app_begin ] --START--
INFO: Run Behavior\ReadHtmlCacheBehavior [ RunTime:0.000217s ]
INFO: [ app_begin ] --END-- [ RunTime:0.000236s ]
NOTIC: [2] Declaration of Home\Controller\ShareController::show() should be compatible with Think\Controller::show($content, $charset = '', $contentType = '', $prefix = '') /data/wwwroot/livenew.yunbaozhibo.com/wxshare/Application/Home/Controller/ShareController.class.php 第 619 行.
SQL: SHOW COLUMNS FROM `cmf_users` [ RunTime:0.0007s ]
SQL: SHOW COLUMNS FROM `cmf_users_live` [ RunTime:0.0004s ]
SQL: SHOW COLUMNS FROM `cmf_config_private` [ RunTime:0.0008s ]
SQL: SELECT * FROM `cmf_config_private` WHERE ( id='1' ) LIMIT 1   [ RunTime:0.0002s ]
SQL: SHOW COLUMNS FROM `cmf_config` [ RunTime:0.0005s ]
SQL: SELECT * FROM `cmf_config` WHERE ( id='1' ) LIMIT 1   [ RunTime:0.0001s ]
SQL: SELECT `uid`,`user_nicename`,`avatar`,`avatar_thumb`,`islive`,`stream`,`pull`,`isvideo`,`type`,`goodnum` FROM `cmf_users_live` WHERE ( uid='17908' and islive='1' ) LIMIT 1   [ RunTime:0.0004s ]
SQL: SELECT `id`,`user_login`,`user_nicename`,`avatar`,`avatar_thumb`,`sex`,`signature`,`consumption`,`votestotal`,`province`,`city`,`coin`,`votes`,`token`,`birthday`,`issuper` FROM `cmf_users` WHERE ( id='20115' ) LIMIT 1   [ RunTime:0.0001s ]
SQL: SELECT * FROM `cmf_config_private` WHERE ( id='1' ) LIMIT 1   [ RunTime:0.0001s ]
SQL: SHOW COLUMNS FROM `cmf_experlevel` [ RunTime:0.0003s ]
SQL: SELECT `levelid`,`level_up` FROM `cmf_experlevel` ORDER BY level_up asc  [ RunTime:0.0001s ]
SQL: SELECT * FROM `cmf_config_private` WHERE ( id='1' ) LIMIT 1   [ RunTime:0.0001s ]
NOTIC: [8] Undefined variable: level_a /data/wwwroot/livenew.yunbaozhibo.com/wxshare/Application/Common/Common/function.php 第 184 行.
SQL: SELECT * FROM `cmf_config_private` WHERE ( id='1' ) LIMIT 1   [ RunTime:0.0001s ]
SQL: SHOW COLUMNS FROM `cmf_experlevel_anchor` [ RunTime:0.0004s ]
SQL: SELECT `levelid`,`level_up` FROM `cmf_experlevel_anchor` ORDER BY level_up asc  [ RunTime:0.0001s ]
SQL: SELECT * FROM `cmf_config_private` WHERE ( id='1' ) LIMIT 1   [ RunTime:0.0001s ]
NOTIC: [8] Undefined variable: level_a /data/wwwroot/livenew.yunbaozhibo.com/wxshare/Application/Common/Common/function.php 第 207 行.
SQL: SHOW COLUMNS FROM `cmf_users_vip` [ RunTime:0.0003s ]
SQL: SELECT * FROM `cmf_users_vip` WHERE ( uid=20115 and endtime>1530340368 ) LIMIT 1   [ RunTime:0.0004s ]
SQL: SHOW COLUMNS FROM `cmf_liang` [ RunTime:0.0003s ]
SQL: SELECT * FROM `cmf_liang` WHERE ( uid=20115 and status=1 and state=1 ) LIMIT 1   [ RunTime:0.0001s ]
SQL: SHOW COLUMNS FROM `cmf_users_attention` [ RunTime:0.0003s ]
SQL: SELECT * FROM `cmf_users_attention` WHERE ( uid='20115' and touid='17908' ) LIMIT 1   [ RunTime:0.0003s ]
INFO: [ view_parse ] --START--
INFO: [ template_filter ] --START--
INFO: Run Behavior\ContentReplaceBehavior [ RunTime:0.000134s ]
INFO: [ template_filter ] --END-- [ RunTime:0.000157s ]
INFO: Run Behavior\ParseTemplateBehavior [ RunTime:0.005480s ]
INFO: [ view_parse ] --END-- [ RunTime:0.005511s ]
INFO: [ view_filter ] --START--
INFO: Run Behavior\WriteHtmlCacheBehavior [ RunTime:0.000087s ]
INFO: [ view_filter ] --END-- [ RunTime:0.000100s ]
INFO: [ app_end ] --START--
INFO: Run Behavior\ShowPageTraceBehavior [ RunTime:0.000289s ]
INFO: [ app_end ] --END-- [ RunTime:0.000314s ]

[ 2018-06-30T14:32:48+08:00 ] 117.44.187.50 /wxshare/index.php/Share/show?roomnum=17908
INFO: [ app_init ] --START--
INFO: Run Behavior\BuildLiteBehavior [ RunTime:0.000007s ]
INFO: [ app_init ] --END-- [ RunTime:0.000031s ]
INFO: [ app_begin ] --START--
INFO: Run Behavior\ReadHtmlCacheBehavior [ RunTime:0.000275s ]
INFO: [ app_begin ] --END-- [ RunTime:0.000298s ]
NOTIC: [2] Declaration of Home\Controller\ShareController::show() should be compatible with Think\Controller::show($content, $charset = '', $contentType = '', $prefix = '') /data/wwwroot/livenew.yunbaozhibo.com/wxshare/Application/Home/Controller/ShareController.class.php 第 619 行.
SQL: SHOW COLUMNS FROM `cmf_users` [ RunTime:0.0007s ]
SQL: SHOW COLUMNS FROM `cmf_users_live` [ RunTime:0.0004s ]
SQL: SHOW COLUMNS FROM `cmf_config_private` [ RunTime:0.0008s ]
SQL: SELECT * FROM `cmf_config_private` WHERE ( id='1' ) LIMIT 1   [ RunTime:0.0002s ]
SQL: SHOW COLUMNS FROM `cmf_config` [ RunTime:0.0005s ]
SQL: SELECT * FROM `cmf_config` WHERE ( id='1' ) LIMIT 1   [ RunTime:0.0001s ]
SQL: SELECT `uid`,`user_nicename`,`avatar`,`avatar_thumb`,`islive`,`stream`,`pull`,`isvideo`,`type`,`goodnum` FROM `cmf_users_live` WHERE ( uid='17908' and islive='1' ) LIMIT 1   [ RunTime:0.0001s ]
SQL: SELECT `id`,`user_login`,`user_nicename`,`avatar`,`avatar_thumb`,`sex`,`signature`,`consumption`,`votestotal`,`province`,`city`,`coin`,`votes`,`token`,`birthday`,`issuper` FROM `cmf_users` WHERE ( id='20115' ) LIMIT 1   [ RunTime:0.0001s ]
SQL: SELECT * FROM `cmf_config_private` WHERE ( id='1' ) LIMIT 1   [ RunTime:0.0001s ]
SQL: SHOW COLUMNS FROM `cmf_experlevel` [ RunTime:0.0003s ]
SQL: SELECT `levelid`,`level_up` FROM `cmf_experlevel` ORDER BY level_up asc  [ RunTime:0.0001s ]
SQL: SELECT * FROM `cmf_config_private` WHERE ( id='1' ) LIMIT 1   [ RunTime:0.0001s ]
NOTIC: [8] Undefined variable: level_a /data/wwwroot/livenew.yunbaozhibo.com/wxshare/Application/Common/Common/function.php 第 184 行.
SQL: SELECT * FROM `cmf_config_private` WHERE ( id='1' ) LIMIT 1   [ RunTime:0.0001s ]
SQL: SHOW COLUMNS FROM `cmf_experlevel_anchor` [ RunTime:0.0003s ]
SQL: SELECT `levelid`,`level_up` FROM `cmf_experlevel_anchor` ORDER BY level_up asc  [ RunTime:0.0001s ]
SQL: SELECT * FROM `cmf_config_private` WHERE ( id='1' ) LIMIT 1   [ RunTime:0.0001s ]
NOTIC: [8] Undefined variable: level_a /data/wwwroot/livenew.yunbaozhibo.com/wxshare/Application/Common/Common/function.php 第 207 行.
SQL: SHOW COLUMNS FROM `cmf_users_vip` [ RunTime:0.0003s ]
SQL: SELECT * FROM `cmf_users_vip` WHERE ( uid=20115 and endtime>1530340368 ) LIMIT 1   [ RunTime:0.0001s ]
SQL: SHOW COLUMNS FROM `cmf_liang` [ RunTime:0.0003s ]
SQL: SELECT * FROM `cmf_liang` WHERE ( uid=20115 and status=1 and state=1 ) LIMIT 1   [ RunTime:0.0001s ]
SQL: SHOW COLUMNS FROM `cmf_users_attention` [ RunTime:0.0003s ]
SQL: SELECT * FROM `cmf_users_attention` WHERE ( uid='20115' and touid='17908' ) LIMIT 1   [ RunTime:0.0001s ]
INFO: [ view_parse ] --START--
INFO: [ template_filter ] --START--
INFO: Run Behavior\ContentReplaceBehavior [ RunTime:0.000134s ]
INFO: [ template_filter ] --END-- [ RunTime:0.000159s ]
INFO: Run Behavior\ParseTemplateBehavior [ RunTime:0.005487s ]
INFO: [ view_parse ] --END-- [ RunTime:0.005509s ]
INFO: [ view_filter ] --START--
INFO: Run Behavior\WriteHtmlCacheBehavior [ RunTime:0.000094s ]
INFO: [ view_filter ] --END-- [ RunTime:0.000107s ]
INFO: [ app_end ] --START--
INFO: Run Behavior\ShowPageTraceBehavior [ RunTime:0.000266s ]
INFO: [ app_end ] --END-- [ RunTime:0.000284s ]

[ 2018-06-30T14:32:48+08:00 ] 117.44.187.50 /wxshare/index.php/Share/getGift
INFO: [ app_init ] --START--
INFO: Run Behavior\BuildLiteBehavior [ RunTime:0.000006s ]
INFO: [ app_init ] --END-- [ RunTime:0.000039s ]
INFO: [ app_begin ] --START--
INFO: Run Behavior\ReadHtmlCacheBehavior [ RunTime:0.000221s ]
INFO: [ app_begin ] --END-- [ RunTime:0.000243s ]
NOTIC: [2] Declaration of Home\Controller\ShareController::show() should be compatible with Think\Controller::show($content, $charset = '', $contentType = '', $prefix = '') /data/wwwroot/livenew.yunbaozhibo.com/wxshare/Application/Home/Controller/ShareController.class.php 第 619 行.
SQL: SHOW COLUMNS FROM `cmf_gift` [ RunTime:0.0006s ]
SQL: SELECT `id`,`type`,`giftname`,`needcoin`,`gifticon` FROM `cmf_gift` ORDER BY orderno asc  [ RunTime:0.0001s ]

[ 2018-06-30T14:32:49+08:00 ] 117.44.187.50 /wxshare/index.php/Share/setNodeInfo?liveuid=17908
INFO: [ app_init ] --START--
INFO: Run Behavior\BuildLiteBehavior [ RunTime:0.000007s ]
INFO: [ app_init ] --END-- [ RunTime:0.000031s ]
INFO: [ app_begin ] --START--
INFO: Run Behavior\ReadHtmlCacheBehavior [ RunTime:0.000210s ]
INFO: [ app_begin ] --END-- [ RunTime:0.000228s ]
NOTIC: [2] Declaration of Home\Controller\ShareController::show() should be compatible with Think\Controller::show($content, $charset = '', $contentType = '', $prefix = '') /data/wwwroot/livenew.yunbaozhibo.com/wxshare/Application/Home/Controller/ShareController.class.php 第 619 行.
SQL: SHOW COLUMNS FROM `cmf_users` [ RunTime:0.0007s ]
SQL: SELECT `id`,`user_nicename`,`avatar`,`avatar_thumb`,`sex`,`signature`,`consumption`,`votestotal`,`province`,`city`,`birthday`,`issuper` FROM `cmf_users` WHERE ( id='20115' ) LIMIT 1   [ RunTime:0.0001s ]
SQL: SHOW COLUMNS FROM `cmf_config_private` [ RunTime:0.0007s ]
SQL: SELECT * FROM `cmf_config_private` WHERE ( id='1' ) LIMIT 1   [ RunTime:0.0002s ]
SQL: SHOW COLUMNS FROM `cmf_experlevel` [ RunTime:0.0003s ]
SQL: SELECT `levelid`,`level_up` FROM `cmf_experlevel` ORDER BY level_up asc  [ RunTime:0.0002s ]
SQL: SELECT * FROM `cmf_config_private` WHERE ( id='1' ) LIMIT 1   [ RunTime:0.0001s ]
NOTIC: [8] Undefined variable: level_a /data/wwwroot/livenew.yunbaozhibo.com/wxshare/Application/Common/Common/function.php 第 184 行.
SQL: SELECT * FROM `cmf_config_private` WHERE ( id='1' ) LIMIT 1   [ RunTime:0.0001s ]
SQL: SHOW COLUMNS FROM `cmf_experlevel_anchor` [ RunTime:0.0003s ]
SQL: SELECT `levelid`,`level_up` FROM `cmf_experlevel_anchor` ORDER BY level_up asc  [ RunTime:0.0001s ]
SQL: SELECT * FROM `cmf_config_private` WHERE ( id='1' ) LIMIT 1   [ RunTime:0.0001s ]
NOTIC: [8] Undefined variable: level_a /data/wwwroot/livenew.yunbaozhibo.com/wxshare/Application/Common/Common/function.php 第 207 行.
SQL: SHOW COLUMNS FROM `cmf_users_vip` [ RunTime:0.0003s ]
SQL: SELECT * FROM `cmf_users_vip` WHERE ( uid=20115 and endtime>1530340369 ) LIMIT 1   [ RunTime:0.0004s ]
SQL: SHOW COLUMNS FROM `cmf_liang` [ RunTime:0.0003s ]
SQL: SELECT * FROM `cmf_liang` WHERE ( uid=20115 and status=1 and state=1 ) LIMIT 1   [ RunTime:0.0001s ]
SQL: SHOW COLUMNS FROM `cmf_users_car` [ RunTime:0.0004s ]
SQL: SELECT * FROM `cmf_users_car` WHERE ( uid=20115 and endtime>1530340369 and status=1 ) LIMIT 1   [ RunTime:0.0004s ]
INFO: [ app_end ] --START--
INFO: Run Behavior\ShowPageTraceBehavior [ RunTime:0.000468s ]
INFO: [ app_end ] --END-- [ RunTime:0.000492s ]

[ 2018-06-30T14:33:20+08:00 ] 117.44.187.50 /wxshare/index.php/Share/follow
INFO: [ app_init ] --START--
INFO: Run Behavior\BuildLiteBehavior [ RunTime:0.000006s ]
INFO: [ app_init ] --END-- [ RunTime:0.000030s ]
INFO: [ app_begin ] --START--
INFO: Run Behavior\ReadHtmlCacheBehavior [ RunTime:0.000240s ]
INFO: [ app_begin ] --END-- [ RunTime:0.000263s ]
NOTIC: [2] Declaration of Home\Controller\ShareController::show() should be compatible with Think\Controller::show($content, $charset = '', $contentType = '', $prefix = '') /data/wwwroot/livenew.yunbaozhibo.com/wxshare/Application/Home/Controller/ShareController.class.php 第 619 行.
SQL: SHOW COLUMNS FROM `cmf_users_attention` [ RunTime:0.0005s ]
SQL: INSERT INTO `cmf_users_attention` (`uid`,`touid`) VALUES ('20115','17908') [ RunTime:0.0023s ]

[ 2018-06-30T14:33:26+08:00 ] 117.44.187.50 /wxshare/index.php/Share/index
INFO: [ app_init ] --START--
INFO: Run Behavior\BuildLiteBehavior [ RunTime:0.000006s ]
INFO: [ app_init ] --END-- [ RunTime:0.000047s ]
INFO: [ app_begin ] --START--
INFO: Run Behavior\ReadHtmlCacheBehavior [ RunTime:0.000256s ]
INFO: [ app_begin ] --END-- [ RunTime:0.000277s ]
NOTIC: [2] Declaration of Home\Controller\ShareController::show() should be compatible with Think\Controller::show($content, $charset = '', $contentType = '', $prefix = '') /data/wwwroot/livenew.yunbaozhibo.com/wxshare/Application/Home/Controller/ShareController.class.php 第 619 行.
SQL: SHOW COLUMNS FROM `cmf_config` [ RunTime:0.0008s ]
SQL: SELECT * FROM `cmf_config` WHERE ( id='1' ) LIMIT 1   [ RunTime:0.0002s ]
SQL: select l.uid,l.avatar,l.avatar_thumb,l.user_nicename,l.title,l.city,l.stream,l.pull,l.thumb from cmf_users_live l left join cmf_users u on l.uid=u.id where l.islive= '1'  order by u.isrecommend desc,l.starttime desc limit 0,20 [ RunTime:0.0001s ]
INFO: [ view_parse ] --START--
INFO: [ template_filter ] --START--
INFO: Run Behavior\ContentReplaceBehavior [ RunTime:0.000035s ]
INFO: [ template_filter ] --END-- [ RunTime:0.000054s ]
INFO: Run Behavior\ParseTemplateBehavior [ RunTime:0.003065s ]
INFO: [ view_parse ] --END-- [ RunTime:0.003091s ]
INFO: [ view_filter ] --START--
INFO: Run Behavior\WriteHtmlCacheBehavior [ RunTime:0.000101s ]
INFO: [ view_filter ] --END-- [ RunTime:0.000118s ]
INFO: [ app_end ] --START--
INFO: Run Behavior\ShowPageTraceBehavior [ RunTime:0.000272s ]
INFO: [ app_end ] --END-- [ RunTime:0.000290s ]

[ 2018-06-30T14:33:33+08:00 ] 117.44.187.50 /wxshare/index.php/Share/show?roomnum=17669
INFO: [ app_init ] --START--
INFO: Run Behavior\BuildLiteBehavior [ RunTime:0.000006s ]
INFO: [ app_init ] --END-- [ RunTime:0.000029s ]
INFO: [ app_begin ] --START--
INFO: Run Behavior\ReadHtmlCacheBehavior [ RunTime:0.000209s ]
INFO: [ app_begin ] --END-- [ RunTime:0.000228s ]
NOTIC: [2] Declaration of Home\Controller\ShareController::show() should be compatible with Think\Controller::show($content, $charset = '', $contentType = '', $prefix = '') /data/wwwroot/livenew.yunbaozhibo.com/wxshare/Application/Home/Controller/ShareController.class.php 第 619 行.
SQL: SHOW COLUMNS FROM `cmf_users` [ RunTime:0.0009s ]
SQL: SHOW COLUMNS FROM `cmf_users_live` [ RunTime:0.0004s ]
SQL: SHOW COLUMNS FROM `cmf_config_private` [ RunTime:0.0007s ]
SQL: SELECT * FROM `cmf_config_private` WHERE ( id='1' ) LIMIT 1   [ RunTime:0.0002s ]
SQL: SHOW COLUMNS FROM `cmf_config` [ RunTime:0.0005s ]
SQL: SELECT * FROM `cmf_config` WHERE ( id='1' ) LIMIT 1   [ RunTime:0.0001s ]
SQL: SELECT `uid`,`user_nicename`,`avatar`,`avatar_thumb`,`islive`,`stream`,`pull`,`isvideo`,`type`,`goodnum` FROM `cmf_users_live` WHERE ( uid='17669' and islive='1' ) LIMIT 1   [ RunTime:0.0003s ]
SQL: SELECT `id`,`user_login`,`user_nicename`,`avatar`,`avatar_thumb`,`sex`,`signature`,`consumption`,`votestotal`,`province`,`city`,`coin`,`votes`,`token`,`birthday`,`issuper` FROM `cmf_users` WHERE ( id='20115' ) LIMIT 1   [ RunTime:0.0001s ]
SQL: SELECT * FROM `cmf_config_private` WHERE ( id='1' ) LIMIT 1   [ RunTime:0.0001s ]
SQL: SHOW COLUMNS FROM `cmf_experlevel` [ RunTime:0.0003s ]
SQL: SELECT `levelid`,`level_up` FROM `cmf_experlevel` ORDER BY level_up asc  [ RunTime:0.0001s ]
SQL: SELECT * FROM `cmf_config_private` WHERE ( id='1' ) LIMIT 1   [ RunTime:0.0001s ]
NOTIC: [8] Undefined variable: level_a /data/wwwroot/livenew.yunbaozhibo.com/wxshare/Application/Common/Common/function.php 第 184 行.
SQL: SELECT * FROM `cmf_config_private` WHERE ( id='1' ) LIMIT 1   [ RunTime:0.0001s ]
SQL: SHOW COLUMNS FROM `cmf_experlevel_anchor` [ RunTime:0.0003s ]
SQL: SELECT `levelid`,`level_up` FROM `cmf_experlevel_anchor` ORDER BY level_up asc  [ RunTime:0.0001s ]
SQL: SELECT * FROM `cmf_config_private` WHERE ( id='1' ) LIMIT 1   [ RunTime:0.0001s ]
NOTIC: [8] Undefined variable: level_a /data/wwwroot/livenew.yunbaozhibo.com/wxshare/Application/Common/Common/function.php 第 207 行.
SQL: SHOW COLUMNS FROM `cmf_users_vip` [ RunTime:0.0003s ]
SQL: SELECT * FROM `cmf_users_vip` WHERE ( uid=20115 and endtime>1530340413 ) LIMIT 1   [ RunTime:0.0004s ]
SQL: SHOW COLUMNS FROM `cmf_liang` [ RunTime:0.0003s ]
SQL: SELECT * FROM `cmf_liang` WHERE ( uid=20115 and status=1 and state=1 ) LIMIT 1   [ RunTime:0.0001s ]
SQL: SHOW COLUMNS FROM `cmf_users_attention` [ RunTime:0.0003s ]
SQL: SELECT * FROM `cmf_users_attention` WHERE ( uid='20115' and touid='17669' ) LIMIT 1   [ RunTime:0.0003s ]
INFO: [ view_parse ] --START--
INFO: [ template_filter ] --START--
INFO: Run Behavior\ContentReplaceBehavior [ RunTime:0.000134s ]
INFO: [ template_filter ] --END-- [ RunTime:0.000158s ]
INFO: Run Behavior\ParseTemplateBehavior [ RunTime:0.005445s ]
INFO: [ view_parse ] --END-- [ RunTime:0.005472s ]
INFO: [ view_filter ] --START--
INFO: Run Behavior\WriteHtmlCacheBehavior [ RunTime:0.000086s ]
INFO: [ view_filter ] --END-- [ RunTime:0.000099s ]
INFO: [ app_end ] --START--
INFO: Run Behavior\ShowPageTraceBehavior [ RunTime:0.000266s ]
INFO: [ app_end ] --END-- [ RunTime:0.000285s ]

[ 2018-06-30T14:33:33+08:00 ] 117.44.187.50 /wxshare/index.php/Share/getGift
INFO: [ app_init ] --START--
INFO: Run Behavior\BuildLiteBehavior [ RunTime:0.000006s ]
INFO: [ app_init ] --END-- [ RunTime:0.000029s ]
INFO: [ app_begin ] --START--
INFO: Run Behavior\ReadHtmlCacheBehavior [ RunTime:0.000221s ]
INFO: [ app_begin ] --END-- [ RunTime:0.000240s ]
NOTIC: [2] Declaration of Home\Controller\ShareController::show() should be compatible with Think\Controller::show($content, $charset = '', $contentType = '', $prefix = '') /data/wwwroot/livenew.yunbaozhibo.com/wxshare/Application/Home/Controller/ShareController.class.php 第 619 行.
SQL: SHOW COLUMNS FROM `cmf_gift` [ RunTime:0.0005s ]
SQL: SELECT `id`,`type`,`giftname`,`needcoin`,`gifticon` FROM `cmf_gift` ORDER BY orderno asc  [ RunTime:0.0001s ]

[ 2018-06-30T14:33:33+08:00 ] 117.44.187.50 /wxshare/index.php/Share/show?roomnum=17669
INFO: [ app_init ] --START--
INFO: Run Behavior\BuildLiteBehavior [ RunTime:0.000007s ]
INFO: [ app_init ] --END-- [ RunTime:0.000029s ]
INFO: [ app_begin ] --START--
INFO: Run Behavior\ReadHtmlCacheBehavior [ RunTime:0.000203s ]
INFO: [ app_begin ] --END-- [ RunTime:0.000221s ]
NOTIC: [2] Declaration of Home\Controller\ShareController::show() should be compatible with Think\Controller::show($content, $charset = '', $contentType = '', $prefix = '') /data/wwwroot/livenew.yunbaozhibo.com/wxshare/Application/Home/Controller/ShareController.class.php 第 619 行.
SQL: SHOW COLUMNS FROM `cmf_users` [ RunTime:0.0007s ]
SQL: SHOW COLUMNS FROM `cmf_users_live` [ RunTime:0.0004s ]
SQL: SHOW COLUMNS FROM `cmf_config_private` [ RunTime:0.0007s ]
SQL: SELECT * FROM `cmf_config_private` WHERE ( id='1' ) LIMIT 1   [ RunTime:0.0002s ]
SQL: SHOW COLUMNS FROM `cmf_config` [ RunTime:0.0005s ]
SQL: SELECT * FROM `cmf_config` WHERE ( id='1' ) LIMIT 1   [ RunTime:0.0001s ]
SQL: SELECT `uid`,`user_nicename`,`avatar`,`avatar_thumb`,`islive`,`stream`,`pull`,`isvideo`,`type`,`goodnum` FROM `cmf_users_live` WHERE ( uid='17669' and islive='1' ) LIMIT 1   [ RunTime:0.0001s ]
SQL: SELECT `id`,`user_login`,`user_nicename`,`avatar`,`avatar_thumb`,`sex`,`signature`,`consumption`,`votestotal`,`province`,`city`,`coin`,`votes`,`token`,`birthday`,`issuper` FROM `cmf_users` WHERE ( id='20115' ) LIMIT 1   [ RunTime:0.0001s ]
SQL: SELECT * FROM `cmf_config_private` WHERE ( id='1' ) LIMIT 1   [ RunTime:0.0001s ]
SQL: SHOW COLUMNS FROM `cmf_experlevel` [ RunTime:0.0003s ]
SQL: SELECT `levelid`,`level_up` FROM `cmf_experlevel` ORDER BY level_up asc  [ RunTime:0.0001s ]
SQL: SELECT * FROM `cmf_config_private` WHERE ( id='1' ) LIMIT 1   [ RunTime:0.0001s ]
NOTIC: [8] Undefined variable: level_a /data/wwwroot/livenew.yunbaozhibo.com/wxshare/Application/Common/Common/function.php 第 184 行.
SQL: SELECT * FROM `cmf_config_private` WHERE ( id='1' ) LIMIT 1   [ RunTime:0.0001s ]
SQL: SHOW COLUMNS FROM `cmf_experlevel_anchor` [ RunTime:0.0003s ]
SQL: SELECT `levelid`,`level_up` FROM `cmf_experlevel_anchor` ORDER BY level_up asc  [ RunTime:0.0001s ]
SQL: SELECT * FROM `cmf_config_private` WHERE ( id='1' ) LIMIT 1   [ RunTime:0.0001s ]
NOTIC: [8] Undefined variable: level_a /data/wwwroot/livenew.yunbaozhibo.com/wxshare/Application/Common/Common/function.php 第 207 行.
SQL: SHOW COLUMNS FROM `cmf_users_vip` [ RunTime:0.0003s ]
SQL: SELECT * FROM `cmf_users_vip` WHERE ( uid=20115 and endtime>1530340413 ) LIMIT 1   [ RunTime:0.0001s ]
SQL: SHOW COLUMNS FROM `cmf_liang` [ RunTime:0.0003s ]
SQL: SELECT * FROM `cmf_liang` WHERE ( uid=20115 and status=1 and state=1 ) LIMIT 1   [ RunTime:0.0001s ]
SQL: SHOW COLUMNS FROM `cmf_users_attention` [ RunTime:0.0003s ]
SQL: SELECT * FROM `cmf_users_attention` WHERE ( uid='20115' and touid='17669' ) LIMIT 1   [ RunTime:0.0001s ]
INFO: [ view_parse ] --START--
INFO: [ template_filter ] --START--
INFO: Run Behavior\ContentReplaceBehavior [ RunTime:0.000137s ]
INFO: [ template_filter ] --END-- [ RunTime:0.000164s ]
INFO: Run Behavior\ParseTemplateBehavior [ RunTime:0.005358s ]
INFO: [ view_parse ] --END-- [ RunTime:0.005385s ]
INFO: [ view_filter ] --START--
INFO: Run Behavior\WriteHtmlCacheBehavior [ RunTime:0.000103s ]
INFO: [ view_filter ] --END-- [ RunTime:0.000117s ]
INFO: [ app_end ] --START--
INFO: Run Behavior\ShowPageTraceBehavior [ RunTime:0.000273s ]
INFO: [ app_end ] --END-- [ RunTime:0.000289s ]

[ 2018-06-30T14:33:35+08:00 ] 117.44.187.50 /wxshare/index.php/Share/setNodeInfo?liveuid=17669
INFO: [ app_init ] --START--
INFO: Run Behavior\BuildLiteBehavior [ RunTime:0.000005s ]
INFO: [ app_init ] --END-- [ RunTime:0.000028s ]
INFO: [ app_begin ] --START--
INFO: Run Behavior\ReadHtmlCacheBehavior [ RunTime:0.000207s ]
INFO: [ app_begin ] --END-- [ RunTime:0.000238s ]
NOTIC: [2] Declaration of Home\Controller\ShareController::show() should be compatible with Think\Controller::show($content, $charset = '', $contentType = '', $prefix = '') /data/wwwroot/livenew.yunbaozhibo.com/wxshare/Application/Home/Controller/ShareController.class.php 第 619 行.
SQL: SHOW COLUMNS FROM `cmf_users` [ RunTime:0.0009s ]
SQL: SELECT `id`,`user_nicename`,`avatar`,`avatar_thumb`,`sex`,`signature`,`consumption`,`votestotal`,`province`,`city`,`birthday`,`issuper` FROM `cmf_users` WHERE ( id='20115' ) LIMIT 1   [ RunTime:0.0001s ]
SQL: SHOW COLUMNS FROM `cmf_config_private` [ RunTime:0.0007s ]
SQL: SELECT * FROM `cmf_config_private` WHERE ( id='1' ) LIMIT 1   [ RunTime:0.0002s ]
SQL: SHOW COLUMNS FROM `cmf_experlevel` [ RunTime:0.0003s ]
SQL: SELECT `levelid`,`level_up` FROM `cmf_experlevel` ORDER BY level_up asc  [ RunTime:0.0001s ]
SQL: SELECT * FROM `cmf_config_private` WHERE ( id='1' ) LIMIT 1   [ RunTime:0.0001s ]
NOTIC: [8] Undefined variable: level_a /data/wwwroot/livenew.yunbaozhibo.com/wxshare/Application/Common/Common/function.php 第 184 行.
SQL: SELECT * FROM `cmf_config_private` WHERE ( id='1' ) LIMIT 1   [ RunTime:0.0002s ]
SQL: SHOW COLUMNS FROM `cmf_experlevel_anchor` [ RunTime:0.0003s ]
SQL: SELECT `levelid`,`level_up` FROM `cmf_experlevel_anchor` ORDER BY level_up asc  [ RunTime:0.0001s ]
SQL: SELECT * FROM `cmf_config_private` WHERE ( id='1' ) LIMIT 1   [ RunTime:0.0001s ]
NOTIC: [8] Undefined variable: level_a /data/wwwroot/livenew.yunbaozhibo.com/wxshare/Application/Common/Common/function.php 第 207 行.
SQL: SHOW COLUMNS FROM `cmf_users_vip` [ RunTime:0.0003s ]
SQL: SELECT * FROM `cmf_users_vip` WHERE ( uid=20115 and endtime>1530340415 ) LIMIT 1   [ RunTime:0.0004s ]
SQL: SHOW COLUMNS FROM `cmf_liang` [ RunTime:0.0003s ]
SQL: SELECT * FROM `cmf_liang` WHERE ( uid=20115 and status=1 and state=1 ) LIMIT 1   [ RunTime:0.0001s ]
SQL: SHOW COLUMNS FROM `cmf_users_car` [ RunTime:0.0003s ]
SQL: SELECT * FROM `cmf_users_car` WHERE ( uid=20115 and endtime>1530340415 and status=1 ) LIMIT 1   [ RunTime:0.0002s ]
INFO: [ app_end ] --START--
INFO: Run Behavior\ShowPageTraceBehavior [ RunTime:0.000350s ]
INFO: [ app_end ] --END-- [ RunTime:0.000377s ]

[ 2018-06-30T17:53:42+08:00 ] 117.136.77.253 /wxshare/index.php/Share/index
INFO: [ app_init ] --START--
INFO: Run Behavior\BuildLiteBehavior [ RunTime:0.000006s ]
INFO: [ app_init ] --END-- [ RunTime:0.000030s ]
INFO: [ app_begin ] --START--
INFO: Run Behavior\ReadHtmlCacheBehavior [ RunTime:0.000287s ]
INFO: [ app_begin ] --END-- [ RunTime:0.000329s ]
NOTIC: [2] Declaration of Home\Controller\ShareController::show() should be compatible with Think\Controller::show($content, $charset = '', $contentType = '', $prefix = '') /data/wwwroot/livenew.yunbaozhibo.com/wxshare/Application/Home/Controller/ShareController.class.php 第 619 行.
SQL: SHOW COLUMNS FROM `cmf_config` [ RunTime:0.0009s ]
SQL: SELECT * FROM `cmf_config` WHERE ( id='1' ) LIMIT 1   [ RunTime:0.0002s ]
SQL: select l.uid,l.avatar,l.avatar_thumb,l.user_nicename,l.title,l.city,l.stream,l.pull,l.thumb from cmf_users_live l left join cmf_users u on l.uid=u.id where l.islive= '1'  order by u.isrecommend desc,l.starttime desc limit 0,20 [ RunTime:0.0007s ]
INFO: [ view_parse ] --START--
INFO: [ template_filter ] --START--
INFO: Run Behavior\ContentReplaceBehavior [ RunTime:0.000039s ]
INFO: [ template_filter ] --END-- [ RunTime:0.000066s ]
INFO: Run Behavior\ParseTemplateBehavior [ RunTime:0.003334s ]
INFO: [ view_parse ] --END-- [ RunTime:0.003368s ]
INFO: [ view_filter ] --START--
INFO: Run Behavior\WriteHtmlCacheBehavior [ RunTime:0.000094s ]
INFO: [ view_filter ] --END-- [ RunTime:0.000106s ]
INFO: [ app_end ] --START--
INFO: Run Behavior\ShowPageTraceBehavior [ RunTime:0.000267s ]
INFO: [ app_end ] --END-- [ RunTime:0.000284s ]

[ 2018-06-30T17:54:26+08:00 ] 146.88.202.245 /wxshare/index.php/Share/index
INFO: [ app_init ] --START--
INFO: Run Behavior\BuildLiteBehavior [ RunTime:0.000006s ]
INFO: [ app_init ] --END-- [ RunTime:0.000030s ]
INFO: [ app_begin ] --START--
INFO: Run Behavior\ReadHtmlCacheBehavior [ RunTime:0.000213s ]
INFO: [ app_begin ] --END-- [ RunTime:0.000233s ]
NOTIC: [2] Declaration of Home\Controller\ShareController::show() should be compatible with Think\Controller::show($content, $charset = '', $contentType = '', $prefix = '') /data/wwwroot/livenew.yunbaozhibo.com/wxshare/Application/Home/Controller/ShareController.class.php 第 619 行.
SQL: SHOW COLUMNS FROM `cmf_config` [ RunTime:0.0008s ]
SQL: SELECT * FROM `cmf_config` WHERE ( id='1' ) LIMIT 1   [ RunTime:0.0002s ]
SQL: select l.uid,l.avatar,l.avatar_thumb,l.user_nicename,l.title,l.city,l.stream,l.pull,l.thumb from cmf_users_live l left join cmf_users u on l.uid=u.id where l.islive= '1'  order by u.isrecommend desc,l.starttime desc limit 0,20 [ RunTime:0.0001s ]
INFO: [ view_parse ] --START--
INFO: [ template_filter ] --START--
INFO: Run Behavior\ContentReplaceBehavior [ RunTime:0.000032s ]
INFO: [ template_filter ] --END-- [ RunTime:0.000051s ]
INFO: Run Behavior\ParseTemplateBehavior [ RunTime:0.002998s ]
INFO: [ view_parse ] --END-- [ RunTime:0.003023s ]
INFO: [ view_filter ] --START--
INFO: Run Behavior\WriteHtmlCacheBehavior [ RunTime:0.000092s ]
INFO: [ view_filter ] --END-- [ RunTime:0.000104s ]
INFO: [ app_end ] --START--
INFO: Run Behavior\ShowPageTraceBehavior [ RunTime:0.000282s ]
INFO: [ app_end ] --END-- [ RunTime:0.000301s ]

[ 2018-06-30T17:55:32+08:00 ] 146.88.202.245 /wxshare/index.php/Share/index
INFO: [ app_init ] --START--
INFO: Run Behavior\BuildLiteBehavior [ RunTime:0.000006s ]
INFO: [ app_init ] --END-- [ RunTime:0.000030s ]
INFO: [ app_begin ] --START--
INFO: Run Behavior\ReadHtmlCacheBehavior [ RunTime:0.000223s ]
INFO: [ app_begin ] --END-- [ RunTime:0.000242s ]
NOTIC: [2] Declaration of Home\Controller\ShareController::show() should be compatible with Think\Controller::show($content, $charset = '', $contentType = '', $prefix = '') /data/wwwroot/livenew.yunbaozhibo.com/wxshare/Application/Home/Controller/ShareController.class.php 第 619 行.
SQL: SHOW COLUMNS FROM `cmf_config` [ RunTime:0.0008s ]
SQL: SELECT * FROM `cmf_config` WHERE ( id='1' ) LIMIT 1   [ RunTime:0.0002s ]
SQL: select l.uid,l.avatar,l.avatar_thumb,l.user_nicename,l.title,l.city,l.stream,l.pull,l.thumb from cmf_users_live l left join cmf_users u on l.uid=u.id where l.islive= '1'  order by u.isrecommend desc,l.starttime desc limit 0,20 [ RunTime:0.0001s ]
INFO: [ view_parse ] --START--
INFO: [ template_filter ] --START--
INFO: Run Behavior\ContentReplaceBehavior [ RunTime:0.000031s ]
INFO: [ template_filter ] --END-- [ RunTime:0.000050s ]
INFO: Run Behavior\ParseTemplateBehavior [ RunTime:0.002911s ]
INFO: [ view_parse ] --END-- [ RunTime:0.002934s ]
INFO: [ view_filter ] --START--
INFO: Run Behavior\WriteHtmlCacheBehavior [ RunTime:0.000090s ]
INFO: [ view_filter ] --END-- [ RunTime:0.000102s ]
INFO: [ app_end ] --START--
INFO: Run Behavior\ShowPageTraceBehavior [ RunTime:0.000273s ]
INFO: [ app_end ] --END-- [ RunTime:0.000292s ]

[ 2018-06-30T17:55:38+08:00 ] 146.88.202.245 /wxshare/index.php/Share/show?roomnum=17908
INFO: [ app_init ] --START--
INFO: Run Behavior\BuildLiteBehavior [ RunTime:0.000006s ]
INFO: [ app_init ] --END-- [ RunTime:0.000029s ]
INFO: [ app_begin ] --START--
INFO: Run Behavior\ReadHtmlCacheBehavior [ RunTime:0.000284s ]
INFO: [ app_begin ] --END-- [ RunTime:0.000307s ]
NOTIC: [2] Declaration of Home\Controller\ShareController::show() should be compatible with Think\Controller::show($content, $charset = '', $contentType = '', $prefix = '') /data/wwwroot/livenew.yunbaozhibo.com/wxshare/Application/Home/Controller/ShareController.class.php 第 619 行.
SQL: SHOW COLUMNS FROM `cmf_users` [ RunTime:0.0007s ]
SQL: SHOW COLUMNS FROM `cmf_users_live` [ RunTime:0.0005s ]
SQL: SHOW COLUMNS FROM `cmf_config_private` [ RunTime:0.0008s ]
SQL: SELECT * FROM `cmf_config_private` WHERE ( id='1' ) LIMIT 1   [ RunTime:0.0002s ]
SQL: SHOW COLUMNS FROM `cmf_config` [ RunTime:0.0006s ]
SQL: SELECT * FROM `cmf_config` WHERE ( id='1' ) LIMIT 1   [ RunTime:0.0001s ]
SQL: SELECT `uid`,`user_nicename`,`avatar`,`avatar_thumb`,`islive`,`stream`,`pull`,`isvideo`,`type`,`goodnum` FROM `cmf_users_live` WHERE ( uid='17908' and islive='1' ) LIMIT 1   [ RunTime:0.0003s ]
NOTIC: [8] Undefined variable: userinfo /data/wwwroot/livenew.yunbaozhibo.com/wxshare/Application/Home/Controller/ShareController.class.php 第 83 行.
NOTIC: [8] Undefined variable: userinfo /data/wwwroot/livenew.yunbaozhibo.com/wxshare/Application/Home/Controller/ShareController.class.php 第 84 行.
INFO: [ view_parse ] --START--
INFO: [ template_filter ] --START--
INFO: Run Behavior\ContentReplaceBehavior [ RunTime:0.000144s ]
INFO: [ template_filter ] --END-- [ RunTime:0.000186s ]
INFO: Run Behavior\ParseTemplateBehavior [ RunTime:0.005653s ]
INFO: [ view_parse ] --END-- [ RunTime:0.005682s ]
INFO: [ view_filter ] --START--
INFO: Run Behavior\WriteHtmlCacheBehavior [ RunTime:0.000090s ]
INFO: [ view_filter ] --END-- [ RunTime:0.000102s ]
INFO: [ app_end ] --START--
INFO: Run Behavior\ShowPageTraceBehavior [ RunTime:0.000318s ]
INFO: [ app_end ] --END-- [ RunTime:0.000338s ]

[ 2018-06-30T17:55:53+08:00 ] 146.88.202.245 /wxshare/index.php/Share/show?roomnum=17908
INFO: [ app_init ] --START--
INFO: Run Behavior\BuildLiteBehavior [ RunTime:0.000007s ]
INFO: [ app_init ] --END-- [ RunTime:0.000030s ]
INFO: [ app_begin ] --START--
INFO: Run Behavior\ReadHtmlCacheBehavior [ RunTime:0.000208s ]
INFO: [ app_begin ] --END-- [ RunTime:0.000227s ]
NOTIC: [2] Declaration of Home\Controller\ShareController::show() should be compatible with Think\Controller::show($content, $charset = '', $contentType = '', $prefix = '') /data/wwwroot/livenew.yunbaozhibo.com/wxshare/Application/Home/Controller/ShareController.class.php 第 619 行.
SQL: SHOW COLUMNS FROM `cmf_users` [ RunTime:0.0008s ]
SQL: SHOW COLUMNS FROM `cmf_users_live` [ RunTime:0.0004s ]
SQL: SHOW COLUMNS FROM `cmf_config_private` [ RunTime:0.0007s ]
SQL: SELECT * FROM `cmf_config_private` WHERE ( id='1' ) LIMIT 1   [ RunTime:0.0002s ]
SQL: SHOW COLUMNS FROM `cmf_config` [ RunTime:0.0005s ]
SQL: SELECT * FROM `cmf_config` WHERE ( id='1' ) LIMIT 1   [ RunTime:0.0001s ]
SQL: SELECT `uid`,`user_nicename`,`avatar`,`avatar_thumb`,`islive`,`stream`,`pull`,`isvideo`,`type`,`goodnum` FROM `cmf_users_live` WHERE ( uid='17908' and islive='1' ) LIMIT 1   [ RunTime:0.0001s ]
NOTIC: [8] Undefined variable: userinfo /data/wwwroot/livenew.yunbaozhibo.com/wxshare/Application/Home/Controller/ShareController.class.php 第 83 行.
NOTIC: [8] Undefined variable: userinfo /data/wwwroot/livenew.yunbaozhibo.com/wxshare/Application/Home/Controller/ShareController.class.php 第 84 行.
INFO: [ view_parse ] --START--
INFO: [ template_filter ] --START--
INFO: Run Behavior\ContentReplaceBehavior [ RunTime:0.000133s ]
INFO: [ template_filter ] --END-- [ RunTime:0.000154s ]
INFO: Run Behavior\ParseTemplateBehavior [ RunTime:0.005210s ]
INFO: [ view_parse ] --END-- [ RunTime:0.005235s ]
INFO: [ view_filter ] --START--
INFO: Run Behavior\WriteHtmlCacheBehavior [ RunTime:0.000085s ]
INFO: [ view_filter ] --END-- [ RunTime:0.000098s ]
INFO: [ app_end ] --START--
INFO: Run Behavior\ShowPageTraceBehavior [ RunTime:0.000265s ]
INFO: [ app_end ] --END-- [ RunTime:0.000281s ]

[ 2018-06-30T17:56:32+08:00 ] 146.88.202.245 /wxshare/index.php/Share/setNodeInfo?liveuid=17908
INFO: [ app_init ] --START--
INFO: Run Behavior\BuildLiteBehavior [ RunTime:0.000008s ]
INFO: [ app_init ] --END-- [ RunTime:0.000034s ]
INFO: [ app_begin ] --START--
INFO: Run Behavior\ReadHtmlCacheBehavior [ RunTime:0.000282s ]
INFO: [ app_begin ] --END-- [ RunTime:0.000307s ]
NOTIC: [2] Declaration of Home\Controller\ShareController::show() should be compatible with Think\Controller::show($content, $charset = '', $contentType = '', $prefix = '') /data/wwwroot/livenew.yunbaozhibo.com/wxshare/Application/Home/Controller/ShareController.class.php 第 619 行.
INFO: [ app_end ] --START--
INFO: Run Behavior\ShowPageTraceBehavior [ RunTime:0.000267s ]
INFO: [ app_end ] --END-- [ RunTime:0.000292s ]

[ 2018-06-30T18:02:08+08:00 ] 146.88.202.245 /wxshare/index.php/Share/index
INFO: [ app_init ] --START--
INFO: Run Behavior\BuildLiteBehavior [ RunTime:0.000009s ]
INFO: [ app_init ] --END-- [ RunTime:0.000041s ]
INFO: [ app_begin ] --START--
INFO: Run Behavior\ReadHtmlCacheBehavior [ RunTime:0.000210s ]
INFO: [ app_begin ] --END-- [ RunTime:0.000229s ]
NOTIC: [2] Declaration of Home\Controller\ShareController::show() should be compatible with Think\Controller::show($content, $charset = '', $contentType = '', $prefix = '') /data/wwwroot/livenew.yunbaozhibo.com/wxshare/Application/Home/Controller/ShareController.class.php 第 619 行.
SQL: SHOW COLUMNS FROM `cmf_config` [ RunTime:0.0009s ]
SQL: SELECT * FROM `cmf_config` WHERE ( id='1' ) LIMIT 1   [ RunTime:0.0002s ]
SQL: select l.uid,l.avatar,l.avatar_thumb,l.user_nicename,l.title,l.city,l.stream,l.pull,l.thumb from cmf_users_live l left join cmf_users u on l.uid=u.id where l.islive= '1'  order by u.isrecommend desc,l.starttime desc limit 0,20 [ RunTime:0.0008s ]
INFO: [ view_parse ] --START--
INFO: [ template_filter ] --START--
INFO: Run Behavior\ContentReplaceBehavior [ RunTime:0.000031s ]
INFO: [ template_filter ] --END-- [ RunTime:0.000050s ]
INFO: Run Behavior\ParseTemplateBehavior [ RunTime:0.003016s ]
INFO: [ view_parse ] --END-- [ RunTime:0.003039s ]
INFO: [ view_filter ] --START--
INFO: Run Behavior\WriteHtmlCacheBehavior [ RunTime:0.000091s ]
INFO: [ view_filter ] --END-- [ RunTime:0.000103s ]
INFO: [ app_end ] --START--
INFO: Run Behavior\ShowPageTraceBehavior [ RunTime:0.000369s ]
INFO: [ app_end ] --END-- [ RunTime:0.000393s ]

[ 2018-06-30T18:02:36+08:00 ] 146.88.202.245 /wxshare/index.php/Share/show?roomnum=13481
INFO: [ app_init ] --START--
INFO: Run Behavior\BuildLiteBehavior [ RunTime:0.000007s ]
INFO: [ app_init ] --END-- [ RunTime:0.000031s ]
INFO: [ app_begin ] --START--
INFO: Run Behavior\ReadHtmlCacheBehavior [ RunTime:0.000241s ]
INFO: [ app_begin ] --END-- [ RunTime:0.000264s ]
NOTIC: [2] Declaration of Home\Controller\ShareController::show() should be compatible with Think\Controller::show($content, $charset = '', $contentType = '', $prefix = '') /data/wwwroot/livenew.yunbaozhibo.com/wxshare/Application/Home/Controller/ShareController.class.php 第 619 行.
SQL: SHOW COLUMNS FROM `cmf_users` [ RunTime:0.0007s ]
SQL: SHOW COLUMNS FROM `cmf_users_live` [ RunTime:0.0004s ]
SQL: SHOW COLUMNS FROM `cmf_config_private` [ RunTime:0.0007s ]
SQL: SELECT * FROM `cmf_config_private` WHERE ( id='1' ) LIMIT 1   [ RunTime:0.0002s ]
SQL: SHOW COLUMNS FROM `cmf_config` [ RunTime:0.0005s ]
SQL: SELECT * FROM `cmf_config` WHERE ( id='1' ) LIMIT 1   [ RunTime:0.0001s ]
SQL: SELECT `uid`,`user_nicename`,`avatar`,`avatar_thumb`,`islive`,`stream`,`pull`,`isvideo`,`type`,`goodnum` FROM `cmf_users_live` WHERE ( uid='13481' and islive='1' ) LIMIT 1   [ RunTime:0.0003s ]
NOTIC: [8] Undefined variable: userinfo /data/wwwroot/livenew.yunbaozhibo.com/wxshare/Application/Home/Controller/ShareController.class.php 第 83 行.
NOTIC: [8] Undefined variable: userinfo /data/wwwroot/livenew.yunbaozhibo.com/wxshare/Application/Home/Controller/ShareController.class.php 第 84 行.
INFO: [ view_parse ] --START--
INFO: [ template_filter ] --START--
INFO: Run Behavior\ContentReplaceBehavior [ RunTime:0.000168s ]
INFO: [ template_filter ] --END-- [ RunTime:0.000217s ]
INFO: Run Behavior\ParseTemplateBehavior [ RunTime:0.005655s ]
INFO: [ view_parse ] --END-- [ RunTime:0.005680s ]
INFO: [ view_filter ] --START--
INFO: Run Behavior\WriteHtmlCacheBehavior [ RunTime:0.000093s ]
INFO: [ view_filter ] --END-- [ RunTime:0.000108s ]
INFO: [ app_end ] --START--
INFO: Run Behavior\ShowPageTraceBehavior [ RunTime:0.000312s ]
INFO: [ app_end ] --END-- [ RunTime:0.000336s ]

[ 2018-06-30T18:02:52+08:00 ] 146.88.202.245 /wxshare/index.php/Share/show?roomnum=13481
INFO: [ app_init ] --START--
INFO: Run Behavior\BuildLiteBehavior [ RunTime:0.000007s ]
INFO: [ app_init ] --END-- [ RunTime:0.000031s ]
INFO: [ app_begin ] --START--
INFO: Run Behavior\ReadHtmlCacheBehavior [ RunTime:0.000240s ]
INFO: [ app_begin ] --END-- [ RunTime:0.000259s ]
NOTIC: [2] Declaration of Home\Controller\ShareController::show() should be compatible with Think\Controller::show($content, $charset = '', $contentType = '', $prefix = '') /data/wwwroot/livenew.yunbaozhibo.com/wxshare/Application/Home/Controller/ShareController.class.php 第 619 行.
SQL: SHOW COLUMNS FROM `cmf_users` [ RunTime:0.0008s ]
SQL: SHOW COLUMNS FROM `cmf_users_live` [ RunTime:0.0004s ]
SQL: SHOW COLUMNS FROM `cmf_config_private` [ RunTime:0.0009s ]
SQL: SELECT * FROM `cmf_config_private` WHERE ( id='1' ) LIMIT 1   [ RunTime:0.0002s ]
SQL: SHOW COLUMNS FROM `cmf_config` [ RunTime:0.0005s ]
SQL: SELECT * FROM `cmf_config` WHERE ( id='1' ) LIMIT 1   [ RunTime:0.0001s ]
SQL: SELECT `uid`,`user_nicename`,`avatar`,`avatar_thumb`,`islive`,`stream`,`pull`,`isvideo`,`type`,`goodnum` FROM `cmf_users_live` WHERE ( uid='13481' and islive='1' ) LIMIT 1   [ RunTime:0.0001s ]
NOTIC: [8] Undefined variable: userinfo /data/wwwroot/livenew.yunbaozhibo.com/wxshare/Application/Home/Controller/ShareController.class.php 第 83 行.
NOTIC: [8] Undefined variable: userinfo /data/wwwroot/livenew.yunbaozhibo.com/wxshare/Application/Home/Controller/ShareController.class.php 第 84 行.
INFO: [ view_parse ] --START--
INFO: [ template_filter ] --START--
INFO: Run Behavior\ContentReplaceBehavior [ RunTime:0.000141s ]
INFO: [ template_filter ] --END-- [ RunTime:0.000167s ]
INFO: Run Behavior\ParseTemplateBehavior [ RunTime:0.005488s ]
INFO: [ view_parse ] --END-- [ RunTime:0.005515s ]
INFO: [ view_filter ] --START--
INFO: Run Behavior\WriteHtmlCacheBehavior [ RunTime:0.000131s ]
INFO: [ view_filter ] --END-- [ RunTime:0.000148s ]
INFO: [ app_end ] --START--
INFO: Run Behavior\ShowPageTraceBehavior [ RunTime:0.000284s ]
INFO: [ app_end ] --END-- [ RunTime:0.000304s ]

[ 2018-06-30T18:02:56+08:00 ] 146.88.202.245 /wxshare/index.php/Share/setNodeInfo?liveuid=13481
INFO: [ app_init ] --START--
INFO: Run Behavior\BuildLiteBehavior [ RunTime:0.000009s ]
INFO: [ app_init ] --END-- [ RunTime:0.000043s ]
INFO: [ app_begin ] --START--
INFO: Run Behavior\ReadHtmlCacheBehavior [ RunTime:0.000311s ]
INFO: [ app_begin ] --END-- [ RunTime:0.000337s ]
NOTIC: [2] Declaration of Home\Controller\ShareController::show() should be compatible with Think\Controller::show($content, $charset = '', $contentType = '', $prefix = '') /data/wwwroot/livenew.yunbaozhibo.com/wxshare/Application/Home/Controller/ShareController.class.php 第 619 行.
INFO: [ app_end ] --START--
INFO: Run Behavior\ShowPageTraceBehavior [ RunTime:0.000355s ]
INFO: [ app_end ] --END-- [ RunTime:0.000388s ]

