2018-03-05 05:32:17|DEBUG|succeed to upload file to qiniu|{"hash":"FgJfwSfQs7dvT6nBs3NDtDPZnIBJ","key":"20180305053217_ff04f89ad124f6c6ee73ce7cf77f61e6"}
2018-03-05 05:51:25|DEBUG|succeed to upload file to qiniu|{"hash":"FuCZzBjPtVNnk-CKrQZfJEHpvLC1","key":"20180305055125_3d6c2140a42ec22b7510bae2a502479f"}
2018-03-05 05:52:59|DEBUG|succeed to upload file to qiniu|{"hash":"FvebV25cFxl4gMdXDcrntSwhKZKZ","key":"20180305055259_62ec76529925b3564e75d50b46ff7ef2"}
2018-03-05 05:54:51|DEBUG|succeed to upload file to qiniu|{"hash":"FoQ2T6zQvqO3idjbwpFr5IxbHv3C","key":"20180305055451_05144fc4bbe5f634ecbc23ba3b7794dc"}
2018-03-05 05:56:39|DEBUG|succeed to upload file to qiniu|{"hash":"FhONcegHyMmLorjPBVPG1AQBahCy","key":"20180305055639_caa5cddb0daae151bdd810dca7e984a0"}
2018-03-05 05:58:09|DEBUG|succeed to upload file to qiniu|{"hash":"FujMmx-nbRPb0pOy-pgoXVMFyBG0","key":"20180305055809_f5f12e2cf94ff560554096260f3dadea"}
2018-03-05 06:00:39|DEBUG|succeed to upload file to qiniu|{"hash":"FpIT43f1xOKqc7Jjlrk9mdZJ1Wbm","key":"20180305060039_fe6a28be01999a3bc48cedf03abb81d3"}
2018-03-05 06:01:43|DEBUG|succeed to upload file to qiniu|{"hash":"Fq1K5FX3eq4txzIxohOipiXeTa9c","key":"20180305060143_05cd658a74325b25db103d34ebae69b7"}
2018-03-05 06:03:33|DEBUG|succeed to upload file to qiniu|{"hash":"Fjbhr84VzUAONwGj0FCzpn_cC2Dc","key":"20180305060333_8adfe1becabbe25fb55dfda7c9ea8411"}
2018-03-05 06:04:44|DEBUG|succeed to upload file to qiniu|{"hash":"FsAdzY3djCOMpcVFUNUEawf0gfXe","key":"20180305060444_81234efd84551330e65ad28462b693c1"}
2018-03-05 06:06:22|DEBUG|succeed to upload file to qiniu|{"hash":"FjnkZnyXF9GWf8LJpM07xmCUrcJy","key":"20180305060622_0ec286d05cd8f1afebda8112d205d39d"}
2018-03-05 06:08:07|DEBUG|succeed to upload file to qiniu|{"hash":"Fnj8Jp2zjiYgpoJcIye0IclNr0ix","key":"20180305060807_dd369b1883a4166422676e952f997d67"}
2018-03-05 06:15:19|DEBUG|succeed to upload file to qiniu|{"hash":"FlH6LRkqDKJ1SL8iB0A-3wwhSHHz","key":"20180305061519_78fc0fafc2aa93d79a78171ef81c5f2c"}
2018-03-05 06:16:18|DEBUG|succeed to upload file to qiniu|{"hash":"FhWRfCs7DfKlwZ_Qfl1Qyn5pUwiH","key":"20180305061617_ca3f7a97b8e620e00904cf773d077dc3"}
2018-03-05 06:26:35|DEBUG|succeed to upload file to qiniu|{"hash":"FqHbPwhADGafxD2vEzQ3aZP3DhCJ","key":"20180305062635_c0e327461e98c77699d55a792f983925"}
2018-03-05 06:28:01|DEBUG|succeed to upload file to qiniu|{"hash":"FpYAd_wsrGF1vHTP8DZSOOR2jqR7","key":"20180305062801_6066f249300a5bcbeb1aef3ead62d355"}
2018-03-05 06:29:15|DEBUG|succeed to upload file to qiniu|{"hash":"FrWO0nt6ix35-_ZehTITiHbD7UDn","key":"20180305062915_35cb29be02e566a5ca7a4e73a2afb924"}
2018-03-05 06:30:24|DEBUG|succeed to upload file to qiniu|{"hash":"FmavapMt6i8Ev3D1G1dhsDVAfMhi","key":"20180305063023_aee075b337ed783a3f79394c18eac6d4"}
2018-03-05 06:44:31|DEBUG|succeed to upload file to qiniu|{"hash":"FuEVDsaUtAET7lXm0QtJox7ZEIzc","key":"20180305064431_43fe288dc485c5775e05d214fbf1003c"}
2018-03-05 06:46:08|DEBUG|succeed to upload file to qiniu|{"hash":"FoYRHnSwjsKvzxAW30gNzFiLpWyy","key":"20180305064608_b94721c6c9d9ff73900c1b4c362b7653"}
2018-03-05 06:49:22|DEBUG|succeed to upload file to qiniu|{"hash":"FjRBe8mSniiyHlGT98RDwq-Lb8D6","key":"20180305064922_aecf487c7c34a922137d53e49a418c4d"}
2018-03-05 06:59:17|DEBUG|succeed to upload file to qiniu|{"hash":"FpRjEkp_1IBORi9To3zyawEHTBJr","key":"20180305065917_0425e5ffc7f5da8e9259d63f33c9d648"}
2018-03-05 07:02:17|DEBUG|succeed to upload file to qiniu|{"hash":"FqbHOT4qYqImESN7v1wKVvzwL4qu","key":"20180305070217_58e1a75b58531dd90dbfe2fee7c8255d"}
2018-03-05 08:32:41|DEBUG|succeed to upload file to qiniu|{"hash":"FpRQnjSBbuz6-enyPULmoEOKG_tP","key":"20180305083240_6017bd8340373108e1a92c3c6249b8cd"}
2018-03-05 08:35:05|DEBUG|succeed to upload file to qiniu|{"hash":"FrGsGPOy993t9ZIY1iKmXLeig6US","key":"20180305083504_4ac7295c93e76822adefc4d3e6302c70"}
2018-03-05 08:37:40|DEBUG|succeed to upload file to qiniu|{"hash":"FmkxeUJ7arIkJCTR0NsA7te1K-oM","key":"20180305083739_21d644717cdf4cdca9605d06d779e77f"}
2018-03-05 09:01:21|DEBUG|succeed to upload file to qiniu|{"hash":"Fuuk_49xN_3GVW_cIHIyzueEJgqY","key":"20180305090121_255f27b19743bde3164bead84ca0e126"}
2018-03-05 09:15:08|DEBUG|succeed to upload file to qiniu|{"hash":"FvrsJpu0S1h-0yfQtf8S2gZuaP13","key":"20180305091507_fc40882260177243c5f0653b2b44ba58"}
2018-03-05 09:16:28|DEBUG|succeed to upload file to qiniu|{"hash":"Fo8bblfbT-sAwhlnsOo5gBsNzNhx","key":"20180305091627_e711763d7f48da6667a0a25b1579e091"}
2018-03-05 10:32:33|DEBUG|succeed to upload file to qiniu|{"hash":"FpIT43f1xOKqc7Jjlrk9mdZJ1Wbm","key":"20180305103233_2ab006fd055aa440c9a239e1a8c63ee5"}
2018-03-05 17:30:27|DEBUG|succeed to upload file to qiniu|{"hash":"Fg7dEHa4u9Rr0AIomezS5fXaZemg","key":"20180305173026_e8927e65ec483981754a9df0550251d0"}
2018-03-05 18:14:06|DEBUG|succeed to upload file to qiniu|{"hash":"Fq4SYEXEbgKcIP6PO_KxKVv7UzZC","key":"20180305181406_07460b467b4afafc98c710ab2940be01"}
