[2017-12-05 17:11:36][debug] begin notify
[2017-12-05 17:11:36][debug] call back:{"appid":"wxdbba8ae5cc57d71e","attach":"\u5145\u503c\u94bb\u77f3,\u4ef7\u503c\u4e3a100","bank_type":"CFT","cash_fee":"1","fee_type":"CNY","is_subscribe":"N","mch_id":"1230458202","nonce_str":"qw9nxqijilm2e5gg7df6405x5mezzn02","openid":"oT36SuFtcPjgoDHUcmqNg_-mygbQ","out_trade_no":"14910_14910_1205171117_8530","result_code":"SUCCESS","return_code":"SUCCESS","sign":"899719746212C2E982E9E1B675BA3F68","time_end":"20171205171135","total_fee":"1","trade_type":"NATIVE","transaction_id":"4200000021201712059260431320"}
[2017-12-05 17:11:36][debug] query:{"appid":"wxdbba8ae5cc57d71e","attach":"\u5145\u503c\u94bb\u77f3,\u4ef7\u503c\u4e3a100","bank_type":"CFT","cash_fee":"1","fee_type":"CNY","is_subscribe":"N","mch_id":"1230458202","nonce_str":"yDdXifzu6sIIlBZ1","openid":"oT36SuFtcPjgoDHUcmqNg_-mygbQ","out_trade_no":"14910_14910_1205171117_8530","result_code":"SUCCESS","return_code":"SUCCESS","return_msg":"OK","sign":"9A10A5C331E57BBFB58C7DE1E521BEF1","time_end":"20171205171135","total_fee":"1","trade_state":"SUCCESS","trade_type":"NATIVE","transaction_id":"4200000021201712059260431320"}
[2017-12-05 17:11:36][debug] 已进入
[2017-12-05 17:11:36][debug] select * from cmf_users_charge where orderno='14910_14910_1205171117_8530' and money='0.01' and status='0' and type='2'
[2017-12-05 17:11:36][debug] 14910_14910_1205171117_8530 订单信息不存在
[2017-12-05 17:11:52][debug] begin notify
[2017-12-05 17:11:52][debug] call back:{"appid":"wxdbba8ae5cc57d71e","attach":"\u5145\u503c\u94bb\u77f3,\u4ef7\u503c\u4e3a100","bank_type":"CFT","cash_fee":"1","fee_type":"CNY","is_subscribe":"N","mch_id":"1230458202","nonce_str":"qw9nxqijilm2e5gg7df6405x5mezzn02","openid":"oT36SuFtcPjgoDHUcmqNg_-mygbQ","out_trade_no":"14910_14910_1205171117_8530","result_code":"SUCCESS","return_code":"SUCCESS","sign":"899719746212C2E982E9E1B675BA3F68","time_end":"20171205171135","total_fee":"1","trade_type":"NATIVE","transaction_id":"4200000021201712059260431320"}
[2017-12-05 17:11:53][debug] query:{"appid":"wxdbba8ae5cc57d71e","attach":"\u5145\u503c\u94bb\u77f3,\u4ef7\u503c\u4e3a100","bank_type":"CFT","cash_fee":"1","fee_type":"CNY","is_subscribe":"N","mch_id":"1230458202","nonce_str":"ZYRC3C5rjv3VD85a","openid":"oT36SuFtcPjgoDHUcmqNg_-mygbQ","out_trade_no":"14910_14910_1205171117_8530","result_code":"SUCCESS","return_code":"SUCCESS","return_msg":"OK","sign":"8205687B1A39140993951ED75FE28567","time_end":"20171205171135","total_fee":"1","trade_state":"SUCCESS","trade_type":"NATIVE","transaction_id":"4200000021201712059260431320"}
[2017-12-05 17:11:53][debug] 已进入
[2017-12-05 17:11:53][debug] select * from cmf_users_charge where orderno='14910_14910_1205171117_8530' and money='0.01' and status='0' and type='2'
[2017-12-05 17:11:53][debug] 14910_14910_1205171117_8530 订单信息不存在
[2017-12-05 17:12:10][debug] begin notify
[2017-12-05 17:12:10][debug] call back:{"appid":"wxdbba8ae5cc57d71e","attach":"\u5145\u503c\u94bb\u77f3,\u4ef7\u503c\u4e3a100","bank_type":"CFT","cash_fee":"1","fee_type":"CNY","is_subscribe":"N","mch_id":"1230458202","nonce_str":"qw9nxqijilm2e5gg7df6405x5mezzn02","openid":"oT36SuFtcPjgoDHUcmqNg_-mygbQ","out_trade_no":"14910_14910_1205171117_8530","result_code":"SUCCESS","return_code":"SUCCESS","sign":"899719746212C2E982E9E1B675BA3F68","time_end":"20171205171135","total_fee":"1","trade_type":"NATIVE","transaction_id":"4200000021201712059260431320"}
[2017-12-05 17:12:10][debug] query:{"appid":"wxdbba8ae5cc57d71e","attach":"\u5145\u503c\u94bb\u77f3,\u4ef7\u503c\u4e3a100","bank_type":"CFT","cash_fee":"1","fee_type":"CNY","is_subscribe":"N","mch_id":"1230458202","nonce_str":"7IRZ4YltWlkWZc0N","openid":"oT36SuFtcPjgoDHUcmqNg_-mygbQ","out_trade_no":"14910_14910_1205171117_8530","result_code":"SUCCESS","return_code":"SUCCESS","return_msg":"OK","sign":"F8517B078B36BFDCB0785A49187DA654","time_end":"20171205171135","total_fee":"1","trade_state":"SUCCESS","trade_type":"NATIVE","transaction_id":"4200000021201712059260431320"}
[2017-12-05 17:12:10][debug] 已进入
[2017-12-05 17:12:10][debug] select * from cmf_users_charge where orderno='14910_14910_1205171117_8530' and money='0.01' and status='0' and type='2'
[2017-12-05 17:12:10][debug] 14910_14910_1205171117_8530 订单信息不存在
[2017-12-05 17:12:42][debug] begin notify
[2017-12-05 17:12:42][debug] call back:{"appid":"wxdbba8ae5cc57d71e","attach":"\u5145\u503c\u94bb\u77f3,\u4ef7\u503c\u4e3a100","bank_type":"CFT","cash_fee":"1","fee_type":"CNY","is_subscribe":"N","mch_id":"1230458202","nonce_str":"qw9nxqijilm2e5gg7df6405x5mezzn02","openid":"oT36SuFtcPjgoDHUcmqNg_-mygbQ","out_trade_no":"14910_14910_1205171117_8530","result_code":"SUCCESS","return_code":"SUCCESS","sign":"899719746212C2E982E9E1B675BA3F68","time_end":"20171205171135","total_fee":"1","trade_type":"NATIVE","transaction_id":"4200000021201712059260431320"}
[2017-12-05 17:12:42][debug] query:{"appid":"wxdbba8ae5cc57d71e","attach":"\u5145\u503c\u94bb\u77f3,\u4ef7\u503c\u4e3a100","bank_type":"CFT","cash_fee":"1","fee_type":"CNY","is_subscribe":"N","mch_id":"1230458202","nonce_str":"5eBy66ZA9KtCpACF","openid":"oT36SuFtcPjgoDHUcmqNg_-mygbQ","out_trade_no":"14910_14910_1205171117_8530","result_code":"SUCCESS","return_code":"SUCCESS","return_msg":"OK","sign":"EE1C7B13697E9D24B63B4E3931D9BE7B","time_end":"20171205171135","total_fee":"1","trade_state":"SUCCESS","trade_type":"NATIVE","transaction_id":"4200000021201712059260431320"}
[2017-12-05 17:12:42][debug] 已进入
[2017-12-05 17:12:42][debug] select * from cmf_users_charge where orderno='14910_14910_1205171117_8530' and money='0.01' and status='0' and type='2'
[2017-12-05 17:12:42][debug] 14910_14910_1205171117_8530 订单信息不存在
[2017-12-05 17:15:44][debug] begin notify
[2017-12-05 17:15:44][debug] call back:{"appid":"wxdbba8ae5cc57d71e","attach":"\u5145\u503c\u94bb\u77f3,\u4ef7\u503c\u4e3a100","bank_type":"CFT","cash_fee":"1","fee_type":"CNY","is_subscribe":"N","mch_id":"1230458202","nonce_str":"qw9nxqijilm2e5gg7df6405x5mezzn02","openid":"oT36SuFtcPjgoDHUcmqNg_-mygbQ","out_trade_no":"14910_14910_1205171117_8530","result_code":"SUCCESS","return_code":"SUCCESS","sign":"899719746212C2E982E9E1B675BA3F68","time_end":"20171205171135","total_fee":"1","trade_type":"NATIVE","transaction_id":"4200000021201712059260431320"}
[2017-12-05 17:15:44][debug] query:{"appid":"wxdbba8ae5cc57d71e","attach":"\u5145\u503c\u94bb\u77f3,\u4ef7\u503c\u4e3a100","bank_type":"CFT","cash_fee":"1","fee_type":"CNY","is_subscribe":"N","mch_id":"1230458202","nonce_str":"zHULtJ1t0e5gF5UX","openid":"oT36SuFtcPjgoDHUcmqNg_-mygbQ","out_trade_no":"14910_14910_1205171117_8530","result_code":"SUCCESS","return_code":"SUCCESS","return_msg":"OK","sign":"6DEAD2292EA2BB1A4AAD390A5BD990CA","time_end":"20171205171135","total_fee":"1","trade_state":"SUCCESS","trade_type":"NATIVE","transaction_id":"4200000021201712059260431320"}
[2017-12-05 17:15:44][debug] 已进入
[2017-12-05 17:15:44][debug] select * from cmf_users_charge where orderno='14910_14910_1205171117_8530' and money='0.01' and status='0' and type='2'
[2017-12-05 17:15:44][debug] 14910_14910_1205171117_8530 订单信息不存在
[2017-12-05 17:45:48][debug] begin notify
[2017-12-05 17:45:48][debug] call back:{"appid":"wxdbba8ae5cc57d71e","attach":"\u5145\u503c\u94bb\u77f3,\u4ef7\u503c\u4e3a100","bank_type":"CFT","cash_fee":"1","fee_type":"CNY","is_subscribe":"N","mch_id":"1230458202","nonce_str":"qw9nxqijilm2e5gg7df6405x5mezzn02","openid":"oT36SuFtcPjgoDHUcmqNg_-mygbQ","out_trade_no":"14910_14910_1205171117_8530","result_code":"SUCCESS","return_code":"SUCCESS","sign":"899719746212C2E982E9E1B675BA3F68","time_end":"20171205171135","total_fee":"1","trade_type":"NATIVE","transaction_id":"4200000021201712059260431320"}
[2017-12-05 17:45:48][debug] query:{"appid":"wxdbba8ae5cc57d71e","attach":"\u5145\u503c\u94bb\u77f3,\u4ef7\u503c\u4e3a100","bank_type":"CFT","cash_fee":"1","fee_type":"CNY","is_subscribe":"N","mch_id":"1230458202","nonce_str":"sUi073m5lTKfRSe8","openid":"oT36SuFtcPjgoDHUcmqNg_-mygbQ","out_trade_no":"14910_14910_1205171117_8530","result_code":"SUCCESS","return_code":"SUCCESS","return_msg":"OK","sign":"F2520020611AE1D078F70BD70F2E85B9","time_end":"20171205171135","total_fee":"1","trade_state":"SUCCESS","trade_type":"NATIVE","transaction_id":"4200000021201712059260431320"}
[2017-12-05 17:45:48][debug] 已进入
[2017-12-05 17:45:48][debug] select * from cmf_users_charge where orderno='14910_14910_1205171117_8530' and money='0.01' and status='0' and type='2'
[2017-12-05 17:45:48][debug] 14910_14910_1205171117_8530 订单信息不存在
[2017-12-05 18:15:50][debug] begin notify
[2017-12-05 18:15:50][debug] call back:{"appid":"wxdbba8ae5cc57d71e","attach":"\u5145\u503c\u94bb\u77f3,\u4ef7\u503c\u4e3a100","bank_type":"CFT","cash_fee":"1","fee_type":"CNY","is_subscribe":"N","mch_id":"1230458202","nonce_str":"qw9nxqijilm2e5gg7df6405x5mezzn02","openid":"oT36SuFtcPjgoDHUcmqNg_-mygbQ","out_trade_no":"14910_14910_1205171117_8530","result_code":"SUCCESS","return_code":"SUCCESS","sign":"899719746212C2E982E9E1B675BA3F68","time_end":"20171205171135","total_fee":"1","trade_type":"NATIVE","transaction_id":"4200000021201712059260431320"}
[2017-12-05 18:15:50][debug] query:{"appid":"wxdbba8ae5cc57d71e","attach":"\u5145\u503c\u94bb\u77f3,\u4ef7\u503c\u4e3a100","bank_type":"CFT","cash_fee":"1","fee_type":"CNY","is_subscribe":"N","mch_id":"1230458202","nonce_str":"qlFKkkvw5lW2zcp3","openid":"oT36SuFtcPjgoDHUcmqNg_-mygbQ","out_trade_no":"14910_14910_1205171117_8530","result_code":"SUCCESS","return_code":"SUCCESS","return_msg":"OK","sign":"C2D25772438D545E7ACA748941BDF815","time_end":"20171205171135","total_fee":"1","trade_state":"SUCCESS","trade_type":"NATIVE","transaction_id":"4200000021201712059260431320"}
[2017-12-05 18:15:50][debug] 已进入
[2017-12-05 18:15:50][debug] select * from cmf_users_charge where orderno='14910_14910_1205171117_8530' and money='0.01' and status='0' and type='2'
[2017-12-05 18:15:50][debug] 14910_14910_1205171117_8530 订单信息不存在
[2017-12-05 18:45:52][debug] begin notify
[2017-12-05 18:45:52][debug] call back:{"appid":"wxdbba8ae5cc57d71e","attach":"\u5145\u503c\u94bb\u77f3,\u4ef7\u503c\u4e3a100","bank_type":"CFT","cash_fee":"1","fee_type":"CNY","is_subscribe":"N","mch_id":"1230458202","nonce_str":"qw9nxqijilm2e5gg7df6405x5mezzn02","openid":"oT36SuFtcPjgoDHUcmqNg_-mygbQ","out_trade_no":"14910_14910_1205171117_8530","result_code":"SUCCESS","return_code":"SUCCESS","sign":"899719746212C2E982E9E1B675BA3F68","time_end":"20171205171135","total_fee":"1","trade_type":"NATIVE","transaction_id":"4200000021201712059260431320"}
[2017-12-05 18:45:52][debug] query:{"appid":"wxdbba8ae5cc57d71e","attach":"\u5145\u503c\u94bb\u77f3,\u4ef7\u503c\u4e3a100","bank_type":"CFT","cash_fee":"1","fee_type":"CNY","is_subscribe":"N","mch_id":"1230458202","nonce_str":"TNmvukrWnPQuwGuG","openid":"oT36SuFtcPjgoDHUcmqNg_-mygbQ","out_trade_no":"14910_14910_1205171117_8530","result_code":"SUCCESS","return_code":"SUCCESS","return_msg":"OK","sign":"C72C281F47F8807401829594CE4F8388","time_end":"20171205171135","total_fee":"1","trade_state":"SUCCESS","trade_type":"NATIVE","transaction_id":"4200000021201712059260431320"}
[2017-12-05 18:45:52][debug] 已进入
[2017-12-05 18:45:52][debug] select * from cmf_users_charge where orderno='14910_14910_1205171117_8530' and money='0.01' and status='0' and type='2'
[2017-12-05 18:45:52][debug] 14910_14910_1205171117_8530 订单信息不存在
[2017-12-05 19:15:53][debug] begin notify
[2017-12-05 19:15:53][debug] call back:{"appid":"wxdbba8ae5cc57d71e","attach":"\u5145\u503c\u94bb\u77f3,\u4ef7\u503c\u4e3a100","bank_type":"CFT","cash_fee":"1","fee_type":"CNY","is_subscribe":"N","mch_id":"1230458202","nonce_str":"qw9nxqijilm2e5gg7df6405x5mezzn02","openid":"oT36SuFtcPjgoDHUcmqNg_-mygbQ","out_trade_no":"14910_14910_1205171117_8530","result_code":"SUCCESS","return_code":"SUCCESS","sign":"899719746212C2E982E9E1B675BA3F68","time_end":"20171205171135","total_fee":"1","trade_type":"NATIVE","transaction_id":"4200000021201712059260431320"}
[2017-12-05 19:15:53][debug] query:{"appid":"wxdbba8ae5cc57d71e","attach":"\u5145\u503c\u94bb\u77f3,\u4ef7\u503c\u4e3a100","bank_type":"CFT","cash_fee":"1","fee_type":"CNY","is_subscribe":"N","mch_id":"1230458202","nonce_str":"19XKF3LTetUUrQ0b","openid":"oT36SuFtcPjgoDHUcmqNg_-mygbQ","out_trade_no":"14910_14910_1205171117_8530","result_code":"SUCCESS","return_code":"SUCCESS","return_msg":"OK","sign":"5CEC9F49833F8CE7A438084EB219B8FB","time_end":"20171205171135","total_fee":"1","trade_state":"SUCCESS","trade_type":"NATIVE","transaction_id":"4200000021201712059260431320"}
[2017-12-05 19:15:53][debug] 已进入
[2017-12-05 19:15:53][debug] select * from cmf_users_charge where orderno='14910_14910_1205171117_8530' and money='0.01' and status='0' and type='2'
[2017-12-05 19:15:53][debug] 14910_14910_1205171117_8530 订单信息不存在
[2017-12-05 20:15:55][debug] begin notify
[2017-12-05 20:15:55][debug] call back:{"appid":"wxdbba8ae5cc57d71e","attach":"\u5145\u503c\u94bb\u77f3,\u4ef7\u503c\u4e3a100","bank_type":"CFT","cash_fee":"1","fee_type":"CNY","is_subscribe":"N","mch_id":"1230458202","nonce_str":"qw9nxqijilm2e5gg7df6405x5mezzn02","openid":"oT36SuFtcPjgoDHUcmqNg_-mygbQ","out_trade_no":"14910_14910_1205171117_8530","result_code":"SUCCESS","return_code":"SUCCESS","sign":"899719746212C2E982E9E1B675BA3F68","time_end":"20171205171135","total_fee":"1","trade_type":"NATIVE","transaction_id":"4200000021201712059260431320"}
[2017-12-05 20:15:55][debug] query:{"appid":"wxdbba8ae5cc57d71e","attach":"\u5145\u503c\u94bb\u77f3,\u4ef7\u503c\u4e3a100","bank_type":"CFT","cash_fee":"1","fee_type":"CNY","is_subscribe":"N","mch_id":"1230458202","nonce_str":"6lqlOnIR59duy2sD","openid":"oT36SuFtcPjgoDHUcmqNg_-mygbQ","out_trade_no":"14910_14910_1205171117_8530","result_code":"SUCCESS","return_code":"SUCCESS","return_msg":"OK","sign":"ACF8CE6CF38BEA7901D2246226418EB4","time_end":"20171205171135","total_fee":"1","trade_state":"SUCCESS","trade_type":"NATIVE","transaction_id":"4200000021201712059260431320"}
[2017-12-05 20:15:55][debug] 已进入
[2017-12-05 20:15:55][debug] select * from cmf_users_charge where orderno='14910_14910_1205171117_8530' and money='0.01' and status='0' and type='2'
[2017-12-05 20:15:55][debug] 14910_14910_1205171117_8530 订单信息不存在
