[2018-07-13 16:50:07][debug] begin notify
[2018-07-13 16:50:07][debug] call back:{"appid":"wxdbba8ae5cc57d71e","attach":"\u5145\u503c\u94bb\u77f3,\u4ef7\u503c\u4e3a600","bank_type":"CFT","cash_fee":"600","fee_type":"CNY","is_subscribe":"N","mch_id":"1230458202","nonce_str":"7i9guxyczx3y79wgc91ent8tn0xufdto","openid":"oT36SuOGx6-nyqE94D0npLsVWlGk","out_trade_no":"20331_20331_0713164952_9799","result_code":"SUCCESS","return_code":"SUCCESS","sign":"A34E0A1D720CDE642B92937C39AA2300","time_end":"20180713165006","total_fee":"600","trade_type":"NATIVE","transaction_id":"4200000136201807134444870471"}
[2018-07-13 16:50:07][debug] query:{"appid":"wxdbba8ae5cc57d71e","attach":"\u5145\u503c\u94bb\u77f3,\u4ef7\u503c\u4e3a600","bank_type":"CFT","cash_fee":"600","fee_type":"CNY","is_subscribe":"N","mch_id":"1230458202","nonce_str":"mrtRvXZEEM5zJHA7","openid":"oT36SuOGx6-nyqE94D0npLsVWlGk","out_trade_no":"20331_20331_0713164952_9799","result_code":"SUCCESS","return_code":"SUCCESS","return_msg":"OK","sign":"1CF366848180CEBA91439D451AFE1080","time_end":"20180713165006","total_fee":"600","trade_state":"SUCCESS","trade_state_desc":"\u652f\u4ed8\u6210\u529f","trade_type":"NATIVE","transaction_id":"4200000136201807134444870471"}
[2018-07-13 16:50:07][debug] 已进入
[2018-07-13 16:50:07][debug] select * from cmf_users_charge where orderno='20331_20331_0713164952_9799' and status='0' and type='2'
[2018-07-13 16:50:23][debug] begin notify
[2018-07-13 16:50:23][debug] call back:{"appid":"wxdbba8ae5cc57d71e","attach":"\u5145\u503c\u94bb\u77f3,\u4ef7\u503c\u4e3a600","bank_type":"CFT","cash_fee":"600","fee_type":"CNY","is_subscribe":"N","mch_id":"1230458202","nonce_str":"7i9guxyczx3y79wgc91ent8tn0xufdto","openid":"oT36SuOGx6-nyqE94D0npLsVWlGk","out_trade_no":"20331_20331_0713164952_9799","result_code":"SUCCESS","return_code":"SUCCESS","sign":"A34E0A1D720CDE642B92937C39AA2300","time_end":"20180713165006","total_fee":"600","trade_type":"NATIVE","transaction_id":"4200000136201807134444870471"}
[2018-07-13 16:50:23][debug] query:{"appid":"wxdbba8ae5cc57d71e","attach":"\u5145\u503c\u94bb\u77f3,\u4ef7\u503c\u4e3a600","bank_type":"CFT","cash_fee":"600","fee_type":"CNY","is_subscribe":"Y","mch_id":"1230458202","nonce_str":"nuLarVcee5XgpR2c","openid":"oT36SuOGx6-nyqE94D0npLsVWlGk","out_trade_no":"20331_20331_0713164952_9799","result_code":"SUCCESS","return_code":"SUCCESS","return_msg":"OK","sign":"7A9F94480A6D22021D6D8591153891E7","time_end":"20180713165006","total_fee":"600","trade_state":"SUCCESS","trade_state_desc":"\u652f\u4ed8\u6210\u529f","trade_type":"NATIVE","transaction_id":"4200000136201807134444870471"}
[2018-07-13 16:50:23][debug] 已进入
[2018-07-13 16:50:23][debug] select * from cmf_users_charge where orderno='20331_20331_0713164952_9799' and status='0' and type='2'
[2018-07-13 16:50:38][debug] begin notify
[2018-07-13 16:50:38][debug] call back:{"appid":"wxdbba8ae5cc57d71e","attach":"\u5145\u503c\u94bb\u77f3,\u4ef7\u503c\u4e3a600","bank_type":"CFT","cash_fee":"600","fee_type":"CNY","is_subscribe":"N","mch_id":"1230458202","nonce_str":"7i9guxyczx3y79wgc91ent8tn0xufdto","openid":"oT36SuOGx6-nyqE94D0npLsVWlGk","out_trade_no":"20331_20331_0713164952_9799","result_code":"SUCCESS","return_code":"SUCCESS","sign":"A34E0A1D720CDE642B92937C39AA2300","time_end":"20180713165006","total_fee":"600","trade_type":"NATIVE","transaction_id":"4200000136201807134444870471"}
[2018-07-13 16:50:38][debug] query:{"appid":"wxdbba8ae5cc57d71e","attach":"\u5145\u503c\u94bb\u77f3,\u4ef7\u503c\u4e3a600","bank_type":"CFT","cash_fee":"600","fee_type":"CNY","is_subscribe":"Y","mch_id":"1230458202","nonce_str":"zzLN5jXCj8QhP5QX","openid":"oT36SuOGx6-nyqE94D0npLsVWlGk","out_trade_no":"20331_20331_0713164952_9799","result_code":"SUCCESS","return_code":"SUCCESS","return_msg":"OK","sign":"BD3015B8C4F0D4473CFB5522E1262E13","time_end":"20180713165006","total_fee":"600","trade_state":"SUCCESS","trade_state_desc":"\u652f\u4ed8\u6210\u529f","trade_type":"NATIVE","transaction_id":"4200000136201807134444870471"}
[2018-07-13 16:50:38][debug] 已进入
[2018-07-13 16:50:38][debug] select * from cmf_users_charge where orderno='20331_20331_0713164952_9799' and status='0' and type='2'
[2018-07-13 16:51:08][debug] begin notify
[2018-07-13 16:51:08][debug] call back:{"appid":"wxdbba8ae5cc57d71e","attach":"\u5145\u503c\u94bb\u77f3,\u4ef7\u503c\u4e3a600","bank_type":"CFT","cash_fee":"600","fee_type":"CNY","is_subscribe":"N","mch_id":"1230458202","nonce_str":"7i9guxyczx3y79wgc91ent8tn0xufdto","openid":"oT36SuOGx6-nyqE94D0npLsVWlGk","out_trade_no":"20331_20331_0713164952_9799","result_code":"SUCCESS","return_code":"SUCCESS","sign":"A34E0A1D720CDE642B92937C39AA2300","time_end":"20180713165006","total_fee":"600","trade_type":"NATIVE","transaction_id":"4200000136201807134444870471"}
[2018-07-13 16:51:09][debug] query:{"appid":"wxdbba8ae5cc57d71e","attach":"\u5145\u503c\u94bb\u77f3,\u4ef7\u503c\u4e3a600","bank_type":"CFT","cash_fee":"600","fee_type":"CNY","is_subscribe":"Y","mch_id":"1230458202","nonce_str":"U6GWsOSpo9azCI9G","openid":"oT36SuOGx6-nyqE94D0npLsVWlGk","out_trade_no":"20331_20331_0713164952_9799","result_code":"SUCCESS","return_code":"SUCCESS","return_msg":"OK","sign":"4B9E64BD7E500A40CA890C41DDE2DB87","time_end":"20180713165006","total_fee":"600","trade_state":"SUCCESS","trade_state_desc":"\u652f\u4ed8\u6210\u529f","trade_type":"NATIVE","transaction_id":"4200000136201807134444870471"}
[2018-07-13 16:51:09][debug] 已进入
[2018-07-13 16:51:09][debug] select * from cmf_users_charge where orderno='20331_20331_0713164952_9799' and status='0' and type='2'
[2018-07-13 16:54:10][debug] begin notify
[2018-07-13 16:54:10][debug] call back:{"appid":"wxdbba8ae5cc57d71e","attach":"\u5145\u503c\u94bb\u77f3,\u4ef7\u503c\u4e3a600","bank_type":"CFT","cash_fee":"600","fee_type":"CNY","is_subscribe":"N","mch_id":"1230458202","nonce_str":"7i9guxyczx3y79wgc91ent8tn0xufdto","openid":"oT36SuOGx6-nyqE94D0npLsVWlGk","out_trade_no":"20331_20331_0713164952_9799","result_code":"SUCCESS","return_code":"SUCCESS","sign":"A34E0A1D720CDE642B92937C39AA2300","time_end":"20180713165006","total_fee":"600","trade_type":"NATIVE","transaction_id":"4200000136201807134444870471"}
[2018-07-13 16:54:10][debug] query:{"appid":"wxdbba8ae5cc57d71e","attach":"\u5145\u503c\u94bb\u77f3,\u4ef7\u503c\u4e3a600","bank_type":"CFT","cash_fee":"600","fee_type":"CNY","is_subscribe":"Y","mch_id":"1230458202","nonce_str":"3sZ8BDz6m9MK6kgo","openid":"oT36SuOGx6-nyqE94D0npLsVWlGk","out_trade_no":"20331_20331_0713164952_9799","result_code":"SUCCESS","return_code":"SUCCESS","return_msg":"OK","sign":"11C6434EA4EF8A46F5FC57792A4A0B19","time_end":"20180713165006","total_fee":"600","trade_state":"SUCCESS","trade_state_desc":"\u652f\u4ed8\u6210\u529f","trade_type":"NATIVE","transaction_id":"4200000136201807134444870471"}
[2018-07-13 16:54:10][debug] 已进入
[2018-07-13 16:54:10][debug] select * from cmf_users_charge where orderno='20331_20331_0713164952_9799' and status='0' and type='2'
[2018-07-13 17:24:11][debug] begin notify
[2018-07-13 17:24:11][debug] call back:{"appid":"wxdbba8ae5cc57d71e","attach":"\u5145\u503c\u94bb\u77f3,\u4ef7\u503c\u4e3a600","bank_type":"CFT","cash_fee":"600","fee_type":"CNY","is_subscribe":"N","mch_id":"1230458202","nonce_str":"7i9guxyczx3y79wgc91ent8tn0xufdto","openid":"oT36SuOGx6-nyqE94D0npLsVWlGk","out_trade_no":"20331_20331_0713164952_9799","result_code":"SUCCESS","return_code":"SUCCESS","sign":"A34E0A1D720CDE642B92937C39AA2300","time_end":"20180713165006","total_fee":"600","trade_type":"NATIVE","transaction_id":"4200000136201807134444870471"}
[2018-07-13 17:24:12][debug] query:{"appid":"wxdbba8ae5cc57d71e","attach":"\u5145\u503c\u94bb\u77f3,\u4ef7\u503c\u4e3a600","bank_type":"CFT","cash_fee":"600","fee_type":"CNY","is_subscribe":"Y","mch_id":"1230458202","nonce_str":"HgYsr02FpYMRft4r","openid":"oT36SuOGx6-nyqE94D0npLsVWlGk","out_trade_no":"20331_20331_0713164952_9799","result_code":"SUCCESS","return_code":"SUCCESS","return_msg":"OK","sign":"267CF1206FA7BA4293A683B2C1095D2F","time_end":"20180713165006","total_fee":"600","trade_state":"SUCCESS","trade_state_desc":"\u652f\u4ed8\u6210\u529f","trade_type":"NATIVE","transaction_id":"4200000136201807134444870471"}
[2018-07-13 17:24:12][debug] 已进入
[2018-07-13 17:24:12][debug] select * from cmf_users_charge where orderno='20331_20331_0713164952_9799' and status='0' and type='2'
[2018-07-13 17:54:13][debug] begin notify
[2018-07-13 17:54:13][debug] call back:{"appid":"wxdbba8ae5cc57d71e","attach":"\u5145\u503c\u94bb\u77f3,\u4ef7\u503c\u4e3a600","bank_type":"CFT","cash_fee":"600","fee_type":"CNY","is_subscribe":"N","mch_id":"1230458202","nonce_str":"7i9guxyczx3y79wgc91ent8tn0xufdto","openid":"oT36SuOGx6-nyqE94D0npLsVWlGk","out_trade_no":"20331_20331_0713164952_9799","result_code":"SUCCESS","return_code":"SUCCESS","sign":"A34E0A1D720CDE642B92937C39AA2300","time_end":"20180713165006","total_fee":"600","trade_type":"NATIVE","transaction_id":"4200000136201807134444870471"}
[2018-07-13 17:54:13][debug] query:{"appid":"wxdbba8ae5cc57d71e","attach":"\u5145\u503c\u94bb\u77f3,\u4ef7\u503c\u4e3a600","bank_type":"CFT","cash_fee":"600","fee_type":"CNY","is_subscribe":"Y","mch_id":"1230458202","nonce_str":"mxGbYyMPiTI4UIUt","openid":"oT36SuOGx6-nyqE94D0npLsVWlGk","out_trade_no":"20331_20331_0713164952_9799","result_code":"SUCCESS","return_code":"SUCCESS","return_msg":"OK","sign":"1E647000DF8A270615EB41A4D44E46F2","time_end":"20180713165006","total_fee":"600","trade_state":"SUCCESS","trade_state_desc":"\u652f\u4ed8\u6210\u529f","trade_type":"NATIVE","transaction_id":"4200000136201807134444870471"}
[2018-07-13 17:54:13][debug] 已进入
[2018-07-13 17:54:13][debug] select * from cmf_users_charge where orderno='20331_20331_0713164952_9799' and status='0' and type='2'
[2018-07-13 18:24:15][debug] begin notify
[2018-07-13 18:24:15][debug] call back:{"appid":"wxdbba8ae5cc57d71e","attach":"\u5145\u503c\u94bb\u77f3,\u4ef7\u503c\u4e3a600","bank_type":"CFT","cash_fee":"600","fee_type":"CNY","is_subscribe":"N","mch_id":"1230458202","nonce_str":"7i9guxyczx3y79wgc91ent8tn0xufdto","openid":"oT36SuOGx6-nyqE94D0npLsVWlGk","out_trade_no":"20331_20331_0713164952_9799","result_code":"SUCCESS","return_code":"SUCCESS","sign":"A34E0A1D720CDE642B92937C39AA2300","time_end":"20180713165006","total_fee":"600","trade_type":"NATIVE","transaction_id":"4200000136201807134444870471"}
[2018-07-13 18:24:15][debug] query:{"appid":"wxdbba8ae5cc57d71e","attach":"\u5145\u503c\u94bb\u77f3,\u4ef7\u503c\u4e3a600","bank_type":"CFT","cash_fee":"600","fee_type":"CNY","is_subscribe":"Y","mch_id":"1230458202","nonce_str":"pr5BrwVP4q4FcpPG","openid":"oT36SuOGx6-nyqE94D0npLsVWlGk","out_trade_no":"20331_20331_0713164952_9799","result_code":"SUCCESS","return_code":"SUCCESS","return_msg":"OK","sign":"CFBE16A4B9163F4172D772C7E3B9DA5C","time_end":"20180713165006","total_fee":"600","trade_state":"SUCCESS","trade_state_desc":"\u652f\u4ed8\u6210\u529f","trade_type":"NATIVE","transaction_id":"4200000136201807134444870471"}
[2018-07-13 18:24:15][debug] 已进入
[2018-07-13 18:24:15][debug] select * from cmf_users_charge where orderno='20331_20331_0713164952_9799' and status='0' and type='2'
[2018-07-13 18:54:17][debug] begin notify
[2018-07-13 18:54:17][debug] call back:{"appid":"wxdbba8ae5cc57d71e","attach":"\u5145\u503c\u94bb\u77f3,\u4ef7\u503c\u4e3a600","bank_type":"CFT","cash_fee":"600","fee_type":"CNY","is_subscribe":"N","mch_id":"1230458202","nonce_str":"7i9guxyczx3y79wgc91ent8tn0xufdto","openid":"oT36SuOGx6-nyqE94D0npLsVWlGk","out_trade_no":"20331_20331_0713164952_9799","result_code":"SUCCESS","return_code":"SUCCESS","sign":"A34E0A1D720CDE642B92937C39AA2300","time_end":"20180713165006","total_fee":"600","trade_type":"NATIVE","transaction_id":"4200000136201807134444870471"}
[2018-07-13 18:54:17][debug] query:{"appid":"wxdbba8ae5cc57d71e","attach":"\u5145\u503c\u94bb\u77f3,\u4ef7\u503c\u4e3a600","bank_type":"CFT","cash_fee":"600","fee_type":"CNY","is_subscribe":"Y","mch_id":"1230458202","nonce_str":"juNAos9JB33o1JfN","openid":"oT36SuOGx6-nyqE94D0npLsVWlGk","out_trade_no":"20331_20331_0713164952_9799","result_code":"SUCCESS","return_code":"SUCCESS","return_msg":"OK","sign":"D37AF32959AB07E6F87EBAD62B1A4564","time_end":"20180713165006","total_fee":"600","trade_state":"SUCCESS","trade_state_desc":"\u652f\u4ed8\u6210\u529f","trade_type":"NATIVE","transaction_id":"4200000136201807134444870471"}
[2018-07-13 18:54:17][debug] 已进入
[2018-07-13 18:54:17][debug] select * from cmf_users_charge where orderno='20331_20331_0713164952_9799' and status='0' and type='2'
[2018-07-13 19:54:18][debug] begin notify
[2018-07-13 19:54:18][debug] call back:{"appid":"wxdbba8ae5cc57d71e","attach":"\u5145\u503c\u94bb\u77f3,\u4ef7\u503c\u4e3a600","bank_type":"CFT","cash_fee":"600","fee_type":"CNY","is_subscribe":"N","mch_id":"1230458202","nonce_str":"7i9guxyczx3y79wgc91ent8tn0xufdto","openid":"oT36SuOGx6-nyqE94D0npLsVWlGk","out_trade_no":"20331_20331_0713164952_9799","result_code":"SUCCESS","return_code":"SUCCESS","sign":"A34E0A1D720CDE642B92937C39AA2300","time_end":"20180713165006","total_fee":"600","trade_type":"NATIVE","transaction_id":"4200000136201807134444870471"}
[2018-07-13 19:54:19][debug] query:{"appid":"wxdbba8ae5cc57d71e","attach":"\u5145\u503c\u94bb\u77f3,\u4ef7\u503c\u4e3a600","bank_type":"CFT","cash_fee":"600","fee_type":"CNY","is_subscribe":"Y","mch_id":"1230458202","nonce_str":"CBS7DR9qjnVokP2D","openid":"oT36SuOGx6-nyqE94D0npLsVWlGk","out_trade_no":"20331_20331_0713164952_9799","result_code":"SUCCESS","return_code":"SUCCESS","return_msg":"OK","sign":"377F6384FDAD51D1CBBCCC4AE8BCEC5F","time_end":"20180713165006","total_fee":"600","trade_state":"SUCCESS","trade_state_desc":"\u652f\u4ed8\u6210\u529f","trade_type":"NATIVE","transaction_id":"4200000136201807134444870471"}
[2018-07-13 19:54:19][debug] 已进入
[2018-07-13 19:54:19][debug] select * from cmf_users_charge where orderno='20331_20331_0713164952_9799' and status='0' and type='2'
