2018-07-28 06:31:05|DEBUG|succeed to upload file to qiniu|{"hash":"FhFs4j_06jIeAgJJwl9r-o_Lh3Ju","key":"20180728063105_6686320c1df729ab7f255cce50a6bc25"}
2018-07-28 06:54:03|DEBUG|succeed to upload file to qiniu|{"hash":"FlCupV_S9E4x2n8-29_jGihBmUFz","key":"20180728065403_242cf90da0291fe01286a95a7413d784"}
2018-07-28 10:38:45|ERROR|Live.sendGift|PDOException: BIGINT UNSIGNED value is out of range in '(`livenew`.`cmf_users`.`coin` - 13140)' in /data/wwwroot/livenew.yunbaozhibo.com/api/PhalApi/NotORM/NotORM/Result.php:240
Stack trace:
#0 /data/wwwroot/livenew.yunbaozhibo.com/api/PhalApi/NotORM/NotORM/Result.php(387): NotORM_Result->query('UPDATE cmf_user...', Array)
#1 /data/wwwroot/livenew.yunbaozhibo.com/api/Appapi/Model/Live.php(390): NotORM_Result->update(Array)
#2 /data/wwwroot/livenew.yunbaozhibo.com/api/Appapi/Domain/Live.php(114): Model_Live->sendGift(20584, 20581, '20581_153274537...', 21, 1)
#3 /data/wwwroot/livenew.yunbaozhibo.com/api/Appapi/Api/Live.php(1343): Domain_Live->sendGift(20584, 20581, '20581_153274537...', 21, 1)
#4 /data/wwwroot/livenew.yunbaozhibo.com/api/PhalApi/PhalApi.php(57): Api_Live->sendGift()
#5 /data/wwwroot/livenew.yunbaozhibo.com/api/public/index.php(14): PhalApi->response()
#6 {main}
2018-07-28 10:38:53|ERROR|Live.sendGift|PDOException: BIGINT UNSIGNED value is out of range in '(`livenew`.`cmf_users`.`coin` - 3000)' in /data/wwwroot/livenew.yunbaozhibo.com/api/PhalApi/NotORM/NotORM/Result.php:240
Stack trace:
#0 /data/wwwroot/livenew.yunbaozhibo.com/api/PhalApi/NotORM/NotORM/Result.php(387): NotORM_Result->query('UPDATE cmf_user...', Array)
#1 /data/wwwroot/livenew.yunbaozhibo.com/api/Appapi/Model/Live.php(390): NotORM_Result->update(Array)
#2 /data/wwwroot/livenew.yunbaozhibo.com/api/Appapi/Domain/Live.php(114): Model_Live->sendGift(20584, 20581, '20581_153274537...', 19, 1)
#3 /data/wwwroot/livenew.yunbaozhibo.com/api/Appapi/Api/Live.php(1343): Domain_Live->sendGift(20584, 20581, '20581_153274537...', 19, 1)
#4 /data/wwwroot/livenew.yunbaozhibo.com/api/PhalApi/PhalApi.php(57): Api_Live->sendGift()
#5 /data/wwwroot/livenew.yunbaozhibo.com/api/public/index.php(14): PhalApi->response()
#6 {main}
2018-07-28 15:47:27|DEBUG|succeed to upload file to qiniu|{"hash":"FrNueSCoPwt2fn-iOpYeFWk4BrV6","key":"20180728154727_a99886aa9946790aaab0febe9257db00"}
2018-07-28 15:49:57|DEBUG|succeed to upload file to qiniu|{"hash":"FsDAn021kvec9ip1Ycow_XJW8CXI","key":"20180728154957_bcb652762989d6ba9f053aef3bcfd367"}
2018-07-28 21:42:17|DEBUG|succeed to upload file to qiniu|{"hash":"Fp7xb_lrkDRy1EBQR9LZIXFDVUpG","key":"20180728214217_52e8c9515fdf5a67b84ad55e5495ef12"}
